2024-02-04 22:58:21 INFO translate_type - main: new run started...
2024-02-04 22:58:21 INFO translate_type - main: Translating types from Java to Python in project commons-fileupload using codellama-13b-instruct
2024-02-04 22:58:21 INFO translate_type - main: Target language version: 3.9. Translation type: simple
2024-02-04 22:58:30 INFO translate_type - main: Loaded model: codellama-13b-instruct
2024-02-04 22:58:30 INFO translate_type - main: long already translated to int
2024-02-04 22:58:30 INFO translate_type - main: java.io.ByteArrayOutputStream already translated to bytearray
2024-02-04 22:58:30 INFO translate_type - main: Util already translated to Util
2024-02-04 22:58:30 INFO translate_type - main: ****************************************************************************************************
2024-02-04 22:58:30 INFO translate_type - main: <s>Java type:
String

Python type:
str

[INST] <<SYS>>
You are an expert Python programmer and assistant.
<</SYS>>

Translate the following Java type to Python 3.9 type and write your response like the example above:

Java type:
java.util.Locale

Python type:

[/INST]
2024-02-04 22:58:30 INFO translate_type - main: ****************************************************************************************************
2024-02-04 22:58:35 INFO translate_type - main: execution error for translated type locale.Locale... trying again for java.util.Locale
2024-02-04 22:58:35 INFO translate_type - main: ****************************************************************************************************
2024-02-04 22:58:35 INFO translate_type - main: <s>Java type:
String

Python type:
str

[INST] <<SYS>>
You are an expert Python programmer and assistant.
<</SYS>>

Your previous translation attempt was incorrect. Here is the feedback:

    def main(a: locale.Locale):
NameError: name 'locale' is not defined

Translate the following Java type to Python 3.9 type and write your response like the example above:

Java type:
java.util.Locale

Python type:

[/INST]
2024-02-04 22:58:35 INFO translate_type - main: ****************************************************************************************************
2024-02-04 22:58:40 INFO translate_type - main: execution error for translated type java.util.Locale... trying again for java.util.Locale
2024-02-04 22:58:40 INFO translate_type - main: ****************************************************************************************************
2024-02-04 22:58:40 INFO translate_type - main: <s>Java type:
String

Python type:
str

[INST] <<SYS>>
You are an expert Python programmer and assistant.
<</SYS>>

Your previous translation attempt was incorrect. Here is the feedback:

    def main(a: java.util.Locale):
NameError: name 'java' is not defined

Translate the following Java type to Python 3.9 type and write your response like the example above:

Java type:
java.util.Locale

Python type:

[/INST]
2024-02-04 22:58:40 INFO translate_type - main: ****************************************************************************************************
2024-02-04 22:58:44 INFO translate_type - main: execution error for translated type java.util.Locale... trying again for java.util.Locale
2024-02-04 22:58:44 INFO translate_type - main: ****************************************************************************************************
2024-02-04 22:58:44 INFO translate_type - main: <s>Java type:
String

Python type:
str

[INST] <<SYS>>
You are an expert Python programmer and assistant.
<</SYS>>

Your previous translation attempt was incorrect. Here is the feedback:

    def main(a: java.util.Locale):
NameError: name 'java' is not defined

Translate the following Java type to Python 3.9 type and write your response like the example above:

Java type:
java.util.Locale

Python type:

[/INST]
2024-02-04 22:58:44 INFO translate_type - main: ****************************************************************************************************
2024-02-04 22:58:49 INFO translate_type - main: execution error for translated type java.util.Locale... trying again for java.util.Locale
2024-02-04 22:58:49 INFO translate_type - main: ****************************************************************************************************
2024-02-04 22:58:49 INFO translate_type - main: <s>Java type:
String

Python type:
str

[INST] <<SYS>>
You are an expert Python programmer and assistant.
<</SYS>>

Your previous translation attempt was incorrect. Here is the feedback:

    def main(a: java.util.Locale):
NameError: name 'java' is not defined

Translate the following Java type to Python 3.9 type and write your response like the example above:

Java type:
java.util.Locale

Python type:

[/INST]
2024-02-04 22:58:49 INFO translate_type - main: ****************************************************************************************************
2024-02-04 22:58:53 INFO translate_type - main: execution error for translated type java.util.Locale... trying again for java.util.Locale
2024-02-04 22:58:53 INFO translate_type - main: Failed to translate java.util.Locale... skipping
2024-02-04 22:58:53 INFO translate_type - main: java.io.ObjectOutputStream already translated to pickle
2024-02-04 22:58:53 INFO translate_type - main: java.util.Map<String,String[]> already translated to Dict[str, List[str]]
2024-02-04 22:58:53 INFO translate_type - main: java.util.ArrayList<String> already translated to List[str]
2024-02-04 22:58:53 INFO translate_type - main: java.lang.StringBuffer already translated to str
2024-02-04 22:58:53 INFO translate_type - main: ****************************************************************************************************
2024-02-04 22:58:53 INFO translate_type - main: <s>Java type:
String

Python type:
str

[INST] <<SYS>>
You are an expert Python programmer and assistant.
<</SYS>>

Translate the following Java type to Python 3.9 type and write your response like the example above:

Java type:
java.lang.Math

Python type:

[/INST]
2024-02-04 22:58:53 INFO translate_type - main: ****************************************************************************************************
2024-02-04 22:58:58 INFO translate_type - main: execution error for translated type math... trying again for java.lang.Math
2024-02-04 22:58:58 INFO translate_type - main: ****************************************************************************************************
2024-02-04 22:58:58 INFO translate_type - main: <s>Java type:
String

Python type:
str

[INST] <<SYS>>
You are an expert Python programmer and assistant.
<</SYS>>

Your previous translation attempt was incorrect. Here is the feedback:

    def main(a: math):
NameError: name 'math' is not defined

Translate the following Java type to Python 3.9 type and write your response like the example above:

Java type:
java.lang.Math

Python type:

[/INST]
2024-02-04 22:58:58 INFO translate_type - main: ****************************************************************************************************
2024-02-04 22:59:02 INFO translate_type - main: execution error for translated type math... trying again for java.lang.Math
2024-02-04 22:59:02 INFO translate_type - main: ****************************************************************************************************
2024-02-04 22:59:02 INFO translate_type - main: <s>Java type:
String

Python type:
str

[INST] <<SYS>>
You are an expert Python programmer and assistant.
<</SYS>>

Your previous translation attempt was incorrect. Here is the feedback:

    def main(a: math):
NameError: name 'math' is not defined

Translate the following Java type to Python 3.9 type and write your response like the example above:

Java type:
java.lang.Math

Python type:

[/INST]
2024-02-04 22:59:02 INFO translate_type - main: ****************************************************************************************************
2024-02-04 22:59:07 INFO translate_type - main: execution error for translated type math... trying again for java.lang.Math
2024-02-04 22:59:07 INFO translate_type - main: ****************************************************************************************************
2024-02-04 22:59:07 INFO translate_type - main: <s>Java type:
String

Python type:
str

[INST] <<SYS>>
You are an expert Python programmer and assistant.
<</SYS>>

Your previous translation attempt was incorrect. Here is the feedback:

    def main(a: math):
NameError: name 'math' is not defined

Translate the following Java type to Python 3.9 type and write your response like the example above:

Java type:
java.lang.Math

Python type:

[/INST]
2024-02-04 22:59:07 INFO translate_type - main: ****************************************************************************************************
2024-02-04 22:59:11 INFO translate_type - main: execution error for translated type math... trying again for java.lang.Math
2024-02-04 22:59:11 INFO translate_type - main: ****************************************************************************************************
2024-02-04 22:59:11 INFO translate_type - main: <s>Java type:
String

Python type:
str

[INST] <<SYS>>
You are an expert Python programmer and assistant.
<</SYS>>

Your previous translation attempt was incorrect. Here is the feedback:

    def main(a: math):
NameError: name 'math' is not defined

Translate the following Java type to Python 3.9 type and write your response like the example above:

Java type:
java.lang.Math

Python type:

[/INST]
2024-02-04 22:59:11 INFO translate_type - main: ****************************************************************************************************
2024-02-04 22:59:15 INFO translate_type - main: execution error for translated type math... trying again for java.lang.Math
2024-02-04 22:59:15 INFO translate_type - main: Failed to translate java.lang.Math... skipping
2024-02-04 22:59:15 INFO translate_type - main: void already translated to None
2024-02-04 22:59:15 INFO translate_type - main: java.io.PrintWriter already translated to io.TextIOWrapper
2024-02-04 22:59:15 INFO translate_type - main: java.util.Arrays already translated to List
2024-02-04 22:59:15 INFO translate_type - main: ****************************************************************************************************
2024-02-04 22:59:15 INFO translate_type - main: <s>Java type:
String

Python type:
str

[INST] <<SYS>>
You are an expert Python programmer and assistant.
<</SYS>>

Translate the following Java type to Python 3.9 type and write your response like the example above:

Java type:
java.util.Map<String,List<String>>

Python type:

[/INST]
2024-02-04 22:59:15 INFO translate_type - main: ****************************************************************************************************
2024-02-04 22:59:20 INFO translate_type - main: Translated java.util.Map<String,List<String>> to Dict[str, List[str]]
2024-02-04 22:59:20 INFO translate_type - main: java.util.Collections already translated to collections
2024-02-04 22:59:20 INFO translate_type - main: java.util.Iterator<String> already translated to Iterator[str]
2024-02-04 22:59:20 INFO translate_type - main: ParseException already translated to ParseException
2024-02-04 22:59:20 INFO translate_type - main: java.lang.Throwable already translated to Exception
2024-02-04 22:59:20 INFO translate_type - main: java.io.Serializable already translated to object
2024-02-04 22:59:20 INFO translate_type - main: ****************************************************************************************************
2024-02-04 22:59:20 INFO translate_type - main: <s>Java type:
String

Python type:
str

[INST] <<SYS>>
You are an expert Python programmer and assistant.
<</SYS>>

Translate the following Java type to Python 3.9 type and write your response like the example above:

Java type:
java.util.Enumeration<>

Python type:

[/INST]
2024-02-04 22:59:20 INFO translate_type - main: ****************************************************************************************************
2024-02-04 22:59:24 INFO translate_type - main: Translated java.util.Enumeration<> to collections.abc.Iterator
2024-02-04 22:59:24 INFO translate_type - main: java.lang.Long already translated to int
2024-02-04 22:59:24 INFO translate_type - main: ****************************************************************************************************
2024-02-04 22:59:24 INFO translate_type - main: <s>Java type:
String

Python type:
str

[INST] <<SYS>>
You are an expert Python programmer and assistant.
<</SYS>>

Translate the following Java type to Python 3.9 type and write your response like the example above:

Java type:
java.util.Hashtable<String,Object>

Python type:

[/INST]
2024-02-04 22:59:24 INFO translate_type - main: ****************************************************************************************************
2024-02-04 22:59:29 INFO translate_type - main: Translated java.util.Hashtable<String,Object> to Dict
2024-02-04 22:59:29 INFO translate_type - main: java.lang.Object already translated to object
2024-02-04 22:59:29 INFO translate_type - main: java.util.List<String> already translated to List[str]
2024-02-04 22:59:29 INFO translate_type - main: char already translated to str
2024-02-04 22:59:29 INFO translate_type - main: java.io.File already translated to str
2024-02-04 22:59:29 INFO translate_type - main: java.lang.IllegalStateException already translated to RuntimeError
2024-02-04 22:59:29 INFO translate_type - main: char[] already translated to List[str]
2024-02-04 22:59:29 INFO translate_type - main: ****************************************************************************************************
2024-02-04 22:59:29 INFO translate_type - main: <s>Java type:
String

Python type:
str

[INST] <<SYS>>
You are an expert Python programmer and assistant.
<</SYS>>

Translate the following Java type to Python 3.9 type and write your response like the example above:

Java type:
FileItemStream.ItemSkippedException

Python type:

[/INST]
2024-02-04 22:59:29 INFO translate_type - main: ****************************************************************************************************
2024-02-04 22:59:33 INFO translate_type - main: execution error for translated type FileItemStream.ItemSkippedException... trying again for FileItemStream.ItemSkippedException
2024-02-04 22:59:33 INFO translate_type - main: ****************************************************************************************************
2024-02-04 22:59:33 INFO translate_type - main: <s>Java type:
String

Python type:
str

[INST] <<SYS>>
You are an expert Python programmer and assistant.
<</SYS>>

Your previous translation attempt was incorrect. Here is the feedback:

    def main(a: FileItemStream.ItemSkippedException):
AttributeError: type object 'FileItemStream' has no attribute 'ItemSkippedException'

Translate the following Java type to Python 3.9 type and write your response like the example above:

Java type:
FileItemStream.ItemSkippedException

Python type:

[/INST]
2024-02-04 22:59:33 INFO translate_type - main: ****************************************************************************************************
2024-02-04 22:59:38 INFO translate_type - main: execution error for translated type FileItemStream.ItemSkippedException... trying again for FileItemStream.ItemSkippedException
2024-02-04 22:59:38 INFO translate_type - main: ****************************************************************************************************
2024-02-04 22:59:38 INFO translate_type - main: <s>Java type:
String

Python type:
str

[INST] <<SYS>>
You are an expert Python programmer and assistant.
<</SYS>>

Your previous translation attempt was incorrect. Here is the feedback:

    def main(a: FileItemStream.ItemSkippedException):
AttributeError: type object 'FileItemStream' has no attribute 'ItemSkippedException'

Translate the following Java type to Python 3.9 type and write your response like the example above:

Java type:
FileItemStream.ItemSkippedException

Python type:

[/INST]
2024-02-04 22:59:38 INFO translate_type - main: ****************************************************************************************************
2024-02-04 22:59:42 INFO translate_type - main: compile error for translated type The Java Type `FileItemStream.ItemSkippedException` is a custom exception class defined in the `FileItemStream` class. In Python, you can define a custom exception class in the same way. Here's an example:... trying again for FileItemStream.ItemSkippedException
2024-02-04 22:59:42 INFO translate_type - main: ****************************************************************************************************
2024-02-04 22:59:42 INFO translate_type - main: <s>Java type:
String

Python type:
str

[INST] <<SYS>>
You are an expert Python programmer and assistant.
<</SYS>>

Your previous translation attempt was incorrect. Here is the feedback:

The translated type The Java Type `FileItemStream.ItemSkippedException` is a custom exception class defined in the `FileItemStream` class. In Python, you can define a custom exception class in the same way. Here's an example: is syntactically incorrect in Python 3.9.



Translate the following Java type to Python 3.9 type and write your response like the example above:

Java type:
FileItemStream.ItemSkippedException

Python type:

[/INST]
2024-02-04 22:59:42 INFO translate_type - main: ****************************************************************************************************
2024-02-04 22:59:46 INFO translate_type - main: execution error for translated type FileItemStream.ItemSkippedException... trying again for FileItemStream.ItemSkippedException
2024-02-04 22:59:46 INFO translate_type - main: ****************************************************************************************************
2024-02-04 22:59:46 INFO translate_type - main: <s>Java type:
String

Python type:
str

[INST] <<SYS>>
You are an expert Python programmer and assistant.
<</SYS>>

Your previous translation attempt was incorrect. Here is the feedback:

    def main(a: FileItemStream.ItemSkippedException):
AttributeError: type object 'FileItemStream' has no attribute 'ItemSkippedException'

Translate the following Java type to Python 3.9 type and write your response like the example above:

Java type:
FileItemStream.ItemSkippedException

Python type:

[/INST]
2024-02-04 22:59:46 INFO translate_type - main: ****************************************************************************************************
2024-02-04 22:59:51 INFO translate_type - main: compile error for translated type The Java Type `FileItemStream.ItemSkippedException` is not a valid Type in Java. It looks like a typo or a mistake in the code.... trying again for FileItemStream.ItemSkippedException
2024-02-04 22:59:51 INFO translate_type - main: Failed to translate FileItemStream.ItemSkippedException... skipping
2024-02-04 22:59:51 INFO translate_type - main: java.lang.Integer already translated to int
2024-02-04 22:59:51 INFO translate_type - main: java.util.HashMap<String,String> already translated to Dict[str, str]
2024-02-04 22:59:51 INFO translate_type - main: ****************************************************************************************************
2024-02-04 22:59:51 INFO translate_type - main: <s>Java type:
String

Python type:
str

[INST] <<SYS>>
You are an expert Python programmer and assistant.
<</SYS>>

Translate the following Java type to Python 3.9 type and write your response like the example above:

Java type:
java.util.concurrent.atomic.AtomicInteger

Python type:

[/INST]
2024-02-04 22:59:51 INFO translate_type - main: ****************************************************************************************************
2024-02-04 22:59:55 INFO translate_type - main: Translated java.util.concurrent.atomic.AtomicInteger to int
2024-02-04 22:59:55 INFO translate_type - main: ****************************************************************************************************
2024-02-04 22:59:55 INFO translate_type - main: <s>Java type:
String

Python type:
str

[INST] <<SYS>>
You are an expert Python programmer and assistant.
<</SYS>>

Translate the following Java type to Python 3.9 type and write your response like the example above:

Java type:
java.io.ObjectInputStream

Python type:

[/INST]
2024-02-04 22:59:55 INFO translate_type - main: ****************************************************************************************************
2024-02-04 23:00:00 INFO translate_type - main: Translated java.io.ObjectInputStream to builtins.object
2024-02-04 23:00:00 INFO translate_type - main: java.util.Map<String,String> already translated to Dict[str, str]
2024-02-04 23:00:00 INFO translate_type - main: java.lang.String already translated to str
2024-02-04 23:00:00 INFO translate_type - main: byte already translated to int
2024-02-04 23:00:00 INFO translate_type - main: java.io.IOException already translated to IOError
2024-02-04 23:00:00 INFO translate_type - main: ****************************************************************************************************
2024-02-04 23:00:00 INFO translate_type - main: <s>Java type:
String

Python type:
str

[INST] <<SYS>>
You are an expert Python programmer and assistant.
<</SYS>>

Translate the following Java type to Python 3.9 type and write your response like the example above:

Java type:
java.util.UUID

Python type:

[/INST]
2024-02-04 23:00:00 INFO translate_type - main: ****************************************************************************************************
2024-02-04 23:00:04 INFO translate_type - main: execution error for translated type uuid.UUID... trying again for java.util.UUID
2024-02-04 23:00:04 INFO translate_type - main: ****************************************************************************************************
2024-02-04 23:00:04 INFO translate_type - main: <s>Java type:
String

Python type:
str

[INST] <<SYS>>
You are an expert Python programmer and assistant.
<</SYS>>

Your previous translation attempt was incorrect. Here is the feedback:

    def main(a: uuid.UUID):
NameError: name 'uuid' is not defined

Translate the following Java type to Python 3.9 type and write your response like the example above:

Java type:
java.util.UUID

Python type:

[/INST]
2024-02-04 23:00:04 INFO translate_type - main: ****************************************************************************************************
2024-02-04 23:00:09 INFO translate_type - main: execution error for translated type uuid.UUID... trying again for java.util.UUID
2024-02-04 23:00:09 INFO translate_type - main: ****************************************************************************************************
2024-02-04 23:00:09 INFO translate_type - main: <s>Java type:
String

Python type:
str

[INST] <<SYS>>
You are an expert Python programmer and assistant.
<</SYS>>

Your previous translation attempt was incorrect. Here is the feedback:

    def main(a: uuid.UUID):
NameError: name 'uuid' is not defined

Translate the following Java type to Python 3.9 type and write your response like the example above:

Java type:
java.util.UUID

Python type:

[/INST]
2024-02-04 23:00:09 INFO translate_type - main: ****************************************************************************************************
2024-02-04 23:00:13 INFO translate_type - main: execution error for translated type java.util.UUID... trying again for java.util.UUID
2024-02-04 23:00:13 INFO translate_type - main: ****************************************************************************************************
2024-02-04 23:00:13 INFO translate_type - main: <s>Java type:
String

Python type:
str

[INST] <<SYS>>
You are an expert Python programmer and assistant.
<</SYS>>

Your previous translation attempt was incorrect. Here is the feedback:

    def main(a: java.util.UUID):
NameError: name 'java' is not defined

Translate the following Java type to Python 3.9 type and write your response like the example above:

Java type:
java.util.UUID

Python type:

[/INST]
2024-02-04 23:00:13 INFO translate_type - main: ****************************************************************************************************
2024-02-04 23:00:17 INFO translate_type - main: execution error for translated type java.util.UUID... trying again for java.util.UUID
2024-02-04 23:00:17 INFO translate_type - main: ****************************************************************************************************
2024-02-04 23:00:17 INFO translate_type - main: <s>Java type:
String

Python type:
str

[INST] <<SYS>>
You are an expert Python programmer and assistant.
<</SYS>>

Your previous translation attempt was incorrect. Here is the feedback:

    def main(a: java.util.UUID):
NameError: name 'java' is not defined

Translate the following Java type to Python 3.9 type and write your response like the example above:

Java type:
java.util.UUID

Python type:

[/INST]
2024-02-04 23:00:17 INFO translate_type - main: ****************************************************************************************************
2024-02-04 23:00:22 INFO translate_type - main: execution error for translated type java.util.UUID... trying again for java.util.UUID
2024-02-04 23:00:22 INFO translate_type - main: Failed to translate java.util.UUID... skipping
2024-02-04 23:00:22 INFO translate_type - main: boolean already translated to bool
2024-02-04 23:00:22 INFO translate_type - main: byte[] already translated to bytes
2024-02-04 23:00:22 INFO translate_type - main: ****************************************************************************************************
2024-02-04 23:00:22 INFO translate_type - main: <s>Java type:
String

Python type:
str

[INST] <<SYS>>
You are an expert Python programmer and assistant.
<</SYS>>

Translate the following Java type to Python 3.9 type and write your response like the example above:

Java type:
java.io.UnsupportedEncodingException

Python type:

[/INST]
2024-02-04 23:00:22 INFO translate_type - main: ****************************************************************************************************
2024-02-04 23:00:26 INFO translate_type - main: compile error for translated type ```... trying again for java.io.UnsupportedEncodingException
2024-02-04 23:00:26 INFO translate_type - main: ****************************************************************************************************
2024-02-04 23:00:26 INFO translate_type - main: <s>Java type:
String

Python type:
str

[INST] <<SYS>>
You are an expert Python programmer and assistant.
<</SYS>>

Your previous translation attempt was incorrect. Here is the feedback:

The translated type ``` is syntactically incorrect in Python 3.9.



Translate the following Java type to Python 3.9 type and write your response like the example above:

Java type:
java.io.UnsupportedEncodingException

Python type:

[/INST]
2024-02-04 23:00:26 INFO translate_type - main: ****************************************************************************************************
2024-02-04 23:00:29 INFO translate_type - main: execution error for translated type java.io.UnsupportedEncodingException... trying again for java.io.UnsupportedEncodingException
2024-02-04 23:00:29 INFO translate_type - main: ****************************************************************************************************
2024-02-04 23:00:29 INFO translate_type - main: <s>Java type:
String

Python type:
str

[INST] <<SYS>>
You are an expert Python programmer and assistant.
<</SYS>>

Your previous translation attempt was incorrect. Here is the feedback:

    def main(a: java.io.UnsupportedEncodingException):
NameError: name 'java' is not defined

Translate the following Java type to Python 3.9 type and write your response like the example above:

Java type:
java.io.UnsupportedEncodingException

Python type:

[/INST]
2024-02-04 23:00:29 INFO translate_type - main: ****************************************************************************************************
2024-02-04 23:00:34 INFO translate_type - main: execution error for translated type java.io.UnsupportedEncodingException... trying again for java.io.UnsupportedEncodingException
2024-02-04 23:00:34 INFO translate_type - main: ****************************************************************************************************
2024-02-04 23:00:34 INFO translate_type - main: <s>Java type:
String

Python type:
str

[INST] <<SYS>>
You are an expert Python programmer and assistant.
<</SYS>>

Your previous translation attempt was incorrect. Here is the feedback:

    def main(a: java.io.UnsupportedEncodingException):
NameError: name 'java' is not defined

Translate the following Java type to Python 3.9 type and write your response like the example above:

Java type:
java.io.UnsupportedEncodingException

Python type:

[/INST]
2024-02-04 23:00:34 INFO translate_type - main: ****************************************************************************************************
2024-02-04 23:00:38 INFO translate_type - main: execution error for translated type java.io.UnsupportedEncodingException... trying again for java.io.UnsupportedEncodingException
2024-02-04 23:00:38 INFO translate_type - main: ****************************************************************************************************
2024-02-04 23:00:38 INFO translate_type - main: <s>Java type:
String

Python type:
str

[INST] <<SYS>>
You are an expert Python programmer and assistant.
<</SYS>>

Your previous translation attempt was incorrect. Here is the feedback:

    def main(a: java.io.UnsupportedEncodingException):
NameError: name 'java' is not defined

Translate the following Java type to Python 3.9 type and write your response like the example above:

Java type:
java.io.UnsupportedEncodingException

Python type:

[/INST]
2024-02-04 23:00:38 INFO translate_type - main: ****************************************************************************************************
2024-02-04 23:00:43 INFO translate_type - main: execution error for translated type java.io.UnsupportedEncodingException... trying again for java.io.UnsupportedEncodingException
2024-02-04 23:00:43 INFO translate_type - main: Failed to translate java.io.UnsupportedEncodingException... skipping
2024-02-04 23:00:43 INFO translate_type - main: java.lang.Exception already translated to Exception
2024-02-04 23:00:43 INFO translate_type - main: java.util.Map<> already translated to Dict
2024-02-04 23:00:43 INFO translate_type - main: java.lang.RuntimeException already translated to RuntimeError
2024-02-04 23:00:43 INFO translate_type - main: ****************************************************************************************************
2024-02-04 23:00:43 INFO translate_type - main: <s>Java type:
String

Python type:
str

[INST] <<SYS>>
You are an expert Python programmer and assistant.
<</SYS>>

Translate the following Java type to Python 3.9 type and write your response like the example above:

Java type:
MultipartStream.ProgressNotifier

Python type:

[/INST]
2024-02-04 23:00:43 INFO translate_type - main: ****************************************************************************************************
2024-02-04 23:00:47 INFO translate_type - main: compile error for translated type The `MultipartStream.ProgressNotifier` Type in Java is not directly equivalent to a Python Type. However, you can create a similar functionality in Python using a callback function.... trying again for MultipartStream.ProgressNotifier
2024-02-04 23:00:47 INFO translate_type - main: ****************************************************************************************************
2024-02-04 23:00:47 INFO translate_type - main: <s>Java type:
String

Python type:
str

[INST] <<SYS>>
You are an expert Python programmer and assistant.
<</SYS>>

Your previous translation attempt was incorrect. Here is the feedback:

The translated type The `MultipartStream.ProgressNotifier` Type in Java is not directly equivalent to a Python Type. However, you can create a similar functionality in Python using a callback function. is syntactically incorrect in Python 3.9.



Translate the following Java type to Python 3.9 type and write your response like the example above:

Java type:
MultipartStream.ProgressNotifier

Python type:

[/INST]
2024-02-04 23:00:47 INFO translate_type - main: ****************************************************************************************************
2024-02-04 23:00:52 INFO translate_type - main: Translated MultipartStream.ProgressNotifier to Callable
2024-02-04 23:00:52 INFO translate_type - main: java.lang.Byte already translated to int
2024-02-04 23:00:52 INFO translate_type - main: java.io.OutputStream already translated to io.IOBase
2024-02-04 23:00:52 INFO translate_type - main: Constants already translated to Constants
2024-02-04 23:00:52 INFO translate_type - main: java.io.BufferedReader already translated to io.BufferedReader
2024-02-04 23:00:52 INFO translate_type - main: java.lang.StringBuilder already translated to str
2024-02-04 23:00:52 INFO translate_type - main: ****************************************************************************************************
2024-02-04 23:00:52 INFO translate_type - main: <s>Java type:
String

Python type:
str

[INST] <<SYS>>
You are an expert Python programmer and assistant.
<</SYS>>

Translate the following Java type to Python 3.9 type and write your response like the example above:

Java type:
java.util.Enumeration<String>

Python type:

[/INST]
2024-02-04 23:00:52 INFO translate_type - main: ****************************************************************************************************
2024-02-04 23:00:56 INFO translate_type - main: Translated java.util.Enumeration<String> to typing.Iterable[str]
2024-02-04 23:00:56 INFO translate_type - main: java.lang.IllegalArgumentException already translated to ValueError
2024-02-04 23:00:56 INFO translate_type - main: int already translated to int
2024-02-04 23:00:56 INFO translate_type - main: java.io.ByteArrayInputStream already translated to io.BytesIO
2024-02-04 23:00:56 INFO translate_type - main: int[] already translated to List
2024-02-04 23:00:56 INFO translate_type - main: java.lang.System already translated to sys
2024-02-04 23:00:56 INFO translate_type - main: java.lang.String[] already translated to List[str]
2024-02-04 23:00:56 INFO translate_type - main: ****************************************************************************************************
2024-02-04 23:00:56 INFO translate_type - main: <s>Java type:
String

Python type:
str

[INST] <<SYS>>
You are an expert Python programmer and assistant.
<</SYS>>

Translate the following Java type to Python 3.9 type and write your response like the example above:

Java type:
java.util.Enumeration<Locale>

Python type:

[/INST]
2024-02-04 23:00:56 INFO translate_type - main: ****************************************************************************************************
2024-02-04 23:01:00 INFO translate_type - main: execution error for translated type List[Locale]... trying again for java.util.Enumeration<Locale>
2024-02-04 23:01:00 INFO translate_type - main: ****************************************************************************************************
2024-02-04 23:01:00 INFO translate_type - main: <s>Java type:
String

Python type:
str

[INST] <<SYS>>
You are an expert Python programmer and assistant.
<</SYS>>

Your previous translation attempt was incorrect. Here is the feedback:

    def main(a: List[Locale]):
NameError: name 'Locale' is not defined

Translate the following Java type to Python 3.9 type and write your response like the example above:

Java type:
java.util.Enumeration<Locale>

Python type:

[/INST]
2024-02-04 23:01:00 INFO translate_type - main: ****************************************************************************************************
2024-02-04 23:01:05 INFO translate_type - main: execution error for translated type Iterator[Locale]... trying again for java.util.Enumeration<Locale>
2024-02-04 23:01:05 INFO translate_type - main: ****************************************************************************************************
2024-02-04 23:01:05 INFO translate_type - main: <s>Java type:
String

Python type:
str

[INST] <<SYS>>
You are an expert Python programmer and assistant.
<</SYS>>

Your previous translation attempt was incorrect. Here is the feedback:

    def main(a: Iterator[Locale]):
NameError: name 'Locale' is not defined

Translate the following Java type to Python 3.9 type and write your response like the example above:

Java type:
java.util.Enumeration<Locale>

Python type:

[/INST]
2024-02-04 23:01:05 INFO translate_type - main: ****************************************************************************************************
2024-02-04 23:01:09 INFO translate_type - main: execution error for translated type Iterator[Locale]... trying again for java.util.Enumeration<Locale>
2024-02-04 23:01:09 INFO translate_type - main: ****************************************************************************************************
2024-02-04 23:01:09 INFO translate_type - main: <s>Java type:
String

Python type:
str

[INST] <<SYS>>
You are an expert Python programmer and assistant.
<</SYS>>

Your previous translation attempt was incorrect. Here is the feedback:

    def main(a: Iterator[Locale]):
NameError: name 'Locale' is not defined

Translate the following Java type to Python 3.9 type and write your response like the example above:

Java type:
java.util.Enumeration<Locale>

Python type:

[/INST]
2024-02-04 23:01:09 INFO translate_type - main: ****************************************************************************************************
2024-02-04 23:01:14 INFO translate_type - main: compile error for translated type java.util.Enumeration<Locale>... trying again for java.util.Enumeration<Locale>
2024-02-04 23:01:14 INFO translate_type - main: ****************************************************************************************************
2024-02-04 23:01:14 INFO translate_type - main: <s>Java type:
String

Python type:
str

[INST] <<SYS>>
You are an expert Python programmer and assistant.
<</SYS>>

Your previous translation attempt was incorrect. Here is the feedback:

The translated type java.util.Enumeration<Locale> is syntactically incorrect in Python 3.9.



Translate the following Java type to Python 3.9 type and write your response like the example above:

Java type:
java.util.Enumeration<Locale>

Python type:

[/INST]
2024-02-04 23:01:14 INFO translate_type - main: ****************************************************************************************************
2024-02-04 23:01:18 INFO translate_type - main: compile error for translated type java.util.Enumeration<Locale>... trying again for java.util.Enumeration<Locale>
2024-02-04 23:01:18 INFO translate_type - main: Failed to translate java.util.Enumeration<Locale>... skipping
2024-02-04 23:01:18 INFO translate_type - main: java.lang.Character already translated to str
2024-02-04 23:01:18 INFO translate_type - main: java.io.PrintStream already translated to io.TextIOWrapper
2024-02-04 23:01:18 INFO translate_type - main: ****************************************************************************************************
2024-02-04 23:01:18 INFO translate_type - main: <s>Java type:
String

Python type:
str

[INST] <<SYS>>
You are an expert Python programmer and assistant.
<</SYS>>

Translate the following Java type to Python 3.9 type and write your response like the example above:

Java type:
java.util.LinkedHashMap<String,List<String>>

Python type:

[/INST]
2024-02-04 23:01:18 INFO translate_type - main: ****************************************************************************************************
2024-02-04 23:01:22 INFO translate_type - main: Translated java.util.LinkedHashMap<String,List<String>> to Dict[str, List[str]]
2024-02-04 23:01:22 INFO translate_type - main: java.io.FilterInputStream already translated to io.BufferedReader
2024-02-04 23:01:22 INFO translate_type - main: java.io.InputStream already translated to io.BytesIO
2024-02-04 23:01:22 INFO translate_type - main: Total success: 56
2024-02-04 23:01:22 INFO translate_type - main: Total failed: 6
2024-02-04 23:01:22 INFO translate_type - main: Average attempts to overturn: 0.125
