2024-07-11 21:03:59 INFO translate_type - main: new run started...
2024-07-11 21:03:59 INFO translate_type - main: Translating types from Java to Python in project commons-exec using dummy
2024-07-11 21:03:59 INFO translate_type - main: Target language version: 3.10. Translation type: simple
2024-07-11 21:03:59 INFO translate_type - main: java.util.List<String> already translated to typing.List[str]
2024-07-11 21:03:59 INFO translate_type - main: java.util.concurrent.Executors already translated to concurrent.futures.Executor
2024-07-11 21:03:59 INFO translate_type - main: java.lang.InterruptedException already translated to typing.Union[InterruptedError, KeyboardInterrupt, asyncio.CancelledError, BlockingIOError]
2024-07-11 21:03:59 INFO translate_type - main: int[] already translated to typing.List[int]
2024-07-11 21:03:59 INFO translate_type - main: java.io.IOException already translated to typing.Union[IOError, OSError]
2024-07-11 21:03:59 INFO translate_type - main: java.lang.Runtime already translated to subprocess.Popen
2024-07-11 21:03:59 INFO translate_type - main: java.lang.String[] already translated to typing.List[str]
2024-07-11 21:03:59 INFO translate_type - main: java.time.Instant already translated to datetime.datetime
2024-07-11 21:03:59 INFO translate_type - main: java.io.Closeable already translated to io.IOBase
2024-07-11 21:03:59 INFO translate_type - main: boolean already translated to bool
2024-07-11 21:03:59 INFO translate_type - main: java.lang.Object already translated to typing.Any
2024-07-11 21:03:59 INFO translate_type - main: java.util.TreeMap<String,String> already translated to typing.Dict[str, str]
2024-07-11 21:03:59 INFO translate_type - main: java.lang.Runnable already translated to typing.Callable
2024-07-11 21:03:59 INFO translate_type - main: java.lang.IllegalArgumentException already translated to ValueError
2024-07-11 21:03:59 INFO translate_type - main: java.io.ByteArrayOutputStream already translated to typing.Union[io.BytesIO, bytearray]
2024-07-11 21:03:59 INFO translate_type - main: java.lang.StringBuffer already translated to str
2024-07-11 21:03:59 INFO translate_type - main: Builder already translated to Builder
2024-07-11 21:03:59 INFO translate_type - main: java.io.InputStream already translated to typing.Union[io.BytesIO, io.StringIO, io.BufferedReader]
2024-07-11 21:03:59 INFO translate_type - main: long already translated to int
2024-07-11 21:03:59 INFO translate_type - main: java.lang.Thread already translated to threading.Thread
2024-07-11 21:03:59 INFO translate_type - main: java.util.Map<> already translated to typing.Dict[typing.Any, typing.Any]
2024-07-11 21:03:59 INFO translate_type - main: java.lang.String already translated to str
2024-07-11 21:03:59 INFO translate_type - main: java.nio.file.Files already translated to typing.Union[os.PathLike, os.DirEntry]
2024-07-11 21:03:59 INFO translate_type - main: java.lang.Boolean already translated to bool
2024-07-11 21:03:59 INFO translate_type - main: void already translated to None
2024-07-11 21:03:59 INFO translate_type - main: java.lang.StringBuilder already translated to str
2024-07-11 21:03:59 INFO translate_type - main: K already translated to typing.Any
2024-07-11 21:03:59 INFO translate_type - main: java.lang.Exception already translated to Exception
2024-07-11 21:03:59 INFO translate_type - main: java.nio.file.Path already translated to pathlib.Path
2024-07-11 21:03:59 INFO translate_type - main: java.nio.charset.Charset already translated to str
2024-07-11 21:03:59 INFO translate_type - main: java.util.ArrayList<String> already translated to typing.List[str]
2024-07-11 21:03:59 INFO translate_type - main: java.io.OutputStream already translated to typing.Union[io.BytesIO, io.StringIO, io.BufferedWriter]
2024-07-11 21:03:59 INFO translate_type - main: java.util.concurrent.TimeUnit already translated to datetime.timedelta
2024-07-11 21:03:59 INFO translate_type - main: Executable already translated to typing.Callable
2024-07-11 21:03:59 INFO translate_type - main: java.lang.System already translated to typing.ModuleType
2024-07-11 21:03:59 INFO translate_type - main: java.util.HashMap<String,String> already translated to typing.Dict[str, str]
2024-07-11 21:03:59 INFO translate_type - main: java.util.Arrays already translated to typing.List
2024-07-11 21:03:59 INFO translate_type - main: int already translated to int
2024-07-11 21:03:59 INFO translate_type - main: CommandLineTest already translated to CommandLineTest
2024-07-11 21:03:59 INFO translate_type - main: java.util.Locale already translated to typing.Any
2024-07-11 21:03:59 INFO translate_type - main: StringUtils already translated to StringUtils
2024-07-11 21:03:59 INFO translate_type - main: java.util.HashMap<String,Object> already translated to typing.Dict[str, typing.Any]
2024-07-11 21:03:59 INFO translate_type - main: java.lang.Throwable already translated to BaseException
2024-07-11 21:03:59 INFO translate_type - main: java.util.Map<String,String> already translated to typing.Dict[str, str]
2024-07-11 21:03:59 INFO translate_type - main: java.lang.IllegalStateException already translated to RuntimeError
2024-07-11 21:03:59 INFO translate_type - main: java.lang.NullPointerException already translated to typing.Union[TypeError, AttributeError]
2024-07-11 21:03:59 INFO translate_type - main: java.util.StringTokenizer already translated to str
2024-07-11 21:03:59 INFO translate_type - main: char already translated to str
2024-07-11 21:03:59 INFO translate_type - main: java.lang.Character already translated to str
2024-07-11 21:03:59 INFO translate_type - main: java.util.Objects already translated to typing.Any
2024-07-11 21:03:59 INFO translate_type - main: java.time.Duration already translated to datetime.timedelta
2024-07-11 21:03:59 INFO translate_type - main: T already translated to typing.Any
2024-07-11 21:03:59 INFO translate_type - main: V already translated to typing.Any
2024-07-11 21:03:59 INFO translate_type - main: byte already translated to int
2024-07-11 21:03:59 INFO translate_type - main: java.io.File already translated to pathlib.Path
2024-07-11 21:03:59 INFO translate_type - main: java.lang.RuntimeException already translated to RuntimeError
2024-07-11 21:03:59 INFO translate_type - main: java.lang.Integer already translated to int
2024-07-11 21:03:59 INFO translate_type - main: java.io.BufferedReader already translated to io.BufferedReader
2024-07-11 21:03:59 INFO translate_type - main: CommandLine already translated to CommandLine
2024-07-11 21:03:59 INFO translate_type - main: java.io.PrintWriter already translated to typing.Union[io.TextIOWrapper, io.StringIO]
2024-07-11 21:03:59 INFO translate_type - main: java.util.HashMap<K,V> already translated to typing.Dict[typing.Any, typing.Any]
2024-07-11 21:03:59 INFO translate_type - main: Total success: 61
2024-07-11 21:03:59 INFO translate_type - main: Total failed: 0
2024-07-11 21:10:24 INFO translate_type - main: new run started...
2024-07-11 21:10:24 INFO translate_type - main: Translating types from Java to Python in project commons-exec using dummy
2024-07-11 21:10:24 INFO translate_type - main: Target language version: 3.10. Translation type: simple
2024-07-11 21:10:24 INFO translate_type - main: java.util.List<String> already translated to typing.List[str]
2024-07-11 21:10:54 INFO translate_type - main: new run started...
2024-07-11 21:10:54 INFO translate_type - main: Translating types from Java to Python in project commons-exec using dummy
2024-07-11 21:10:54 INFO translate_type - main: Target language version: 3.10. Translation type: simple
2024-07-11 21:10:54 INFO translate_type - main: java.util.List<String> already translated to typing.List[str]
2024-07-11 21:26:26 INFO translate_type - main: new run started...
2024-07-11 21:26:26 INFO translate_type - main: Translating types from Java to Python in project commons-exec using dummy
2024-07-11 21:26:26 INFO translate_type - main: Target language version: 3.10. Translation type: simple
2024-07-11 21:26:26 INFO translate_type - main: java.util.List<String> already translated to typing.List[str]
2024-07-11 21:26:26 INFO translate_type - main: ****************************************************************************************************
2024-07-11 21:26:26 INFO translate_type - main: Java type:
String

Python type:
str

### Instruction:
Translate the following Java type to Python 3.10 type and write your response like the example above:

Java type:
java.util.Map<String,?>

### Response:
Python type:


2024-07-11 21:26:26 INFO translate_type - main: ****************************************************************************************************
2024-07-11 21:26:27 INFO _client - _send_single_request: HTTP Request: GET https://bam-api.res.ibm.com/v2/text/generation/limits?version=2023-11-22 "HTTP/1.1 200 OK"
2024-07-11 21:26:29 INFO _client - _send_single_request: HTTP Request: POST https://bam-api.res.ibm.com/v2/text/generation?version=2024-03-19 "HTTP/1.1 200 OK"
2024-07-11 21:26:29 INFO translate_type - main: execution error for translated type Dict[str, Any]... trying again for java.util.Map<String,?>
2024-07-11 21:26:29 INFO translate_type - main: java.util.concurrent.Executors already translated to concurrent.futures.Executor
2024-07-11 21:26:29 INFO translate_type - main: java.lang.InterruptedException already translated to typing.Union[InterruptedError, KeyboardInterrupt, asyncio.CancelledError, BlockingIOError]
2024-07-11 21:26:29 INFO translate_type - main: int[] already translated to typing.List[int]
2024-07-11 21:26:29 INFO translate_type - main: ****************************************************************************************************
2024-07-11 21:26:29 INFO translate_type - main: Java type:
String

Python type:
str

Your previous translation attempt was incorrect. Here is the feedback:

    import sqlalchemy
ModuleNotFoundError: No module named 'sqlalchemy'

### Instruction:
Translate the following Java type to Python 3.10 type and write your response like the example above:

Java type:
java.util.Entry<String,String>

### Response:
Python type:


2024-07-11 21:26:29 INFO translate_type - main: ****************************************************************************************************
2024-07-11 21:26:29 INFO _client - _send_single_request: HTTP Request: GET https://bam-api.res.ibm.com/v2/text/generation/limits?version=2023-11-22 "HTTP/1.1 200 OK"
2024-07-11 21:26:57 INFO _client - _send_single_request: HTTP Request: POST https://bam-api.res.ibm.com/v2/text/generation?version=2024-03-19 "HTTP/1.1 200 OK"
2024-07-11 21:26:57 INFO translate_type - main: Failed to translate java.util.Entry<String,String>... trying again
2024-07-11 21:26:57 INFO translate_type - main: java.io.IOException already translated to typing.Union[IOError, OSError]
2024-07-11 21:26:57 INFO translate_type - main: java.lang.Runtime already translated to subprocess.Popen
2024-07-11 21:26:57 INFO translate_type - main: ****************************************************************************************************
2024-07-11 21:26:57 INFO translate_type - main: Java type:
String

Python type:
str

Your previous translation attempt was incorrect. Here is the feedback:

    import sqlalchemy
ModuleNotFoundError: No module named 'sqlalchemy'

### Instruction:
Translate the following Java type to Python 3.10 type and write your response like the example above:

Java type:
java.util.function.IntFunction<String[]>

### Response:
Python type:


2024-07-11 21:26:57 INFO translate_type - main: ****************************************************************************************************
2024-07-11 21:26:57 INFO _client - _send_single_request: HTTP Request: GET https://bam-api.res.ibm.com/v2/text/generation/limits?version=2023-11-22 "HTTP/1.1 200 OK"
2024-07-11 21:27:26 INFO _client - _send_single_request: HTTP Request: POST https://bam-api.res.ibm.com/v2/text/generation?version=2024-03-19 "HTTP/1.1 200 OK"
2024-07-11 21:27:26 INFO translate_type - main: compile error for translated type from typing import Callable

IntFunction = Callable[[int], List[str]]... trying again for java.util.function.IntFunction<String[]>
2024-07-11 21:27:26 INFO translate_type - main: ****************************************************************************************************
2024-07-11 21:27:26 INFO translate_type - main: Java type:
String

Python type:
str

Your previous translation attempt was incorrect. Here is the feedback:

The translated type from typing import Callable

IntFunction = Callable[[int], List[str]] is syntactically incorrect in Python 3.10.



### Instruction:
Translate the following Java type to Python 3.10 type and write your response like the example above:

Java type:
Builder<T>

### Response:
Python type:


2024-07-11 21:27:26 INFO translate_type - main: ****************************************************************************************************
2024-07-11 21:27:26 INFO _client - _send_single_request: HTTP Request: GET https://bam-api.res.ibm.com/v2/text/generation/limits?version=2023-11-22 "HTTP/1.1 200 OK"
2024-07-11 21:27:54 INFO _client - _send_single_request: HTTP Request: POST https://bam-api.res.ibm.com/v2/text/generation?version=2024-03-19 "HTTP/1.1 200 OK"
2024-07-11 21:27:54 INFO translate_type - main: Failed to translate Builder<T>... trying again
2024-07-11 21:27:54 INFO translate_type - main: java.lang.String[] already translated to typing.List[str]
2024-07-11 21:27:54 INFO translate_type - main: java.time.Instant already translated to datetime.datetime
2024-07-11 21:27:54 INFO translate_type - main: java.io.Closeable already translated to io.IOBase
2024-07-11 21:27:54 INFO translate_type - main: ****************************************************************************************************
2024-07-11 21:27:54 INFO translate_type - main: Java type:
String

Python type:
str

Your previous translation attempt was incorrect. Here is the feedback:

The translated type from typing import Callable

IntFunction = Callable[[int], List[str]] is syntactically incorrect in Python 3.10.



### Instruction:
Translate the following Java type to Python 3.10 type and write your response like the example above:

Java type:
java.util.Vector<Argument>

### Response:
Python type:


2024-07-11 21:27:54 INFO translate_type - main: ****************************************************************************************************
2024-07-11 21:27:55 INFO _client - _send_single_request: HTTP Request: GET https://bam-api.res.ibm.com/v2/text/generation/limits?version=2023-11-22 "HTTP/1.1 200 OK"
2024-07-11 21:27:56 INFO _client - _send_single_request: HTTP Request: POST https://bam-api.res.ibm.com/v2/text/generation?version=2024-03-19 "HTTP/1.1 200 OK"
2024-07-11 21:27:56 INFO translate_type - main: Failed to translate java.util.Vector<Argument>... trying again
2024-07-11 21:27:56 INFO translate_type - main: Failed to translate java.util.Vector<Argument>... skipping
2024-07-11 21:27:56 INFO translate_type - main: java.lang.Object already translated to typing.Any
2024-07-11 21:27:56 INFO translate_type - main: java.util.TreeMap<String,String> already translated to typing.Dict[str, str]
2024-07-11 21:27:56 INFO translate_type - main: java.lang.Runnable already translated to typing.Callable
2024-07-11 21:27:56 INFO translate_type - main: ****************************************************************************************************
2024-07-11 21:27:56 INFO translate_type - main: Java type:
String

Python type:
str

### Instruction:
Translate the following Java type to Python 3.10 type and write your response like the example above:

Java type:
Builder<?>

### Response:
Python type:


2024-07-11 21:27:56 INFO translate_type - main: ****************************************************************************************************
2024-07-11 21:27:56 INFO _client - _send_single_request: HTTP Request: GET https://bam-api.res.ibm.com/v2/text/generation/limits?version=2023-11-22 "HTTP/1.1 200 OK"
2024-07-11 21:27:57 INFO _client - _send_single_request: HTTP Request: POST https://bam-api.res.ibm.com/v2/text/generation?version=2024-03-19 "HTTP/1.1 200 OK"
2024-07-11 21:27:57 INFO translate_type - main: Failed to translate Builder<?>... trying again
2024-07-11 21:27:57 INFO translate_type - main: java.lang.IllegalArgumentException already translated to ValueError
2024-07-11 21:27:57 INFO translate_type - main: ****************************************************************************************************
2024-07-11 21:27:57 INFO translate_type - main: Java type:
String

Python type:
str

### Instruction:
Translate the following Java type to Python 3.10 type and write your response like the example above:

Java type:
java.lang.Process

### Response:
Python type:


2024-07-11 21:27:57 INFO translate_type - main: ****************************************************************************************************
2024-07-11 21:27:57 INFO _client - _send_single_request: HTTP Request: GET https://bam-api.res.ibm.com/v2/text/generation/limits?version=2023-11-22 "HTTP/1.1 200 OK"
2024-07-11 21:27:58 INFO _client - _send_single_request: HTTP Request: POST https://bam-api.res.ibm.com/v2/text/generation?version=2024-03-19 "HTTP/1.1 200 OK"
2024-07-11 21:27:58 INFO translate_type - main: Failed to translate java.lang.Process... trying again
2024-07-11 21:27:58 INFO translate_type - main: ****************************************************************************************************
2024-07-11 21:27:58 INFO translate_type - main: Java type:
String

Python type:
str

### Instruction:
Translate the following Java type to Python 3.10 type and write your response like the example above:

Java type:
java.util.Vector<Process>

### Response:
Python type:


2024-07-11 21:27:58 INFO translate_type - main: ****************************************************************************************************
2024-07-11 21:27:58 INFO _client - _send_single_request: HTTP Request: GET https://bam-api.res.ibm.com/v2/text/generation/limits?version=2023-11-22 "HTTP/1.1 200 OK"
2024-07-11 21:28:00 INFO _client - _send_single_request: HTTP Request: POST https://bam-api.res.ibm.com/v2/text/generation?version=2024-03-19 "HTTP/1.1 200 OK"
2024-07-11 21:28:00 INFO translate_type - main: compile error for translated type from typing import List

List[Process]... trying again for java.util.Vector<Process>
2024-07-11 21:28:00 INFO translate_type - main: java.io.ByteArrayOutputStream already translated to typing.Union[io.BytesIO, bytearray]
2024-07-11 21:28:00 INFO translate_type - main: java.lang.StringBuffer already translated to str
2024-07-11 21:28:00 INFO translate_type - main: ****************************************************************************************************
2024-07-11 21:28:00 INFO translate_type - main: Java type:
String

Python type:
str

Your previous translation attempt was incorrect. Here is the feedback:

The translated type from typing import List

List[Process] is syntactically incorrect in Python 3.10.



### Instruction:
Translate the following Java type to Python 3.10 type and write your response like the example above:

Java type:
java.util.function.Supplier<Watchdog>

### Response:
Python type:


2024-07-11 21:28:00 INFO translate_type - main: ****************************************************************************************************
2024-07-11 21:28:00 INFO _client - _send_single_request: HTTP Request: GET https://bam-api.res.ibm.com/v2/text/generation/limits?version=2023-11-22 "HTTP/1.1 200 OK"
2024-07-11 21:28:28 INFO _client - _send_single_request: HTTP Request: POST https://bam-api.res.ibm.com/v2/text/generation?version=2024-03-19 "HTTP/1.1 200 OK"
2024-07-11 21:28:29 INFO translate_type - main: compile error for translated type from typing import Callable

Supplier = Callable[[], Watchdog]... trying again for java.util.function.Supplier<Watchdog>
2024-07-11 21:28:29 INFO translate_type - main: Builder already translated to Builder
2024-07-11 21:28:29 INFO translate_type - main: java.io.InputStream already translated to typing.Union[io.BytesIO, io.StringIO, io.BufferedReader]
2024-07-11 21:28:29 INFO translate_type - main: long already translated to int
2024-07-11 21:28:29 INFO translate_type - main: java.lang.Thread already translated to threading.Thread
2024-07-11 21:28:29 INFO translate_type - main: java.util.Map<> already translated to typing.Dict[typing.Any, typing.Any]
2024-07-11 21:28:29 INFO translate_type - main: java.lang.String already translated to str
2024-07-11 21:28:29 INFO translate_type - main: java.nio.file.Files already translated to typing.Union[os.PathLike, os.DirEntry]
2024-07-11 21:28:29 INFO translate_type - main: java.lang.Boolean already translated to bool
2024-07-11 21:28:29 INFO translate_type - main: ****************************************************************************************************
2024-07-11 21:28:29 INFO translate_type - main: Java type:
String

Python type:
str

Your previous translation attempt was incorrect. Here is the feedback:

The translated type from typing import Callable

Supplier = Callable[[], Watchdog] is syntactically incorrect in Python 3.10.



### Instruction:
Translate the following Java type to Python 3.10 type and write your response like the example above:

Java type:
java.util.function.Consumer<TimeoutObserver>

### Response:
Python type:


2024-07-11 21:28:29 INFO translate_type - main: ****************************************************************************************************
2024-07-11 21:28:29 INFO _client - _send_single_request: HTTP Request: GET https://bam-api.res.ibm.com/v2/text/generation/limits?version=2023-11-22 "HTTP/1.1 200 OK"
2024-07-11 21:28:57 INFO _client - _send_single_request: HTTP Request: POST https://bam-api.res.ibm.com/v2/text/generation?version=2024-03-19 "HTTP/1.1 200 OK"
2024-07-11 21:28:57 INFO translate_type - main: Failed to translate java.util.function.Consumer<TimeoutObserver>... trying again
2024-07-11 21:28:57 INFO translate_type - main: Failed to translate java.util.function.Consumer<TimeoutObserver>... skipping
2024-07-11 21:28:57 INFO translate_type - main: ****************************************************************************************************
2024-07-11 21:28:57 INFO translate_type - main: Java type:
String

Python type:
str

### Instruction:
Translate the following Java type to Python 3.10 type and write your response like the example above:

Java type:
java.util.concurrent.ThreadFactory

### Response:
Python type:


2024-07-11 21:28:57 INFO translate_type - main: ****************************************************************************************************
2024-07-11 21:28:57 INFO _client - _send_single_request: HTTP Request: GET https://bam-api.res.ibm.com/v2/text/generation/limits?version=2023-11-22 "HTTP/1.1 200 OK"
2024-07-11 21:29:04 INFO _client - _send_single_request: HTTP Request: POST https://bam-api.res.ibm.com/v2/text/generation?version=2024-03-19 "HTTP/1.1 200 OK"
2024-07-11 21:29:04 INFO translate_type - main: compile error for translated type import threading

class CustomThreadFactory:
    def __init__(self, name_prefix):
        self.name_prefix = name_prefix
        self.counter = 0

    def newThread(self, target, *args):
        thread_name = f"{self.name_prefix}-{self.counter}"
        self.counter += 1
        return threading.Thread(target=target, name=thread_name, args=args)... trying again for java.util.concurrent.ThreadFactory
2024-07-11 21:29:04 INFO translate_type - main: ****************************************************************************************************
2024-07-11 21:29:04 INFO translate_type - main: Java type:
String

Python type:
str

Your previous translation attempt was incorrect. Here is the feedback:

The translated type import threading

class CustomThreadFactory:
    def __init__(self, name_prefix):
        self.name_prefix = name_prefix
        self.counter = 0

    def newThread(self, target, *args):
        thread_name = f"{self.name_prefix}-{self.counter}"
        self.counter += 1
        return threading.Thread(target=target, name=thread_name, args=args) is syntactically incorrect in Python 3.10.



### Instruction:
Translate the following Java type to Python 3.10 type and write your response like the example above:

Java type:
java.util.Map<? super String,?>

### Response:
Python type:


2024-07-11 21:29:04 INFO translate_type - main: ****************************************************************************************************
2024-07-11 21:29:04 INFO _client - _send_single_request: HTTP Request: GET https://bam-api.res.ibm.com/v2/text/generation/limits?version=2023-11-22 "HTTP/1.1 200 OK"
2024-07-11 21:29:06 INFO _client - _send_single_request: HTTP Request: POST https://bam-api.res.ibm.com/v2/text/generation?version=2024-03-19 "HTTP/1.1 200 OK"
2024-07-11 21:29:06 INFO translate_type - main: compile error for translated type from typing import Mapping

Map: Mapping[str, object]... trying again for java.util.Map<? super String,?>
2024-07-11 21:29:06 INFO translate_type - main: java.lang.StringBuilder already translated to str
2024-07-11 21:29:06 INFO translate_type - main: K already translated to typing.Any
2024-07-11 21:29:06 INFO translate_type - main: java.lang.Exception already translated to Exception
2024-07-11 21:29:06 INFO translate_type - main: java.nio.file.Path already translated to pathlib.Path
2024-07-11 21:29:06 INFO translate_type - main: java.nio.charset.Charset already translated to str
2024-07-11 21:29:06 INFO translate_type - main: java.util.ArrayList<String> already translated to typing.List[str]
2024-07-11 21:29:06 INFO translate_type - main: java.io.OutputStream already translated to typing.Union[io.BytesIO, io.StringIO, io.BufferedWriter]
2024-07-11 21:29:06 INFO translate_type - main: ****************************************************************************************************
2024-07-11 21:29:06 INFO translate_type - main: Java type:
String

Python type:
str

Your previous translation attempt was incorrect. Here is the feedback:

The translated type from typing import Mapping

Map: Mapping[str, object] is syntactically incorrect in Python 3.10.



### Instruction:
Translate the following Java type to Python 3.10 type and write your response like the example above:

Java type:
java.util.Map<String,File>

### Response:
Python type:


2024-07-11 21:29:06 INFO translate_type - main: ****************************************************************************************************
2024-07-11 21:29:06 INFO _client - _send_single_request: HTTP Request: GET https://bam-api.res.ibm.com/v2/text/generation/limits?version=2023-11-22 "HTTP/1.1 200 OK"
2024-07-11 21:29:08 INFO _client - _send_single_request: HTTP Request: POST https://bam-api.res.ibm.com/v2/text/generation?version=2024-03-19 "HTTP/1.1 200 OK"
2024-07-11 21:29:08 INFO translate_type - main: compile error for translated type from typing import Mapping
from pathlib import Path

Map: Mapping[str, Path]... trying again for java.util.Map<String,File>
2024-07-11 21:29:08 INFO translate_type - main: java.util.concurrent.TimeUnit already translated to datetime.timedelta
2024-07-11 21:29:08 INFO translate_type - main: Executable already translated to typing.Callable
2024-07-11 21:29:08 INFO translate_type - main: java.lang.System already translated to typing.ModuleType
2024-07-11 21:29:08 INFO translate_type - main: java.util.HashMap<String,String> already translated to typing.Dict[str, str]
2024-07-11 21:29:08 INFO translate_type - main: java.util.Arrays already translated to typing.List
2024-07-11 21:29:08 INFO translate_type - main: ****************************************************************************************************
2024-07-11 21:29:08 INFO translate_type - main: Java type:
String

Python type:
str

Your previous translation attempt was incorrect. Here is the feedback:

The translated type from typing import Mapping
from pathlib import Path

Map: Mapping[str, Path] is syntactically incorrect in Python 3.10.



### Instruction:
Translate the following Java type to Python 3.10 type and write your response like the example above:

Java type:
Ljava.lang.String[]

### Response:
Python type:


2024-07-11 21:29:08 INFO translate_type - main: ****************************************************************************************************
2024-07-11 21:29:09 INFO _client - _send_single_request: HTTP Request: GET https://bam-api.res.ibm.com/v2/text/generation/limits?version=2023-11-22 "HTTP/1.1 200 OK"
2024-07-11 21:29:37 INFO _client - _send_single_request: HTTP Request: POST https://bam-api.res.ibm.com/v2/text/generation?version=2024-03-19 "HTTP/1.1 200 OK"
2024-07-11 21:29:37 INFO translate_type - main: Failed to translate Ljava.lang.String[]... trying again
2024-07-11 21:29:37 INFO translate_type - main: ****************************************************************************************************
2024-07-11 21:29:37 INFO translate_type - main: Java type:
String

Python type:
str

Your previous translation attempt was incorrect. Here is the feedback:

The translated type from typing import Mapping
from pathlib import Path

Map: Mapping[str, Path] is syntactically incorrect in Python 3.10.



### Instruction:
Translate the following Java type to Python 3.10 type and write your response like the example above:

Java type:
java.io.PipedOutputStream

### Response:
Python type:


2024-07-11 21:29:37 INFO translate_type - main: ****************************************************************************************************
2024-07-11 21:29:37 INFO _client - _send_single_request: HTTP Request: GET https://bam-api.res.ibm.com/v2/text/generation/limits?version=2023-11-22 "HTTP/1.1 200 OK"
2024-07-11 21:29:43 INFO _client - _send_single_request: HTTP Request: POST https://bam-api.res.ibm.com/v2/text/generation?version=2024-03-19 "HTTP/1.1 200 OK"
2024-07-11 21:29:43 INFO translate_type - main: compile error for translated type import io

# Create a BytesIO object
output_stream = io.BytesIO()

# Write to the stream
output_stream.write(b'Hello, world')

# Get the value of the stream
print(output_stream.getvalue())  # b'Hello, world'... trying again for java.io.PipedOutputStream
2024-07-11 21:29:43 INFO translate_type - main: Failed to translate java.io.PipedOutputStream... skipping
2024-07-11 21:29:43 INFO translate_type - main: ****************************************************************************************************
2024-07-11 21:29:43 INFO translate_type - main: Java type:
String

Python type:
str

### Instruction:
Translate the following Java type to Python 3.10 type and write your response like the example above:

Java type:
java.util.function.Supplier<ExecuteWatchdog>

### Response:
Python type:


2024-07-11 21:29:43 INFO translate_type - main: ****************************************************************************************************
2024-07-11 21:29:43 INFO _client - _send_single_request: HTTP Request: GET https://bam-api.res.ibm.com/v2/text/generation/limits?version=2023-11-22 "HTTP/1.1 200 OK"
2024-07-11 21:29:46 INFO _client - _send_single_request: HTTP Request: POST https://bam-api.res.ibm.com/v2/text/generation?version=2024-03-19 "HTTP/1.1 200 OK"
2024-07-11 21:29:46 INFO translate_type - main: compile error for translated type from typing import Callable

def execute_watchdog() -> ExecuteWatchdog:
    pass

Supplier: Callable[[], ExecuteWatchdog] = execute_watchdog... trying again for java.util.function.Supplier<ExecuteWatchdog>
2024-07-11 21:29:46 INFO translate_type - main: int already translated to int
2024-07-11 21:29:46 INFO translate_type - main: ****************************************************************************************************
2024-07-11 21:29:46 INFO translate_type - main: Java type:
String

Python type:
str

Your previous translation attempt was incorrect. Here is the feedback:

The translated type from typing import Callable

def execute_watchdog() -> ExecuteWatchdog:
    pass

Supplier: Callable[[], ExecuteWatchdog] = execute_watchdog is syntactically incorrect in Python 3.10.



### Instruction:
Translate the following Java type to Python 3.10 type and write your response like the example above:

Java type:
java.util.function.Consumer<Process>

### Response:
Python type:


2024-07-11 21:29:46 INFO translate_type - main: ****************************************************************************************************
2024-07-11 21:29:46 INFO _client - _send_single_request: HTTP Request: GET https://bam-api.res.ibm.com/v2/text/generation/limits?version=2023-11-22 "HTTP/1.1 200 OK"
2024-07-11 21:29:49 INFO _client - _send_single_request: HTTP Request: POST https://bam-api.res.ibm.com/v2/text/generation?version=2024-03-19 "HTTP/1.1 200 OK"
2024-07-11 21:29:49 INFO translate_type - main: compile error for translated type from typing import Callable

Consumer[Process]... trying again for java.util.function.Consumer<Process>
2024-07-11 21:29:49 INFO translate_type - main: ****************************************************************************************************
2024-07-11 21:29:49 INFO translate_type - main: Java type:
String

Python type:
str

Your previous translation attempt was incorrect. Here is the feedback:

The translated type from typing import Callable

Consumer[Process] is syntactically incorrect in Python 3.10.



### Instruction:
Translate the following Java type to Python 3.10 type and write your response like the example above:

Java type:
java.util.function.Supplier<String>

### Response:
Python type:


2024-07-11 21:29:49 INFO translate_type - main: ****************************************************************************************************
2024-07-11 21:29:49 INFO _client - _send_single_request: HTTP Request: GET https://bam-api.res.ibm.com/v2/text/generation/limits?version=2023-11-22 "HTTP/1.1 200 OK"
2024-07-11 21:30:24 INFO _client - _send_single_request: HTTP Request: POST https://bam-api.res.ibm.com/v2/text/generation?version=2024-03-19 "HTTP/1.1 200 OK"
2024-07-11 21:30:24 INFO translate_type - main: compile error for translated type from typing import Callable

Supplier: Callable[[], str]... trying again for java.util.function.Supplier<String>
2024-07-11 21:30:24 INFO translate_type - main: CommandLineTest already translated to CommandLineTest
2024-07-11 21:30:24 INFO translate_type - main: java.util.Locale already translated to typing.Any
2024-07-11 21:30:24 INFO translate_type - main: ****************************************************************************************************
2024-07-11 21:30:24 INFO translate_type - main: Java type:
String

Python type:
str

Your previous translation attempt was incorrect. Here is the feedback:

The translated type from typing import Callable

Supplier: Callable[[], str] is syntactically incorrect in Python 3.10.



### Instruction:
Translate the following Java type to Python 3.10 type and write your response like the example above:

Java type:
java.util.Map<String,V>

### Response:
Python type:


2024-07-11 21:30:24 INFO translate_type - main: ****************************************************************************************************
2024-07-11 21:30:24 INFO _client - _send_single_request: HTTP Request: GET https://bam-api.res.ibm.com/v2/text/generation/limits?version=2023-11-22 "HTTP/1.1 200 OK"
2024-07-11 21:30:57 INFO _client - _send_single_request: HTTP Request: POST https://bam-api.res.ibm.com/v2/text/generation?version=2024-03-19 "HTTP/1.1 200 OK"
2024-07-11 21:30:57 INFO translate_type - main: compile error for translated type from typing import TypeVar, Dict

Any = TypeVar('Any')
Map: Dict[str, Any]... trying again for java.util.Map<String,V>
2024-07-11 21:30:57 INFO translate_type - main: ****************************************************************************************************
2024-07-11 21:30:57 INFO translate_type - main: Java type:
String

Python type:
str

Your previous translation attempt was incorrect. Here is the feedback:

The translated type from typing import TypeVar, Dict

Any = TypeVar('Any')
Map: Dict[str, Any] is syntactically incorrect in Python 3.10.



### Instruction:
Translate the following Java type to Python 3.10 type and write your response like the example above:

Java type:
DefaultExecutor.Builder<Builder>

### Response:
Python type:


2024-07-11 21:30:57 INFO translate_type - main: ****************************************************************************************************
2024-07-11 21:30:57 INFO _client - _send_single_request: HTTP Request: GET https://bam-api.res.ibm.com/v2/text/generation/limits?version=2023-11-22 "HTTP/1.1 200 OK"
2024-07-11 21:31:01 INFO _client - _send_single_request: HTTP Request: POST https://bam-api.res.ibm.com/v2/text/generation?version=2024-03-19 "HTTP/1.1 200 OK"
2024-07-11 21:31:01 INFO translate_type - main: Failed to translate DefaultExecutor.Builder<Builder>... trying again
2024-07-11 21:31:01 INFO translate_type - main: Failed to translate DefaultExecutor.Builder<Builder>... skipping
2024-07-11 21:31:01 INFO translate_type - main: StringUtils already translated to StringUtils
2024-07-11 21:31:01 INFO translate_type - main: java.util.HashMap<String,Object> already translated to typing.Dict[str, typing.Any]
2024-07-11 21:31:01 INFO translate_type - main: ****************************************************************************************************
2024-07-11 21:31:01 INFO translate_type - main: Java type:
String

Python type:
str

### Instruction:
Translate the following Java type to Python 3.10 type and write your response like the example above:

Java type:
java.lang.IllegalThreadStateException

### Response:
Python type:


2024-07-11 21:31:01 INFO translate_type - main: ****************************************************************************************************
2024-07-11 21:31:01 INFO _client - _send_single_request: HTTP Request: GET https://bam-api.res.ibm.com/v2/text/generation/limits?version=2023-11-22 "HTTP/1.1 200 OK"
2024-07-11 21:31:02 INFO _client - _send_single_request: HTTP Request: POST https://bam-api.res.ibm.com/v2/text/generation?version=2024-03-19 "HTTP/1.1 200 OK"
2024-07-11 21:31:03 INFO translate_type - main: execution error for translated type Exception... trying again for java.lang.IllegalThreadStateException
2024-07-11 21:31:03 INFO translate_type - main: java.lang.Throwable already translated to BaseException
2024-07-11 21:31:03 INFO translate_type - main: ****************************************************************************************************
2024-07-11 21:31:03 INFO translate_type - main: Java type:
String

Python type:
str

Your previous translation attempt was incorrect. Here is the feedback:

    import sqlalchemy
ModuleNotFoundError: No module named 'sqlalchemy'

### Instruction:
Translate the following Java type to Python 3.10 type and write your response like the example above:

Java type:
java.util.function.Function<Entry<String,String>,String>

### Response:
Python type:


2024-07-11 21:31:03 INFO translate_type - main: ****************************************************************************************************
2024-07-11 21:31:03 INFO _client - _send_single_request: HTTP Request: GET https://bam-api.res.ibm.com/v2/text/generation/limits?version=2023-11-22 "HTTP/1.1 200 OK"
2024-07-11 21:31:36 INFO _client - _send_single_request: HTTP Request: POST https://bam-api.res.ibm.com/v2/text/generation?version=2024-03-19 "HTTP/1.1 200 OK"
2024-07-11 21:31:36 INFO translate_type - main: compile error for translated type from typing import Callable
from typing import Tuple

Callable[[Tuple[str, str]], str]... trying again for java.util.function.Function<Entry<String,String>,String>
2024-07-11 21:31:36 INFO translate_type - main: java.util.Map<String,String> already translated to typing.Dict[str, str]
2024-07-11 21:31:36 INFO translate_type - main: java.lang.IllegalStateException already translated to RuntimeError
2024-07-11 21:31:36 INFO translate_type - main: java.lang.NullPointerException already translated to typing.Union[TypeError, AttributeError]
2024-07-11 21:31:36 INFO translate_type - main: java.util.StringTokenizer already translated to str
2024-07-11 21:31:36 INFO translate_type - main: char already translated to str
2024-07-11 21:31:36 INFO translate_type - main: ****************************************************************************************************
2024-07-11 21:31:36 INFO translate_type - main: Java type:
String

Python type:
str

Your previous translation attempt was incorrect. Here is the feedback:

The translated type from typing import Callable
from typing import Tuple

Callable[[Tuple[str, str]], str] is syntactically incorrect in Python 3.10.



### Instruction:
Translate the following Java type to Python 3.10 type and write your response like the example above:

Java type:
java.util.HashMap<String,?>

### Response:
Python type:


2024-07-11 21:31:36 INFO translate_type - main: ****************************************************************************************************
2024-07-11 21:31:36 INFO _client - _send_single_request: HTTP Request: GET https://bam-api.res.ibm.com/v2/text/generation/limits?version=2023-11-22 "HTTP/1.1 200 OK"
2024-07-11 21:32:09 INFO _client - _send_single_request: HTTP Request: POST https://bam-api.res.ibm.com/v2/text/generation?version=2024-03-19 "HTTP/1.1 200 OK"
2024-07-11 21:32:09 INFO translate_type - main: Failed to translate java.util.HashMap<String,?>... trying again
2024-07-11 21:32:09 INFO translate_type - main: ****************************************************************************************************
2024-07-11 21:32:09 INFO translate_type - main: Java type:
String

Python type:
str

Your previous translation attempt was incorrect. Here is the feedback:

The translated type from typing import Callable
from typing import Tuple

Callable[[Tuple[str, str]], str] is syntactically incorrect in Python 3.10.



### Instruction:
Translate the following Java type to Python 3.10 type and write your response like the example above:

Java type:
java.io.PipedInputStream

### Response:
Python type:


2024-07-11 21:32:09 INFO translate_type - main: ****************************************************************************************************
2024-07-11 21:32:09 INFO _client - _send_single_request: HTTP Request: GET https://bam-api.res.ibm.com/v2/text/generation/limits?version=2023-11-22 "HTTP/1.1 200 OK"
2024-07-11 21:32:13 INFO _client - _send_single_request: HTTP Request: POST https://bam-api.res.ibm.com/v2/text/generation?version=2024-03-19 "HTTP/1.1 200 OK"
2024-07-11 21:32:13 INFO translate_type - main: Failed to translate java.io.PipedInputStream... trying again
2024-07-11 21:32:13 INFO translate_type - main: java.lang.Character already translated to str
2024-07-11 21:32:13 INFO translate_type - main: java.util.Objects already translated to typing.Any
2024-07-11 21:32:13 INFO translate_type - main: ****************************************************************************************************
2024-07-11 21:32:13 INFO translate_type - main: Java type:
String

Python type:
str

Your previous translation attempt was incorrect. Here is the feedback:

The translated type from typing import Callable
from typing import Tuple

Callable[[Tuple[str, str]], str] is syntactically incorrect in Python 3.10.



### Instruction:
Translate the following Java type to Python 3.10 type and write your response like the example above:

Java type:
java.util.Comparator<String>

### Response:
Python type:


2024-07-11 21:32:13 INFO translate_type - main: ****************************************************************************************************
2024-07-11 21:32:13 INFO _client - _send_single_request: HTTP Request: GET https://bam-api.res.ibm.com/v2/text/generation/limits?version=2023-11-22 "HTTP/1.1 200 OK"
2024-07-11 21:32:42 INFO _client - _send_single_request: HTTP Request: POST https://bam-api.res.ibm.com/v2/text/generation?version=2024-03-19 "HTTP/1.1 200 OK"
2024-07-11 21:32:42 INFO translate_type - main: Failed to translate java.util.Comparator<String>... trying again
2024-07-11 21:32:42 INFO translate_type - main: Failed to translate java.util.Comparator<String>... skipping
2024-07-11 21:32:42 INFO translate_type - main: ****************************************************************************************************
2024-07-11 21:32:42 INFO translate_type - main: Java type:
String

Python type:
str

### Instruction:
Translate the following Java type to Python 3.10 type and write your response like the example above:

Java type:
java.util.concurrent.TimeoutException

### Response:
Python type:


2024-07-11 21:32:42 INFO translate_type - main: ****************************************************************************************************
2024-07-11 21:32:42 INFO _client - _send_single_request: HTTP Request: GET https://bam-api.res.ibm.com/v2/text/generation/limits?version=2023-11-22 "HTTP/1.1 200 OK"
2024-07-11 21:32:42 INFO _client - _send_single_request: HTTP Request: POST https://bam-api.res.ibm.com/v2/text/generation?version=2024-03-19 "HTTP/1.1 200 OK"
2024-07-11 21:32:42 INFO translate_type - main: execution error for translated type concurrent.futures.TimeoutError... trying again for java.util.concurrent.TimeoutException
2024-07-11 21:32:42 INFO translate_type - main: ****************************************************************************************************
2024-07-11 21:32:42 INFO translate_type - main: Java type:
String

Python type:
str

Your previous translation attempt was incorrect. Here is the feedback:

    import sqlalchemy
ModuleNotFoundError: No module named 'sqlalchemy'

### Instruction:
Translate the following Java type to Python 3.10 type and write your response like the example above:

Java type:
java.util.Map<K,V>

### Response:
Python type:


2024-07-11 21:32:42 INFO translate_type - main: ****************************************************************************************************
2024-07-11 21:32:42 INFO _client - _send_single_request: HTTP Request: GET https://bam-api.res.ibm.com/v2/text/generation/limits?version=2023-11-22 "HTTP/1.1 200 OK"
2024-07-11 21:33:11 INFO _client - _send_single_request: HTTP Request: POST https://bam-api.res.ibm.com/v2/text/generation?version=2024-03-19 "HTTP/1.1 200 OK"
2024-07-11 21:33:11 INFO translate_type - main: Failed to translate java.util.Map<K,V>... trying again
2024-07-11 21:33:11 INFO translate_type - main: java.time.Duration already translated to datetime.timedelta
2024-07-11 21:33:11 INFO translate_type - main: T already translated to typing.Any
2024-07-11 21:33:11 INFO translate_type - main: ****************************************************************************************************
2024-07-11 21:33:11 INFO translate_type - main: Java type:
String

Python type:
str

Your previous translation attempt was incorrect. Here is the feedback:

    import sqlalchemy
ModuleNotFoundError: No module named 'sqlalchemy'

### Instruction:
Translate the following Java type to Python 3.10 type and write your response like the example above:

Java type:
java.util.HashMap<String,File>

### Response:
Python type:


2024-07-11 21:33:11 INFO translate_type - main: ****************************************************************************************************
2024-07-11 21:33:11 INFO _client - _send_single_request: HTTP Request: GET https://bam-api.res.ibm.com/v2/text/generation/limits?version=2023-11-22 "HTTP/1.1 200 OK"
2024-07-11 21:33:15 INFO _client - _send_single_request: HTTP Request: POST https://bam-api.res.ibm.com/v2/text/generation?version=2024-03-19 "HTTP/1.1 200 OK"
2024-07-11 21:33:15 INFO translate_type - main: compile error for translated type from typing import Dict
from pathlib import Path

Dict[str, Path]... trying again for java.util.HashMap<String,File>
2024-07-11 21:33:15 INFO translate_type - main: V already translated to typing.Any
2024-07-11 21:33:15 INFO translate_type - main: byte already translated to int
2024-07-11 21:33:15 INFO translate_type - main: java.io.File already translated to pathlib.Path
2024-07-11 21:33:15 INFO translate_type - main: ****************************************************************************************************
2024-07-11 21:33:15 INFO translate_type - main: Java type:
String

Python type:
str

Your previous translation attempt was incorrect. Here is the feedback:

The translated type from typing import Dict
from pathlib import Path

Dict[str, Path] is syntactically incorrect in Python 3.10.



### Instruction:
Translate the following Java type to Python 3.10 type and write your response like the example above:

Java type:
java.util.Map<>.Entry<K,V>

### Response:
Python type:


2024-07-11 21:33:15 INFO translate_type - main: ****************************************************************************************************
2024-07-11 21:33:15 INFO _client - _send_single_request: HTTP Request: GET https://bam-api.res.ibm.com/v2/text/generation/limits?version=2023-11-22 "HTTP/1.1 200 OK"
2024-07-11 21:33:44 INFO _client - _send_single_request: HTTP Request: POST https://bam-api.res.ibm.com/v2/text/generation?version=2024-03-19 "HTTP/1.1 200 OK"
2024-07-11 21:33:44 INFO translate_type - main: Failed to translate java.util.Map<>.Entry<K,V>... trying again
2024-07-11 21:33:44 INFO translate_type - main: ****************************************************************************************************
2024-07-11 21:33:44 INFO translate_type - main: Java type:
String

Python type:
str

Your previous translation attempt was incorrect. Here is the feedback:

The translated type from typing import Dict
from pathlib import Path

Dict[str, Path] is syntactically incorrect in Python 3.10.



### Instruction:
Translate the following Java type to Python 3.10 type and write your response like the example above:

Java type:
java.util.Set<Entry<String,String>>

### Response:
Python type:


2024-07-11 21:33:44 INFO translate_type - main: ****************************************************************************************************
2024-07-11 21:33:44 INFO _client - _send_single_request: HTTP Request: GET https://bam-api.res.ibm.com/v2/text/generation/limits?version=2023-11-22 "HTTP/1.1 200 OK"
2024-07-11 21:34:12 INFO _client - _send_single_request: HTTP Request: POST https://bam-api.res.ibm.com/v2/text/generation?version=2024-03-19 "HTTP/1.1 200 OK"
2024-07-11 21:34:12 INFO translate_type - main: Failed to translate java.util.Set<Entry<String,String>>... trying again
2024-07-11 21:34:12 INFO translate_type - main: Failed to translate java.util.Set<Entry<String,String>>... skipping
2024-07-11 21:34:12 INFO translate_type - main: java.lang.RuntimeException already translated to RuntimeError
2024-07-11 21:34:12 INFO translate_type - main: java.lang.Integer already translated to int
2024-07-11 21:34:12 INFO translate_type - main: java.io.BufferedReader already translated to io.BufferedReader
2024-07-11 21:34:12 INFO translate_type - main: ****************************************************************************************************
2024-07-11 21:34:12 INFO translate_type - main: Java type:
String

Python type:
str

### Instruction:
Translate the following Java type to Python 3.10 type and write your response like the example above:

Java type:
java.util.function.Supplier<DefaultExecutor>

### Response:
Python type:


2024-07-11 21:34:12 INFO translate_type - main: ****************************************************************************************************
2024-07-11 21:34:12 INFO _client - _send_single_request: HTTP Request: GET https://bam-api.res.ibm.com/v2/text/generation/limits?version=2023-11-22 "HTTP/1.1 200 OK"
2024-07-11 21:34:15 INFO _client - _send_single_request: HTTP Request: POST https://bam-api.res.ibm.com/v2/text/generation?version=2024-03-19 "HTTP/1.1 200 OK"
2024-07-11 21:34:15 INFO translate_type - main: compile error for translated type from typing import Callable, TypeVar

T = TypeVar('T')
Supplier = Callable[[], T]... trying again for java.util.function.Supplier<DefaultExecutor>
2024-07-11 21:34:15 INFO translate_type - main: CommandLine already translated to CommandLine
2024-07-11 21:34:15 INFO translate_type - main: java.io.PrintWriter already translated to typing.Union[io.TextIOWrapper, io.StringIO]
2024-07-11 21:34:15 INFO translate_type - main: java.util.HashMap<K,V> already translated to typing.Dict[typing.Any, typing.Any]
2024-07-11 21:34:15 INFO translate_type - main: Total success: 59
2024-07-11 21:34:15 INFO translate_type - main: Total failed: 6
