2024-07-11 21:11:29 INFO translate_type - main: new run started...
2024-07-11 21:11:29 INFO translate_type - main: Translating types from Java to Python in project commons-exec using dummy
2024-07-11 21:11:29 INFO translate_type - main: Target language version: 3.10. Translation type: source_description
2024-07-11 21:11:29 INFO translate_type - main: java.util.List<String> already translated to typing.List[str]
2024-07-11 21:12:12 INFO translate_type - main: new run started...
2024-07-11 21:12:12 INFO translate_type - main: Translating types from Java to Python in project commons-exec using dummy
2024-07-11 21:12:12 INFO translate_type - main: Target language version: 3.10. Translation type: source_description
2024-07-11 21:12:12 INFO translate_type - main: java.util.List<String> already translated to typing.List[str]
2024-07-11 21:16:27 INFO translate_type - main: new run started...
2024-07-11 21:16:27 INFO translate_type - main: Translating types from Java to Python in project commons-exec using dummy
2024-07-11 21:16:27 INFO translate_type - main: Target language version: 3.10. Translation type: source_description
2024-07-11 21:16:27 INFO translate_type - main: java.util.List<String> already translated to typing.List[str]
2024-07-11 21:16:27 INFO translate_type - main: ****************************************************************************************************
2024-07-11 21:16:27 INFO translate_type - main: Java type:
String

Python type:
str

### Instruction:
Translate the following Java type to Python 3.10 type and write your response like the example above. A description of Java type is given as well:

Type Description:
An object that maps keys to values

Java type:
java.util.Map<String,?>

# Response:
Python type:


2024-07-11 21:16:27 INFO translate_type - main: ****************************************************************************************************
2024-07-11 21:16:28 INFO _client - _send_single_request: HTTP Request: GET https://bam-api.res.ibm.com/v2/text/generation/limits?version=2023-11-22 "HTTP/1.1 200 OK"
2024-07-11 21:16:29 INFO _client - _send_single_request: HTTP Request: POST https://bam-api.res.ibm.com/v2/text/generation?version=2024-03-19 "HTTP/1.1 200 OK"
2024-07-11 21:18:35 INFO translate_type - main: new run started...
2024-07-11 21:18:35 INFO translate_type - main: Translating types from Java to Python in project commons-exec using dummy
2024-07-11 21:18:35 INFO translate_type - main: Target language version: 3.10. Translation type: source_description
2024-07-11 21:18:35 INFO translate_type - main: java.util.List<String> already translated to typing.List[str]
2024-07-11 21:18:35 INFO translate_type - main: ****************************************************************************************************
2024-07-11 21:18:35 INFO translate_type - main: Java type:
String

Python type:
str

### Instruction:
Translate the following Java type to Python 3.10 type and write your response like the example above. A description of Java type is given as well:

Type Description:
An object that maps keys to values

Java type:
java.util.Map<String,?>

### Response:
Python type:


2024-07-11 21:18:35 INFO translate_type - main: ****************************************************************************************************
2024-07-11 21:18:36 INFO _client - _send_single_request: HTTP Request: GET https://bam-api.res.ibm.com/v2/text/generation/limits?version=2023-11-22 "HTTP/1.1 200 OK"
2024-07-11 21:18:38 INFO _client - _send_single_request: HTTP Request: POST https://bam-api.res.ibm.com/v2/text/generation?version=2024-03-19 "HTTP/1.1 200 OK"
2024-07-11 21:19:09 INFO translate_type - main: new run started...
2024-07-11 21:19:09 INFO translate_type - main: Translating types from Java to Python in project commons-exec using dummy
2024-07-11 21:19:09 INFO translate_type - main: Target language version: 3.10. Translation type: source_description
2024-07-11 21:19:09 INFO translate_type - main: java.util.List<String> already translated to typing.List[str]
2024-07-11 21:19:09 INFO translate_type - main: ****************************************************************************************************
2024-07-11 21:19:09 INFO translate_type - main: Java type:
String

Python type:
str

### Instruction:
Translate the following Java type to Python 3.10 type and write your response like the example above. A description of Java type is given as well:

Type Description:
An object that maps keys to values

Java type:
java.util.Map<String,?>

### Response:
Python type:


2024-07-11 21:19:09 INFO translate_type - main: ****************************************************************************************************
2024-07-11 21:19:09 INFO _client - _send_single_request: HTTP Request: GET https://bam-api.res.ibm.com/v2/text/generation/limits?version=2023-11-22 "HTTP/1.1 200 OK"
2024-07-11 21:19:11 INFO _client - _send_single_request: HTTP Request: POST https://bam-api.res.ibm.com/v2/text/generation?version=2024-03-19 "HTTP/1.1 200 OK"
2024-07-11 21:19:55 INFO translate_type - main: new run started...
2024-07-11 21:19:55 INFO translate_type - main: Translating types from Java to Python in project commons-exec using dummy
2024-07-11 21:19:55 INFO translate_type - main: Target language version: 3.10. Translation type: source_description
2024-07-11 21:19:55 INFO translate_type - main: java.util.List<String> already translated to typing.List[str]
2024-07-11 21:19:55 INFO translate_type - main: ****************************************************************************************************
2024-07-11 21:19:55 INFO translate_type - main: Java type:
String

Python type:
str

### Instruction:
Translate the following Java type to Python 3.10 type and write your response like the example above. A description of Java type is given as well:

Type Description:
An object that maps keys to values

Java type:
java.util.Map<String,?>

### Response:
Python type:


2024-07-11 21:19:55 INFO translate_type - main: ****************************************************************************************************
2024-07-11 21:19:55 INFO _client - _send_single_request: HTTP Request: GET https://bam-api.res.ibm.com/v2/text/generation/limits?version=2023-11-22 "HTTP/1.1 200 OK"
2024-07-11 21:19:57 INFO _client - _send_single_request: HTTP Request: POST https://bam-api.res.ibm.com/v2/text/generation?version=2024-03-19 "HTTP/1.1 200 OK"
2024-07-11 21:23:01 INFO translate_type - main: new run started...
2024-07-11 21:23:01 INFO translate_type - main: Translating types from Java to Python in project commons-exec using dummy
2024-07-11 21:23:01 INFO translate_type - main: Target language version: 3.10. Translation type: source_description
2024-07-11 21:23:01 INFO translate_type - main: java.util.List<String> already translated to typing.List[str]
2024-07-11 21:23:01 INFO translate_type - main: ****************************************************************************************************
2024-07-11 21:23:01 INFO translate_type - main: Java type:
String

Python type:
str

### Instruction:
Translate the following Java type to Python 3.10 type and write your response like the example above. A description of Java type is given as well:

Type Description:
An object that maps keys to values

Java type:
java.util.Map<String,?>

### Response:
Python type:


2024-07-11 21:23:01 INFO translate_type - main: ****************************************************************************************************
2024-07-11 21:23:02 INFO _client - _send_single_request: HTTP Request: GET https://bam-api.res.ibm.com/v2/text/generation/limits?version=2023-11-22 "HTTP/1.1 200 OK"
2024-07-11 21:23:05 INFO _client - _send_single_request: HTTP Request: POST https://bam-api.res.ibm.com/v2/text/generation?version=2024-03-19 "HTTP/1.1 200 OK"
2024-07-11 21:23:05 INFO translate_type - main: execution error for translated type Dict... trying again for java.util.Map<String,?>
2024-07-11 21:23:05 INFO translate_type - main: java.util.concurrent.Executors already translated to concurrent.futures.Executor
2024-07-11 21:23:05 INFO translate_type - main: java.lang.InterruptedException already translated to typing.Union[InterruptedError, KeyboardInterrupt, asyncio.CancelledError, BlockingIOError]
2024-07-11 21:23:05 INFO translate_type - main: int[] already translated to typing.List[int]
2024-07-11 21:23:05 INFO translate_type - main: ****************************************************************************************************
2024-07-11 21:23:05 INFO translate_type - main: Java type:
String

Python type:
str

### Instruction:
Translate the following Java type to Python 3.10 type and write your response like the example above. Your previous translation attempt was incorrect. Here is the feedback:

    import sqlalchemy
ModuleNotFoundError: No module named 'sqlalchemy'

A description of Java type is give as well:

Type Description:


Java type:
java.util.Entry<String,String>

### Response:
Python type:


2024-07-11 21:23:05 INFO translate_type - main: ****************************************************************************************************
2024-07-11 21:23:05 INFO _client - _send_single_request: HTTP Request: GET https://bam-api.res.ibm.com/v2/text/generation/limits?version=2023-11-22 "HTTP/1.1 200 OK"
2024-07-11 21:23:08 INFO _client - _send_single_request: HTTP Request: POST https://bam-api.res.ibm.com/v2/text/generation?version=2024-03-19 "HTTP/1.1 200 OK"
2024-07-11 21:23:08 INFO translate_type - main: compile error for translated type from typing import Tuple

entry: Tuple[str, str]... trying again for java.util.Entry<String,String>
2024-07-11 21:23:08 INFO translate_type - main: java.io.IOException already translated to typing.Union[IOError, OSError]
2024-07-11 21:23:08 INFO translate_type - main: java.lang.Runtime already translated to subprocess.Popen
2024-07-11 21:23:08 INFO translate_type - main: ****************************************************************************************************
2024-07-11 21:23:08 INFO translate_type - main: Java type:
String

Python type:
str

### Instruction:
Translate the following Java type to Python 3.10 type and write your response like the example above. Your previous translation attempt was incorrect. Here is the feedback:

The translated type from typing import Tuple

entry: Tuple[str, str] is syntactically incorrect in Python 3.10.



A description of Java type is give as well:

Type Description:
Represents a function that accepts an int-valued argument and produces a result

Java type:
java.util.function.IntFunction<String[]>

### Response:
Python type:


2024-07-11 21:23:08 INFO translate_type - main: ****************************************************************************************************
2024-07-11 21:23:08 INFO _client - _send_single_request: HTTP Request: GET https://bam-api.res.ibm.com/v2/text/generation/limits?version=2023-11-22 "HTTP/1.1 200 OK"
2024-07-11 21:23:16 INFO _client - _send_single_request: HTTP Request: POST https://bam-api.res.ibm.com/v2/text/generation?version=2024-03-19 "HTTP/1.1 200 OK"
2024-07-11 21:23:16 INFO translate_type - main: compile error for translated type from typing import Callable, List

def my_function(entry: Callable[[int], List[str]]) -> None:
    result = entry(10)
    print(result)

def my_int_function(x: int) -> List[str]:
    return [str(x)] * x

my_function(my_int_function)... trying again for java.util.function.IntFunction<String[]>
2024-07-11 21:23:16 INFO translate_type - main: ****************************************************************************************************
2024-07-11 21:23:16 INFO translate_type - main: Java type:
String

Python type:
str

### Instruction:
Translate the following Java type to Python 3.10 type and write your response like the example above. Your previous translation attempt was incorrect. Here is the feedback:

The translated type from typing import Callable, List

def my_function(entry: Callable[[int], List[str]]) -> None:
    result = entry(10)
    print(result)

def my_int_function(x: int) -> List[str]:
    return [str(x)] * x

my_function(my_int_function) is syntactically incorrect in Python 3.10.



A description of Java type is give as well:

Type Description:


Java type:
Builder<T>

### Response:
Python type:


2024-07-11 21:23:16 INFO translate_type - main: ****************************************************************************************************
2024-07-11 21:23:16 INFO _client - _send_single_request: HTTP Request: GET https://bam-api.res.ibm.com/v2/text/generation/limits?version=2023-11-22 "HTTP/1.1 200 OK"
2024-07-11 21:23:26 INFO _client - _send_single_request: HTTP Request: POST https://bam-api.res.ibm.com/v2/text/generation?version=2024-03-19 "HTTP/1.1 200 OK"
2024-07-11 21:23:26 INFO translate_type - main: compile error for translated type from typing import TypeVar, Generic, Callable, List

T = TypeVar('T')

class Builder(Generic[T]):
    def __init__(self, entry: Callable[[int], List[T]]):
        self.entry = entry

    def my_function(self) -> None:
        result = self.entry(10)
        print(result)

    def my_int_function(self, x: int) -> List[T]:
        return [str(x)] * x

builder = Builder(my_int_function)
builder.my_function()... trying again for Builder<T>
2024-07-11 21:23:26 INFO translate_type - main: java.lang.String[] already translated to typing.List[str]
2024-07-11 21:23:26 INFO translate_type - main: java.time.Instant already translated to datetime.datetime
2024-07-11 21:23:26 INFO translate_type - main: java.io.Closeable already translated to io.IOBase
2024-07-11 21:23:26 INFO translate_type - main: ****************************************************************************************************
2024-07-11 21:23:26 INFO translate_type - main: Java type:
String

Python type:
str

### Instruction:
Translate the following Java type to Python 3.10 type and write your response like the example above. Your previous translation attempt was incorrect. Here is the feedback:

The translated type from typing import TypeVar, Generic, Callable, List

T = TypeVar('T')

class Builder(Generic[T]):
    def __init__(self, entry: Callable[[int], List[T]]):
        self.entry = entry

    def my_function(self) -> None:
        result = self.entry(10)
        print(result)

    def my_int_function(self, x: int) -> List[T]:
        return [str(x)] * x

builder = Builder(my_int_function)
builder.my_function() is syntactically incorrect in Python 3.10.



A description of Java type is give as well:

Type Description:
The Vector class implements a growable array of objects

Java type:
java.util.Vector<Argument>

### Response:
Python type:


2024-07-11 21:23:26 INFO translate_type - main: ****************************************************************************************************
2024-07-11 21:23:26 INFO _client - _send_single_request: HTTP Request: GET https://bam-api.res.ibm.com/v2/text/generation/limits?version=2023-11-22 "HTTP/1.1 200 OK"
2024-07-11 21:23:31 INFO _client - _send_single_request: HTTP Request: POST https://bam-api.res.ibm.com/v2/text/generation?version=2024-03-19 "HTTP/1.1 200 OK"
2024-07-11 21:23:31 INFO translate_type - main: Failed to translate java.util.Vector<Argument>... trying again
2024-07-11 21:23:31 INFO translate_type - main: Failed to translate java.util.Vector<Argument>... skipping
2024-07-11 21:23:31 INFO translate_type - main: java.lang.Object already translated to typing.Any
2024-07-11 21:23:31 INFO translate_type - main: java.util.TreeMap<String,String> already translated to typing.Dict[str, str]
2024-07-11 21:23:31 INFO translate_type - main: java.lang.Runnable already translated to typing.Callable
2024-07-11 21:23:31 INFO translate_type - main: ****************************************************************************************************
2024-07-11 21:23:31 INFO translate_type - main: Java type:
String

Python type:
str

### Instruction:
Translate the following Java type to Python 3.10 type and write your response like the example above. A description of Java type is given as well:

Type Description:


Java type:
Builder<?>

### Response:
Python type:


2024-07-11 21:23:31 INFO translate_type - main: ****************************************************************************************************
2024-07-11 21:23:31 INFO _client - _send_single_request: HTTP Request: GET https://bam-api.res.ibm.com/v2/text/generation/limits?version=2023-11-22 "HTTP/1.1 200 OK"
2024-07-11 21:23:36 INFO _client - _send_single_request: HTTP Request: POST https://bam-api.res.ibm.com/v2/text/generation?version=2024-03-19 "HTTP/1.1 200 OK"
2024-07-11 21:23:36 INFO translate_type - main: compile error for translated type from typing import TypeVar, Generic

T = TypeVar('T')

class Builder(Generic[T]):
    pass... trying again for Builder<?>
2024-07-11 21:23:36 INFO translate_type - main: java.lang.IllegalArgumentException already translated to ValueError
2024-07-11 21:23:36 INFO translate_type - main: ****************************************************************************************************
2024-07-11 21:23:36 INFO translate_type - main: Java type:
String

Python type:
str

### Instruction:
Translate the following Java type to Python 3.10 type and write your response like the example above. Your previous translation attempt was incorrect. Here is the feedback:

The translated type from typing import TypeVar, Generic

T = TypeVar('T')

class Builder(Generic[T]):
    pass is syntactically incorrect in Python 3.10.



A description of Java type is give as well:

Type Description:
The ProcessBuilder

Java type:
java.lang.Process

### Response:
Python type:


2024-07-11 21:23:36 INFO translate_type - main: ****************************************************************************************************
2024-07-11 21:23:36 INFO _client - _send_single_request: HTTP Request: GET https://bam-api.res.ibm.com/v2/text/generation/limits?version=2023-11-22 "HTTP/1.1 200 OK"
2024-07-11 21:23:38 INFO _client - _send_single_request: HTTP Request: POST https://bam-api.res.ibm.com/v2/text/generation?version=2024-03-19 "HTTP/1.1 200 OK"
2024-07-11 21:23:38 INFO translate_type - main: Failed to translate java.lang.Process... trying again
2024-07-11 21:23:38 INFO translate_type - main: ****************************************************************************************************
2024-07-11 21:23:38 INFO translate_type - main: Java type:
String

Python type:
str

### Instruction:
Translate the following Java type to Python 3.10 type and write your response like the example above. Your previous translation attempt was incorrect. Here is the feedback:

The translated type from typing import TypeVar, Generic

T = TypeVar('T')

class Builder(Generic[T]):
    pass is syntactically incorrect in Python 3.10.



A description of Java type is give as well:

Type Description:
The Vector class implements a growable array of objects

Java type:
java.util.Vector<Process>

### Response:
Python type:


2024-07-11 21:23:38 INFO translate_type - main: ****************************************************************************************************
2024-07-11 21:23:38 INFO _client - _send_single_request: HTTP Request: GET https://bam-api.res.ibm.com/v2/text/generation/limits?version=2023-11-22 "HTTP/1.1 200 OK"
2024-07-11 21:23:44 INFO _client - _send_single_request: HTTP Request: POST https://bam-api.res.ibm.com/v2/text/generation?version=2024-03-19 "HTTP/1.1 200 OK"
2024-07-11 21:23:44 INFO translate_type - main: compile error for translated type from typing import List

class Process:
    pass

class Builder:
    def __init__(self):
        self.processes: List[Process] = []... trying again for java.util.Vector<Process>
2024-07-11 21:23:44 INFO translate_type - main: java.io.ByteArrayOutputStream already translated to typing.Union[io.BytesIO, bytearray]
2024-07-11 21:23:44 INFO translate_type - main: java.lang.StringBuffer already translated to str
2024-07-11 21:23:44 INFO translate_type - main: ****************************************************************************************************
2024-07-11 21:23:44 INFO translate_type - main: Java type:
String

Python type:
str

### Instruction:
Translate the following Java type to Python 3.10 type and write your response like the example above. Your previous translation attempt was incorrect. Here is the feedback:

The translated type from typing import List

class Process:
    pass

class Builder:
    def __init__(self):
        self.processes: List[Process] = [] is syntactically incorrect in Python 3.10.



A description of Java type is give as well:

Type Description:
Represents a supplier of results

Java type:
java.util.function.Supplier<Watchdog>

### Response:
Python type:


2024-07-11 21:23:44 INFO translate_type - main: ****************************************************************************************************
2024-07-11 21:23:45 INFO _client - _send_single_request: HTTP Request: GET https://bam-api.res.ibm.com/v2/text/generation/limits?version=2023-11-22 "HTTP/1.1 200 OK"
2024-07-11 21:23:52 INFO _client - _send_single_request: HTTP Request: POST https://bam-api.res.ibm.com/v2/text/generation?version=2024-03-19 "HTTP/1.1 200 OK"
2024-07-11 21:23:52 INFO translate_type - main: compile error for translated type from typing import Callable

class Watchdog:
    pass

Supplier = Callable[[], Watchdog]

def create_watchdog() -> Watchdog:
    return Watchdog()

# Usage
supplier: Supplier = create_watchdog
watchdog = supplier()... trying again for java.util.function.Supplier<Watchdog>
2024-07-11 21:23:52 INFO translate_type - main: Builder already translated to Builder
2024-07-11 21:23:52 INFO translate_type - main: java.io.InputStream already translated to typing.Union[io.BytesIO, io.StringIO, io.BufferedReader]
2024-07-11 21:23:52 INFO translate_type - main: long already translated to int
2024-07-11 21:23:52 INFO translate_type - main: java.lang.Thread already translated to threading.Thread
2024-07-11 21:23:52 INFO translate_type - main: java.util.Map<> already translated to typing.Dict[typing.Any, typing.Any]
2024-07-11 21:23:52 INFO translate_type - main: java.lang.String already translated to str
2024-07-11 21:23:52 INFO translate_type - main: java.nio.file.Files already translated to typing.Union[os.PathLike, os.DirEntry]
2024-07-11 21:23:52 INFO translate_type - main: java.lang.Boolean already translated to bool
2024-07-11 21:23:52 INFO translate_type - main: ****************************************************************************************************
2024-07-11 21:23:52 INFO translate_type - main: Java type:
String

Python type:
str

### Instruction:
Translate the following Java type to Python 3.10 type and write your response like the example above. Your previous translation attempt was incorrect. Here is the feedback:

The translated type from typing import Callable

class Watchdog:
    pass

Supplier = Callable[[], Watchdog]

def create_watchdog() -> Watchdog:
    return Watchdog()

# Usage
supplier: Supplier = create_watchdog
watchdog = supplier() is syntactically incorrect in Python 3.10.



A description of Java type is give as well:

Type Description:
Represents an operation that accepts a single input argument and returns no result

Java type:
java.util.function.Consumer<TimeoutObserver>

### Response:
Python type:


2024-07-11 21:23:52 INFO translate_type - main: ****************************************************************************************************
2024-07-11 21:23:52 INFO _client - _send_single_request: HTTP Request: GET https://bam-api.res.ibm.com/v2/text/generation/limits?version=2023-11-22 "HTTP/1.1 200 OK"
2024-07-11 21:23:55 INFO _client - _send_single_request: HTTP Request: POST https://bam-api.res.ibm.com/v2/text/generation?version=2024-03-19 "HTTP/1.1 200 OK"
2024-07-11 21:23:55 INFO translate_type - main: Failed to translate java.util.function.Consumer<TimeoutObserver>... trying again
2024-07-11 21:23:55 INFO translate_type - main: Failed to translate java.util.function.Consumer<TimeoutObserver>... skipping
2024-07-11 21:23:55 INFO translate_type - main: ****************************************************************************************************
2024-07-11 21:23:55 INFO translate_type - main: Java type:
String

Python type:
str

### Instruction:
Translate the following Java type to Python 3.10 type and write your response like the example above. A description of Java type is given as well:

Type Description:
An object that creates new threads on demand

Java type:
java.util.concurrent.ThreadFactory

### Response:
Python type:


2024-07-11 21:23:55 INFO translate_type - main: ****************************************************************************************************
2024-07-11 21:23:55 INFO _client - _send_single_request: HTTP Request: GET https://bam-api.res.ibm.com/v2/text/generation/limits?version=2023-11-22 "HTTP/1.1 200 OK"
2024-07-11 21:23:57 INFO _client - _send_single_request: HTTP Request: POST https://bam-api.res.ibm.com/v2/text/generation?version=2024-03-19 "HTTP/1.1 200 OK"
2024-07-11 21:23:57 INFO translate_type - main: compile error for translated type import concurrent.futures... trying again for java.util.concurrent.ThreadFactory
2024-07-11 21:23:57 INFO translate_type - main: ****************************************************************************************************
2024-07-11 21:23:57 INFO translate_type - main: Java type:
String

Python type:
str

### Instruction:
Translate the following Java type to Python 3.10 type and write your response like the example above. Your previous translation attempt was incorrect. Here is the feedback:

The translated type import concurrent.futures is syntactically incorrect in Python 3.10.



A description of Java type is give as well:

Type Description:
An object that maps keys to values

Java type:
java.util.Map<? super String,?>

### Response:
Python type:


2024-07-11 21:23:57 INFO translate_type - main: ****************************************************************************************************
2024-07-11 21:23:57 INFO _client - _send_single_request: HTTP Request: GET https://bam-api.res.ibm.com/v2/text/generation/limits?version=2023-11-22 "HTTP/1.1 200 OK"
2024-07-11 21:24:05 INFO _client - _send_single_request: HTTP Request: POST https://bam-api.res.ibm.com/v2/text/generation?version=2024-03-19 "HTTP/1.1 200 OK"
2024-07-11 21:24:05 INFO translate_type - main: compile error for translated type from typing import Mapping, Any

Map: Mapping[Any, Any]... trying again for java.util.Map<? super String,?>
2024-07-11 21:24:05 INFO translate_type - main: java.lang.StringBuilder already translated to str
2024-07-11 21:24:05 INFO translate_type - main: K already translated to typing.Any
2024-07-11 21:24:05 INFO translate_type - main: java.lang.Exception already translated to Exception
2024-07-11 21:24:05 INFO translate_type - main: java.nio.file.Path already translated to pathlib.Path
2024-07-11 21:24:05 INFO translate_type - main: java.nio.charset.Charset already translated to str
2024-07-11 21:24:05 INFO translate_type - main: java.util.ArrayList<String> already translated to typing.List[str]
2024-07-11 21:24:05 INFO translate_type - main: java.io.OutputStream already translated to typing.Union[io.BytesIO, io.StringIO, io.BufferedWriter]
2024-07-11 21:24:05 INFO translate_type - main: ****************************************************************************************************
2024-07-11 21:24:05 INFO translate_type - main: Java type:
String

Python type:
str

### Instruction:
Translate the following Java type to Python 3.10 type and write your response like the example above. Your previous translation attempt was incorrect. Here is the feedback:

The translated type from typing import Mapping, Any

Map: Mapping[Any, Any] is syntactically incorrect in Python 3.10.



A description of Java type is give as well:

Type Description:
An object that maps keys to values

Java type:
java.util.Map<String,File>

### Response:
Python type:


2024-07-11 21:24:05 INFO translate_type - main: ****************************************************************************************************
2024-07-11 21:24:05 INFO _client - _send_single_request: HTTP Request: GET https://bam-api.res.ibm.com/v2/text/generation/limits?version=2023-11-22 "HTTP/1.1 200 OK"
2024-07-11 21:24:06 INFO _client - _send_single_request: HTTP Request: POST https://bam-api.res.ibm.com/v2/text/generation?version=2024-03-19 "HTTP/1.1 200 OK"
2024-07-11 21:24:06 INFO translate_type - main: execution error for translated type Dict... trying again for java.util.Map<String,File>
2024-07-11 21:24:06 INFO translate_type - main: java.util.concurrent.TimeUnit already translated to datetime.timedelta
2024-07-11 21:24:06 INFO translate_type - main: Executable already translated to typing.Callable
2024-07-11 21:24:06 INFO translate_type - main: java.lang.System already translated to typing.ModuleType
2024-07-11 21:24:06 INFO translate_type - main: java.util.HashMap<String,String> already translated to typing.Dict[str, str]
2024-07-11 21:24:06 INFO translate_type - main: java.util.Arrays already translated to typing.List
2024-07-11 21:24:06 INFO translate_type - main: ****************************************************************************************************
2024-07-11 21:24:06 INFO translate_type - main: Java type:
String

Python type:
str

### Instruction:
Translate the following Java type to Python 3.10 type and write your response like the example above. Your previous translation attempt was incorrect. Here is the feedback:

    import sqlalchemy
ModuleNotFoundError: No module named 'sqlalchemy'

A description of Java type is give as well:

Type Description:


Java type:
Ljava.lang.String[]

### Response:
Python type:


2024-07-11 21:24:06 INFO translate_type - main: ****************************************************************************************************
2024-07-11 21:24:06 INFO _client - _send_single_request: HTTP Request: GET https://bam-api.res.ibm.com/v2/text/generation/limits?version=2023-11-22 "HTTP/1.1 200 OK"
2024-07-11 21:24:08 INFO _client - _send_single_request: HTTP Request: POST https://bam-api.res.ibm.com/v2/text/generation?version=2024-03-19 "HTTP/1.1 200 OK"
2024-07-11 21:24:08 INFO translate_type - main: execution error for translated type List[str]... trying again for Ljava.lang.String[]
2024-07-11 21:24:08 INFO translate_type - main: ****************************************************************************************************
2024-07-11 21:24:08 INFO translate_type - main: Java type:
String

Python type:
str

### Instruction:
Translate the following Java type to Python 3.10 type and write your response like the example above. Your previous translation attempt was incorrect. Here is the feedback:

    import sqlalchemy
ModuleNotFoundError: No module named 'sqlalchemy'

A description of Java type is give as well:

Type Description:
A piped output stream can be connected to a piped input stream to create a communications pipe

Java type:
java.io.PipedOutputStream

### Response:
Python type:


2024-07-11 21:24:08 INFO translate_type - main: ****************************************************************************************************
2024-07-11 21:24:08 INFO _client - _send_single_request: HTTP Request: GET https://bam-api.res.ibm.com/v2/text/generation/limits?version=2023-11-22 "HTTP/1.1 200 OK"
2024-07-11 21:24:10 INFO _client - _send_single_request: HTTP Request: POST https://bam-api.res.ibm.com/v2/text/generation?version=2024-03-19 "HTTP/1.1 200 OK"
2024-07-11 21:24:10 INFO translate_type - main: compile error for translated type import io

io.PipedOutputStream... trying again for java.io.PipedOutputStream
2024-07-11 21:24:10 INFO translate_type - main: Failed to translate java.io.PipedOutputStream... skipping
2024-07-11 21:24:10 INFO translate_type - main: ****************************************************************************************************
2024-07-11 21:24:10 INFO translate_type - main: Java type:
String

Python type:
str

### Instruction:
Translate the following Java type to Python 3.10 type and write your response like the example above. A description of Java type is given as well:

Type Description:
Represents a supplier of results

Java type:
java.util.function.Supplier<ExecuteWatchdog>

### Response:
Python type:


2024-07-11 21:24:10 INFO translate_type - main: ****************************************************************************************************
2024-07-11 21:24:10 INFO _client - _send_single_request: HTTP Request: GET https://bam-api.res.ibm.com/v2/text/generation/limits?version=2023-11-22 "HTTP/1.1 200 OK"
2024-07-11 21:24:14 INFO _client - _send_single_request: HTTP Request: POST https://bam-api.res.ibm.com/v2/text/generation?version=2024-03-19 "HTTP/1.1 200 OK"
2024-07-11 21:24:14 INFO translate_type - main: compile error for translated type from typing import Callable

def execute_watchdog() -> ExecuteWatchdog:
    pass

Supplier = Callable[[], ExecuteWatchdog]... trying again for java.util.function.Supplier<ExecuteWatchdog>
2024-07-11 21:24:14 INFO translate_type - main: int already translated to int
2024-07-11 21:24:14 INFO translate_type - main: ****************************************************************************************************
2024-07-11 21:24:14 INFO translate_type - main: Java type:
String

Python type:
str

### Instruction:
Translate the following Java type to Python 3.10 type and write your response like the example above. Your previous translation attempt was incorrect. Here is the feedback:

The translated type from typing import Callable

def execute_watchdog() -> ExecuteWatchdog:
    pass

Supplier = Callable[[], ExecuteWatchdog] is syntactically incorrect in Python 3.10.



A description of Java type is give as well:

Type Description:
Represents an operation that accepts a single input argument and returns no result

Java type:
java.util.function.Consumer<Process>

### Response:
Python type:


2024-07-11 21:24:14 INFO translate_type - main: ****************************************************************************************************
2024-07-11 21:24:14 INFO _client - _send_single_request: HTTP Request: GET https://bam-api.res.ibm.com/v2/text/generation/limits?version=2023-11-22 "HTTP/1.1 200 OK"
2024-07-11 21:24:17 INFO _client - _send_single_request: HTTP Request: POST https://bam-api.res.ibm.com/v2/text/generation?version=2024-03-19 "HTTP/1.1 200 OK"
2024-07-11 21:24:17 INFO translate_type - main: compile error for translated type from typing import Callable

Supplier: Callable[[], ExecuteWatchdog]... trying again for java.util.function.Consumer<Process>
2024-07-11 21:24:17 INFO translate_type - main: ****************************************************************************************************
2024-07-11 21:24:17 INFO translate_type - main: Java type:
String

Python type:
str

### Instruction:
Translate the following Java type to Python 3.10 type and write your response like the example above. Your previous translation attempt was incorrect. Here is the feedback:

The translated type from typing import Callable

Supplier: Callable[[], ExecuteWatchdog] is syntactically incorrect in Python 3.10.



A description of Java type is give as well:

Type Description:
Represents a supplier of results

Java type:
java.util.function.Supplier<String>

### Response:
Python type:


2024-07-11 21:24:17 INFO translate_type - main: ****************************************************************************************************
2024-07-11 21:24:18 INFO _client - _send_single_request: HTTP Request: GET https://bam-api.res.ibm.com/v2/text/generation/limits?version=2023-11-22 "HTTP/1.1 200 OK"
2024-07-11 21:24:20 INFO _client - _send_single_request: HTTP Request: POST https://bam-api.res.ibm.com/v2/text/generation?version=2024-03-19 "HTTP/1.1 200 OK"
2024-07-11 21:24:20 INFO translate_type - main: compile error for translated type from typing import Callable

Supplier: Callable[[], str]... trying again for java.util.function.Supplier<String>
2024-07-11 21:24:20 INFO translate_type - main: CommandLineTest already translated to CommandLineTest
2024-07-11 21:24:20 INFO translate_type - main: java.util.Locale already translated to typing.Any
2024-07-11 21:24:20 INFO translate_type - main: ****************************************************************************************************
2024-07-11 21:24:20 INFO translate_type - main: Java type:
String

Python type:
str

### Instruction:
Translate the following Java type to Python 3.10 type and write your response like the example above. Your previous translation attempt was incorrect. Here is the feedback:

The translated type from typing import Callable

Supplier: Callable[[], str] is syntactically incorrect in Python 3.10.



A description of Java type is give as well:

Type Description:
An object that maps keys to values

Java type:
java.util.Map<String,V>

### Response:
Python type:


2024-07-11 21:24:20 INFO translate_type - main: ****************************************************************************************************
2024-07-11 21:24:20 INFO _client - _send_single_request: HTTP Request: GET https://bam-api.res.ibm.com/v2/text/generation/limits?version=2023-11-22 "HTTP/1.1 200 OK"
2024-07-11 21:24:22 INFO _client - _send_single_request: HTTP Request: POST https://bam-api.res.ibm.com/v2/text/generation?version=2024-03-19 "HTTP/1.1 200 OK"
2024-07-11 21:24:22 INFO translate_type - main: Failed to translate java.util.Map<String,V>... trying again
2024-07-11 21:24:22 INFO translate_type - main: ****************************************************************************************************
2024-07-11 21:24:22 INFO translate_type - main: Java type:
String

Python type:
str

### Instruction:
Translate the following Java type to Python 3.10 type and write your response like the example above. Your previous translation attempt was incorrect. Here is the feedback:

The translated type from typing import Callable

Supplier: Callable[[], str] is syntactically incorrect in Python 3.10.



A description of Java type is give as well:

Type Description:


Java type:
DefaultExecutor.Builder<Builder>

### Response:
Python type:


2024-07-11 21:24:22 INFO translate_type - main: ****************************************************************************************************
2024-07-11 21:24:22 INFO _client - _send_single_request: HTTP Request: GET https://bam-api.res.ibm.com/v2/text/generation/limits?version=2023-11-22 "HTTP/1.1 200 OK"
2024-07-11 21:24:29 INFO _client - _send_single_request: HTTP Request: POST https://bam-api.res.ibm.com/v2/text/generation?version=2024-03-19 "HTTP/1.1 200 OK"
2024-07-11 21:37:18 INFO translate_type - main: new run started...
2024-07-11 21:37:18 INFO translate_type - main: Translating types from Java to Python in project commons-exec using dummy
2024-07-11 21:37:18 INFO translate_type - main: Target language version: 3.10. Translation type: source_description
2024-07-11 21:37:18 INFO translate_type - main: java.util.List<String> already translated to typing.List[str]
2024-07-11 21:37:18 INFO translate_type - main: ****************************************************************************************************
2024-07-11 21:37:18 INFO translate_type - main: Java type:
String

Python type:
str

### Instruction:
Translate the following Java type to Python 3.10 type and write your response like the example above. A description of Java type is given as well:

Type Description:
An object that maps keys to values

Java type:
java.util.Map<String,?>

### Response:
Python type:


2024-07-11 21:37:18 INFO translate_type - main: ****************************************************************************************************
2024-07-11 21:37:19 INFO _client - _send_single_request: HTTP Request: GET https://bam-api.res.ibm.com/v2/text/generation/limits?version=2023-11-22 "HTTP/1.1 200 OK"
2024-07-11 21:37:21 INFO _client - _send_single_request: HTTP Request: POST https://bam-api.res.ibm.com/v2/text/generation?version=2024-03-19 "HTTP/1.1 200 OK"
2024-07-11 21:37:21 INFO translate_type - main: execution error for translated type Dict... trying again for java.util.Map<String,?>
2024-07-11 21:37:21 INFO translate_type - main: TestUtil already translated to TestUtil
2024-07-11 21:37:21 INFO translate_type - main: java.util.concurrent.Executors already translated to concurrent.futures.Executor
2024-07-11 21:37:21 INFO translate_type - main: java.lang.InterruptedException already translated to typing.Union[InterruptedError, KeyboardInterrupt, asyncio.CancelledError, BlockingIOError]
2024-07-11 21:37:21 INFO translate_type - main: CommandLauncherFactory already translated to CommandLauncherFactory
2024-07-11 21:37:21 INFO translate_type - main: int[] already translated to typing.List[int]
2024-07-11 21:37:21 INFO translate_type - main: DebugUtils already translated to DebugUtils
2024-07-11 21:37:21 INFO translate_type - main: ShutdownHookProcessDestroyer already translated to ShutdownHookProcessDestroyer
2024-07-11 21:37:21 INFO translate_type - main: ****************************************************************************************************
2024-07-11 21:37:21 INFO translate_type - main: Java type:
String

Python type:
str

### Instruction:
Translate the following Java type to Python 3.10 type and write your response like the example above. Your previous translation attempt was incorrect. Here is the feedback:

    import sqlalchemy
ModuleNotFoundError: No module named 'sqlalchemy'

A description of Java type is give as well:

Type Description:


Java type:
java.util.Entry<String,String>

### Response:
Python type:


2024-07-11 21:37:21 INFO translate_type - main: ****************************************************************************************************
2024-07-11 21:37:22 INFO _client - _send_single_request: HTTP Request: GET https://bam-api.res.ibm.com/v2/text/generation/limits?version=2023-11-22 "HTTP/1.1 200 OK"
2024-07-11 21:37:25 INFO _client - _send_single_request: HTTP Request: POST https://bam-api.res.ibm.com/v2/text/generation?version=2024-03-19 "HTTP/1.1 200 OK"
2024-07-11 21:37:25 INFO translate_type - main: compile error for translated type from typing import Tuple

entry: Tuple[str, str]... trying again for java.util.Entry<String,String>
2024-07-11 21:37:25 INFO translate_type - main: java.io.IOException already translated to typing.Union[IOError, OSError]
2024-07-11 21:37:25 INFO translate_type - main: MapUtils already translated to MapUtils
2024-07-11 21:37:25 INFO translate_type - main: java.lang.Runtime already translated to subprocess.Popen
2024-07-11 21:37:25 INFO translate_type - main: DefaultProcessingEnvironment already translated to DefaultProcessingEnvironment
2024-07-11 21:37:25 INFO translate_type - main: ****************************************************************************************************
2024-07-11 21:37:25 INFO translate_type - main: Java type:
String

Python type:
str

### Instruction:
Translate the following Java type to Python 3.10 type and write your response like the example above. Your previous translation attempt was incorrect. Here is the feedback:

The translated type from typing import Tuple

entry: Tuple[str, str] is syntactically incorrect in Python 3.10.



A description of Java type is give as well:

Type Description:
Represents a function that accepts an int-valued argument and produces a result

Java type:
java.util.function.IntFunction<String[]>

### Response:
Python type:


2024-07-11 21:37:25 INFO translate_type - main: ****************************************************************************************************
2024-07-11 21:37:25 INFO _client - _send_single_request: HTTP Request: GET https://bam-api.res.ibm.com/v2/text/generation/limits?version=2023-11-22 "HTTP/1.1 200 OK"
2024-07-11 21:37:33 INFO _client - _send_single_request: HTTP Request: POST https://bam-api.res.ibm.com/v2/text/generation?version=2024-03-19 "HTTP/1.1 200 OK"
2024-07-11 21:37:33 INFO translate_type - main: compile error for translated type from typing import Callable, List

def my_function(entry: Callable[[int], List[str]]) -> None:
    result = entry(10)
    print(result)

def my_int_function(x: int) -> List[str]:
    return [str(x)] * x

my_function(my_int_function)... trying again for java.util.function.IntFunction<String[]>
2024-07-11 21:37:33 INFO translate_type - main: Watchdog already translated to Watchdog
2024-07-11 21:37:33 INFO translate_type - main: Argument already translated to Argument
2024-07-11 21:37:33 INFO translate_type - main: ****************************************************************************************************
2024-07-11 21:37:33 INFO translate_type - main: Java type:
String

Python type:
str

### Instruction:
Translate the following Java type to Python 3.10 type and write your response like the example above. Your previous translation attempt was incorrect. Here is the feedback:

The translated type from typing import Callable, List

def my_function(entry: Callable[[int], List[str]]) -> None:
    result = entry(10)
    print(result)

def my_int_function(x: int) -> List[str]:
    return [str(x)] * x

my_function(my_int_function) is syntactically incorrect in Python 3.10.



A description of Java type is give as well:

Type Description:


Java type:
Builder<T>

### Response:
Python type:


2024-07-11 21:37:33 INFO translate_type - main: ****************************************************************************************************
2024-07-11 21:37:33 INFO _client - _send_single_request: HTTP Request: GET https://bam-api.res.ibm.com/v2/text/generation/limits?version=2023-11-22 "HTTP/1.1 200 OK"
2024-07-11 21:37:43 INFO _client - _send_single_request: HTTP Request: POST https://bam-api.res.ibm.com/v2/text/generation?version=2024-03-19 "HTTP/1.1 200 OK"
2024-07-11 21:37:43 INFO translate_type - main: compile error for translated type from typing import TypeVar, Generic, Callable, List

T = TypeVar('T')

class Builder(Generic[T]):
    def __init__(self, entry: Callable[[int], List[T]]):
        self.entry = entry

    def my_function(self) -> None:
        result = self.entry(10)
        print(result)

    def my_int_function(self, x: int) -> List[T]:
        return [str(x)] * x

builder = Builder(my_int_function)
builder.my_function()... trying again for Builder<T>
2024-07-11 21:37:43 INFO translate_type - main: java.lang.String[] already translated to typing.List[str]
2024-07-11 21:37:43 INFO translate_type - main: DefaultExecuteResultHandler already translated to DefaultExecuteResultHandler
2024-07-11 21:37:43 INFO translate_type - main: java.time.Instant already translated to datetime.datetime
2024-07-11 21:37:43 INFO translate_type - main: java.io.Closeable already translated to io.IOBase
2024-07-11 21:37:43 INFO translate_type - main: ****************************************************************************************************
2024-07-11 21:37:43 INFO translate_type - main: Java type:
String

Python type:
str

### Instruction:
Translate the following Java type to Python 3.10 type and write your response like the example above. Your previous translation attempt was incorrect. Here is the feedback:

The translated type from typing import TypeVar, Generic, Callable, List

T = TypeVar('T')

class Builder(Generic[T]):
    def __init__(self, entry: Callable[[int], List[T]]):
        self.entry = entry

    def my_function(self) -> None:
        result = self.entry(10)
        print(result)

    def my_int_function(self, x: int) -> List[T]:
        return [str(x)] * x

builder = Builder(my_int_function)
builder.my_function() is syntactically incorrect in Python 3.10.



A description of Java type is give as well:

Type Description:
The Vector class implements a growable array of objects

Java type:
java.util.Vector<Argument>

### Response:
Python type:


2024-07-11 21:37:43 INFO translate_type - main: ****************************************************************************************************
2024-07-11 21:37:43 INFO _client - _send_single_request: HTTP Request: GET https://bam-api.res.ibm.com/v2/text/generation/limits?version=2023-11-22 "HTTP/1.1 200 OK"
2024-07-11 21:37:49 INFO _client - _send_single_request: HTTP Request: POST https://bam-api.res.ibm.com/v2/text/generation?version=2024-03-19 "HTTP/1.1 200 OK"
2024-07-11 21:37:49 INFO translate_type - main: Failed to translate java.util.Vector<Argument>... trying again
2024-07-11 21:37:49 INFO translate_type - main: Failed to translate java.util.Vector<Argument>... skipping
2024-07-11 21:37:49 INFO translate_type - main: java.lang.Object already translated to typing.Any
2024-07-11 21:37:49 INFO translate_type - main: java.util.TreeMap<String,String> already translated to typing.Dict[str, str]
2024-07-11 21:37:49 INFO translate_type - main: java.lang.Runnable already translated to typing.Callable
2024-07-11 21:37:49 INFO translate_type - main: ****************************************************************************************************
2024-07-11 21:37:49 INFO translate_type - main: Java type:
String

Python type:
str

### Instruction:
Translate the following Java type to Python 3.10 type and write your response like the example above. A description of Java type is given as well:

Type Description:


Java type:
Builder<?>

### Response:
Python type:


2024-07-11 21:37:49 INFO translate_type - main: ****************************************************************************************************
2024-07-11 21:37:49 INFO _client - _send_single_request: HTTP Request: GET https://bam-api.res.ibm.com/v2/text/generation/limits?version=2023-11-22 "HTTP/1.1 200 OK"
2024-07-11 21:37:53 INFO _client - _send_single_request: HTTP Request: POST https://bam-api.res.ibm.com/v2/text/generation?version=2024-03-19 "HTTP/1.1 200 OK"
2024-07-11 21:37:53 INFO translate_type - main: compile error for translated type from typing import TypeVar, Generic

T = TypeVar('T')

class Builder(Generic[T]):
    pass... trying again for Builder<?>
2024-07-11 21:37:53 INFO translate_type - main: java.lang.IllegalArgumentException already translated to ValueError
2024-07-11 21:37:53 INFO translate_type - main: ****************************************************************************************************
2024-07-11 21:37:53 INFO translate_type - main: Java type:
String

Python type:
str

### Instruction:
Translate the following Java type to Python 3.10 type and write your response like the example above. Your previous translation attempt was incorrect. Here is the feedback:

The translated type from typing import TypeVar, Generic

T = TypeVar('T')

class Builder(Generic[T]):
    pass is syntactically incorrect in Python 3.10.



A description of Java type is give as well:

Type Description:
The ProcessBuilder

Java type:
java.lang.Process

### Response:
Python type:


2024-07-11 21:37:53 INFO translate_type - main: ****************************************************************************************************
2024-07-11 21:37:53 INFO _client - _send_single_request: HTTP Request: GET https://bam-api.res.ibm.com/v2/text/generation/limits?version=2023-11-22 "HTTP/1.1 200 OK"
2024-07-11 21:37:56 INFO _client - _send_single_request: HTTP Request: POST https://bam-api.res.ibm.com/v2/text/generation?version=2024-03-19 "HTTP/1.1 200 OK"
2024-07-11 21:37:56 INFO translate_type - main: Failed to translate java.lang.Process... trying again
2024-07-11 21:37:56 INFO translate_type - main: ****************************************************************************************************
2024-07-11 21:37:56 INFO translate_type - main: Java type:
String

Python type:
str

### Instruction:
Translate the following Java type to Python 3.10 type and write your response like the example above. Your previous translation attempt was incorrect. Here is the feedback:

The translated type from typing import TypeVar, Generic

T = TypeVar('T')

class Builder(Generic[T]):
    pass is syntactically incorrect in Python 3.10.



A description of Java type is give as well:

Type Description:
The Vector class implements a growable array of objects

Java type:
java.util.Vector<Process>

### Response:
Python type:


2024-07-11 21:37:56 INFO translate_type - main: ****************************************************************************************************
2024-07-11 21:37:56 INFO _client - _send_single_request: HTTP Request: GET https://bam-api.res.ibm.com/v2/text/generation/limits?version=2023-11-22 "HTTP/1.1 200 OK"
2024-07-11 21:38:02 INFO _client - _send_single_request: HTTP Request: POST https://bam-api.res.ibm.com/v2/text/generation?version=2024-03-19 "HTTP/1.1 200 OK"
2024-07-11 21:38:02 INFO translate_type - main: compile error for translated type from typing import List

class Process:
    pass

class Builder:
    def __init__(self):
        self.processes: List[Process] = []... trying again for java.util.Vector<Process>
2024-07-11 21:38:02 INFO translate_type - main: CommandLauncher already translated to CommandLauncher
2024-07-11 21:38:02 INFO translate_type - main: PrintResultHandler already translated to PrintResultHandler
2024-07-11 21:38:02 INFO translate_type - main: java.io.ByteArrayOutputStream already translated to typing.Union[io.BytesIO, bytearray]
2024-07-11 21:38:02 INFO translate_type - main: java.lang.StringBuffer already translated to str
2024-07-11 21:38:02 INFO translate_type - main: ****************************************************************************************************
2024-07-11 21:38:02 INFO translate_type - main: Java type:
String

Python type:
str

### Instruction:
Translate the following Java type to Python 3.10 type and write your response like the example above. Your previous translation attempt was incorrect. Here is the feedback:

The translated type from typing import List

class Process:
    pass

class Builder:
    def __init__(self):
        self.processes: List[Process] = [] is syntactically incorrect in Python 3.10.



A description of Java type is give as well:

Type Description:
Represents a supplier of results

Java type:
java.util.function.Supplier<Watchdog>

### Response:
Python type:


2024-07-11 21:38:02 INFO translate_type - main: ****************************************************************************************************
2024-07-11 21:38:02 INFO _client - _send_single_request: HTTP Request: GET https://bam-api.res.ibm.com/v2/text/generation/limits?version=2023-11-22 "HTTP/1.1 200 OK"
2024-07-11 21:38:09 INFO _client - _send_single_request: HTTP Request: POST https://bam-api.res.ibm.com/v2/text/generation?version=2024-03-19 "HTTP/1.1 200 OK"
2024-07-11 21:38:09 INFO translate_type - main: compile error for translated type from typing import Callable

class Watchdog:
    pass

Supplier = Callable[[], Watchdog]

def create_watchdog() -> Watchdog:
    return Watchdog()

# Usage
supplier: Supplier = create_watchdog
watchdog = supplier()... trying again for java.util.function.Supplier<Watchdog>
2024-07-11 21:38:09 INFO translate_type - main: MapUtilTest already translated to MapUtilTest
2024-07-11 21:38:09 INFO translate_type - main: EnvironmentUtilsTest already translated to EnvironmentUtilsTest
2024-07-11 21:38:09 INFO translate_type - main: OS already translated to OS
2024-07-11 21:38:09 INFO translate_type - main: Builder already translated to Builder
2024-07-11 21:38:09 INFO translate_type - main: java.io.InputStream already translated to typing.Union[io.BytesIO, io.StringIO, io.BufferedReader]
2024-07-11 21:38:09 INFO translate_type - main: TutorialTest already translated to TutorialTest
2024-07-11 21:38:09 INFO translate_type - main: long already translated to int
2024-07-11 21:38:09 INFO translate_type - main: TimeoutObserver already translated to TimeoutObserver
2024-07-11 21:38:09 INFO translate_type - main: CommandLauncherImpl already translated to CommandLauncherImpl
2024-07-11 21:38:09 INFO translate_type - main: ExecuteException already translated to ExecuteException
2024-07-11 21:38:09 INFO translate_type - main: Exec34Test already translated to Exec34Test
2024-07-11 21:38:09 INFO translate_type - main: Exec65Test already translated to Exec65Test
2024-07-11 21:38:09 INFO translate_type - main: Exec44Test already translated to Exec44Test
2024-07-11 21:38:09 INFO translate_type - main: java.lang.Thread already translated to threading.Thread
2024-07-11 21:38:09 INFO translate_type - main: Java13CommandLauncher already translated to Java13CommandLauncher
2024-07-11 21:38:09 INFO translate_type - main: java.util.Map<> already translated to typing.Dict[typing.Any, typing.Any]
2024-07-11 21:38:09 INFO translate_type - main: Exec57Test already translated to Exec57Test
2024-07-11 21:38:09 INFO translate_type - main: java.lang.String already translated to str
2024-07-11 21:38:09 INFO translate_type - main: Exec60Test already translated to Exec60Test
2024-07-11 21:38:09 INFO translate_type - main: StandAloneTest already translated to StandAloneTest
2024-07-11 21:38:09 INFO translate_type - main: java.nio.file.Files already translated to typing.Union[os.PathLike, os.DirEntry]
2024-07-11 21:38:09 INFO translate_type - main: java.lang.Boolean already translated to bool
2024-07-11 21:38:09 INFO translate_type - main: ****************************************************************************************************
2024-07-11 21:38:09 INFO translate_type - main: Java type:
String

Python type:
str

### Instruction:
Translate the following Java type to Python 3.10 type and write your response like the example above. Your previous translation attempt was incorrect. Here is the feedback:

The translated type from typing import Callable

class Watchdog:
    pass

Supplier = Callable[[], Watchdog]

def create_watchdog() -> Watchdog:
    return Watchdog()

# Usage
supplier: Supplier = create_watchdog
watchdog = supplier() is syntactically incorrect in Python 3.10.



A description of Java type is give as well:

Type Description:
Represents an operation that accepts a single input argument and returns no result

Java type:
java.util.function.Consumer<TimeoutObserver>

### Response:
Python type:


2024-07-11 21:38:09 INFO translate_type - main: ****************************************************************************************************
2024-07-11 21:38:09 INFO _client - _send_single_request: HTTP Request: GET https://bam-api.res.ibm.com/v2/text/generation/limits?version=2023-11-22 "HTTP/1.1 200 OK"
2024-07-11 21:38:13 INFO _client - _send_single_request: HTTP Request: POST https://bam-api.res.ibm.com/v2/text/generation?version=2024-03-19 "HTTP/1.1 200 OK"
2024-07-11 21:38:13 INFO translate_type - main: Failed to translate java.util.function.Consumer<TimeoutObserver>... trying again
2024-07-11 21:38:13 INFO translate_type - main: Failed to translate java.util.function.Consumer<TimeoutObserver>... skipping
2024-07-11 21:38:13 INFO translate_type - main: ****************************************************************************************************
2024-07-11 21:38:13 INFO translate_type - main: Java type:
String

Python type:
str

### Instruction:
Translate the following Java type to Python 3.10 type and write your response like the example above. A description of Java type is given as well:

Type Description:
An object that creates new threads on demand

Java type:
java.util.concurrent.ThreadFactory

### Response:
Python type:


2024-07-11 21:38:13 INFO translate_type - main: ****************************************************************************************************
2024-07-11 21:38:13 INFO _client - _send_single_request: HTTP Request: GET https://bam-api.res.ibm.com/v2/text/generation/limits?version=2023-11-22 "HTTP/1.1 200 OK"
2024-07-11 21:38:15 INFO _client - _send_single_request: HTTP Request: POST https://bam-api.res.ibm.com/v2/text/generation?version=2024-03-19 "HTTP/1.1 200 OK"
2024-07-11 21:38:15 INFO translate_type - main: compile error for translated type import concurrent.futures... trying again for java.util.concurrent.ThreadFactory
2024-07-11 21:38:15 INFO translate_type - main: ****************************************************************************************************
2024-07-11 21:38:15 INFO translate_type - main: Java type:
String

Python type:
str

### Instruction:
Translate the following Java type to Python 3.10 type and write your response like the example above. Your previous translation attempt was incorrect. Here is the feedback:

The translated type import concurrent.futures is syntactically incorrect in Python 3.10.



A description of Java type is give as well:

Type Description:
An object that maps keys to values

Java type:
java.util.Map<? super String,?>

### Response:
Python type:


2024-07-11 21:38:15 INFO translate_type - main: ****************************************************************************************************
2024-07-11 21:38:15 INFO _client - _send_single_request: HTTP Request: GET https://bam-api.res.ibm.com/v2/text/generation/limits?version=2023-11-22 "HTTP/1.1 200 OK"
2024-07-11 21:38:20 INFO _client - _send_single_request: HTTP Request: POST https://bam-api.res.ibm.com/v2/text/generation?version=2024-03-19 "HTTP/1.1 200 OK"
2024-07-11 21:38:20 INFO translate_type - main: compile error for translated type from typing import Mapping, Any

Map: Mapping[Any, Any]... trying again for java.util.Map<? super String,?>
2024-07-11 21:38:20 INFO translate_type - main: java.lang.StringBuilder already translated to str
2024-07-11 21:38:20 INFO translate_type - main: AbstractExecTest already translated to AbstractExecTest
2024-07-11 21:38:20 INFO translate_type - main: LogOutputStream already translated to LogOutputStream
2024-07-11 21:38:20 INFO translate_type - main: K already translated to typing.Any
2024-07-11 21:38:20 INFO translate_type - main: java.lang.Exception already translated to Exception
2024-07-11 21:38:20 INFO translate_type - main: java.nio.file.Path already translated to pathlib.Path
2024-07-11 21:38:20 INFO translate_type - main: java.nio.charset.Charset already translated to str
2024-07-11 21:38:20 INFO translate_type - main: java.util.ArrayList<String> already translated to typing.List[str]
2024-07-11 21:38:20 INFO translate_type - main: java.io.OutputStream already translated to typing.Union[io.BytesIO, io.StringIO, io.BufferedWriter]
2024-07-11 21:38:20 INFO translate_type - main: ****************************************************************************************************
2024-07-11 21:38:20 INFO translate_type - main: Java type:
String

Python type:
str

### Instruction:
Translate the following Java type to Python 3.10 type and write your response like the example above. Your previous translation attempt was incorrect. Here is the feedback:

The translated type from typing import Mapping, Any

Map: Mapping[Any, Any] is syntactically incorrect in Python 3.10.



A description of Java type is give as well:

Type Description:
An object that maps keys to values

Java type:
java.util.Map<String,File>

### Response:
Python type:


2024-07-11 21:38:20 INFO translate_type - main: ****************************************************************************************************
2024-07-11 21:38:20 INFO _client - _send_single_request: HTTP Request: GET https://bam-api.res.ibm.com/v2/text/generation/limits?version=2023-11-22 "HTTP/1.1 200 OK"
2024-07-11 21:38:21 INFO _client - _send_single_request: HTTP Request: POST https://bam-api.res.ibm.com/v2/text/generation?version=2024-03-19 "HTTP/1.1 200 OK"
2024-07-11 21:38:21 INFO translate_type - main: execution error for translated type Dict... trying again for java.util.Map<String,File>
2024-07-11 21:38:22 INFO translate_type - main: java.util.concurrent.TimeUnit already translated to datetime.timedelta
2024-07-11 21:38:22 INFO translate_type - main: Executable already translated to typing.Callable
2024-07-11 21:38:22 INFO translate_type - main: java.lang.System already translated to typing.ModuleType
2024-07-11 21:38:22 INFO translate_type - main: java.util.HashMap<String,String> already translated to typing.Dict[str, str]
2024-07-11 21:38:22 INFO translate_type - main: java.util.Arrays already translated to typing.List
2024-07-11 21:38:22 INFO translate_type - main: ****************************************************************************************************
2024-07-11 21:38:22 INFO translate_type - main: Java type:
String

Python type:
str

### Instruction:
Translate the following Java type to Python 3.10 type and write your response like the example above. Your previous translation attempt was incorrect. Here is the feedback:

    import sqlalchemy
ModuleNotFoundError: No module named 'sqlalchemy'

A description of Java type is give as well:

Type Description:


Java type:
Ljava.lang.String[]

### Response:
Python type:


2024-07-11 21:38:22 INFO translate_type - main: ****************************************************************************************************
2024-07-11 21:38:22 INFO _client - _send_single_request: HTTP Request: GET https://bam-api.res.ibm.com/v2/text/generation/limits?version=2023-11-22 "HTTP/1.1 200 OK"
2024-07-11 21:38:23 INFO _client - _send_single_request: HTTP Request: POST https://bam-api.res.ibm.com/v2/text/generation?version=2024-03-19 "HTTP/1.1 200 OK"
2024-07-11 21:38:23 INFO translate_type - main: execution error for translated type List[str]... trying again for Ljava.lang.String[]
2024-07-11 21:38:23 INFO translate_type - main: Exec49Test already translated to Exec49Test
2024-07-11 21:38:23 INFO translate_type - main: ****************************************************************************************************
2024-07-11 21:38:23 INFO translate_type - main: Java type:
String

Python type:
str

### Instruction:
Translate the following Java type to Python 3.10 type and write your response like the example above. Your previous translation attempt was incorrect. Here is the feedback:

    import sqlalchemy
ModuleNotFoundError: No module named 'sqlalchemy'

A description of Java type is give as well:

Type Description:
A piped output stream can be connected to a piped input stream to create a communications pipe

Java type:
java.io.PipedOutputStream

### Response:
Python type:


2024-07-11 21:38:23 INFO translate_type - main: ****************************************************************************************************
2024-07-11 21:38:23 INFO _client - _send_single_request: HTTP Request: GET https://bam-api.res.ibm.com/v2/text/generation/limits?version=2023-11-22 "HTTP/1.1 200 OK"
2024-07-11 21:38:25 INFO _client - _send_single_request: HTTP Request: POST https://bam-api.res.ibm.com/v2/text/generation?version=2024-03-19 "HTTP/1.1 200 OK"
2024-07-11 21:38:25 INFO translate_type - main: compile error for translated type import io

io.PipedOutputStream... trying again for java.io.PipedOutputStream
2024-07-11 21:38:25 INFO translate_type - main: Failed to translate java.io.PipedOutputStream... skipping
2024-07-11 21:38:25 INFO translate_type - main: ByteArrayOutputStreamX already translated to ByteArrayOutputStreamX
2024-07-11 21:38:25 INFO translate_type - main: StreamPumper already translated to StreamPumper
2024-07-11 21:38:25 INFO translate_type - main: Exec62Test already translated to Exec62Test
2024-07-11 21:38:25 INFO translate_type - main: ****************************************************************************************************
2024-07-11 21:38:25 INFO translate_type - main: Java type:
String

Python type:
str

### Instruction:
Translate the following Java type to Python 3.10 type and write your response like the example above. A description of Java type is given as well:

Type Description:
Represents a supplier of results

Java type:
java.util.function.Supplier<ExecuteWatchdog>

### Response:
Python type:


2024-07-11 21:38:25 INFO translate_type - main: ****************************************************************************************************
2024-07-11 21:38:25 INFO _client - _send_single_request: HTTP Request: GET https://bam-api.res.ibm.com/v2/text/generation/limits?version=2023-11-22 "HTTP/1.1 200 OK"
2024-07-11 21:38:28 INFO _client - _send_single_request: HTTP Request: POST https://bam-api.res.ibm.com/v2/text/generation?version=2024-03-19 "HTTP/1.1 200 OK"
2024-07-11 21:38:28 INFO translate_type - main: compile error for translated type from typing import Callable

def execute_watchdog() -> ExecuteWatchdog:
    pass

Supplier = Callable[[], ExecuteWatchdog]... trying again for java.util.function.Supplier<ExecuteWatchdog>
2024-07-11 21:38:28 INFO translate_type - main: int already translated to int
2024-07-11 21:38:28 INFO translate_type - main: ****************************************************************************************************
2024-07-11 21:38:28 INFO translate_type - main: Java type:
String

Python type:
str

### Instruction:
Translate the following Java type to Python 3.10 type and write your response like the example above. Your previous translation attempt was incorrect. Here is the feedback:

The translated type from typing import Callable

def execute_watchdog() -> ExecuteWatchdog:
    pass

Supplier = Callable[[], ExecuteWatchdog] is syntactically incorrect in Python 3.10.



A description of Java type is give as well:

Type Description:
Represents an operation that accepts a single input argument and returns no result

Java type:
java.util.function.Consumer<Process>

### Response:
Python type:


2024-07-11 21:38:28 INFO translate_type - main: ****************************************************************************************************
2024-07-11 21:38:28 INFO _client - _send_single_request: HTTP Request: GET https://bam-api.res.ibm.com/v2/text/generation/limits?version=2023-11-22 "HTTP/1.1 200 OK"
2024-07-11 21:38:31 INFO _client - _send_single_request: HTTP Request: POST https://bam-api.res.ibm.com/v2/text/generation?version=2024-03-19 "HTTP/1.1 200 OK"
2024-07-11 21:38:31 INFO translate_type - main: compile error for translated type from typing import Callable

Supplier: Callable[[], ExecuteWatchdog]... trying again for java.util.function.Consumer<Process>
2024-07-11 21:38:31 INFO translate_type - main: ****************************************************************************************************
2024-07-11 21:38:31 INFO translate_type - main: Java type:
String

Python type:
str

### Instruction:
Translate the following Java type to Python 3.10 type and write your response like the example above. Your previous translation attempt was incorrect. Here is the feedback:

The translated type from typing import Callable

Supplier: Callable[[], ExecuteWatchdog] is syntactically incorrect in Python 3.10.



A description of Java type is give as well:

Type Description:
Represents a supplier of results

Java type:
java.util.function.Supplier<String>

### Response:
Python type:


2024-07-11 21:38:31 INFO translate_type - main: ****************************************************************************************************
2024-07-11 21:38:31 INFO _client - _send_single_request: HTTP Request: GET https://bam-api.res.ibm.com/v2/text/generation/limits?version=2023-11-22 "HTTP/1.1 200 OK"
2024-07-11 21:38:34 INFO _client - _send_single_request: HTTP Request: POST https://bam-api.res.ibm.com/v2/text/generation?version=2024-03-19 "HTTP/1.1 200 OK"
2024-07-11 21:38:34 INFO translate_type - main: compile error for translated type from typing import Callable

Supplier: Callable[[], str]... trying again for java.util.function.Supplier<String>
2024-07-11 21:38:34 INFO translate_type - main: VmsCommandLauncher already translated to VmsCommandLauncher
2024-07-11 21:38:34 INFO translate_type - main: CommandLineTest already translated to CommandLineTest
2024-07-11 21:38:34 INFO translate_type - main: java.util.Locale already translated to typing.Any
2024-07-11 21:38:34 INFO translate_type - main: DefaultExecutor already translated to DefaultExecutor
2024-07-11 21:38:34 INFO translate_type - main: StringUtilTest already translated to StringUtilTest
2024-07-11 21:38:34 INFO translate_type - main: ****************************************************************************************************
2024-07-11 21:38:34 INFO translate_type - main: Java type:
String

Python type:
str

### Instruction:
Translate the following Java type to Python 3.10 type and write your response like the example above. Your previous translation attempt was incorrect. Here is the feedback:

The translated type from typing import Callable

Supplier: Callable[[], str] is syntactically incorrect in Python 3.10.



A description of Java type is give as well:

Type Description:
An object that maps keys to values

Java type:
java.util.Map<String,V>

### Response:
Python type:


2024-07-11 21:38:34 INFO translate_type - main: ****************************************************************************************************
2024-07-11 21:38:34 INFO _client - _send_single_request: HTTP Request: GET https://bam-api.res.ibm.com/v2/text/generation/limits?version=2023-11-22 "HTTP/1.1 200 OK"
2024-07-11 21:38:35 INFO _client - _send_single_request: HTTP Request: POST https://bam-api.res.ibm.com/v2/text/generation?version=2024-03-19 "HTTP/1.1 200 OK"
2024-07-11 21:38:35 INFO translate_type - main: Failed to translate java.util.Map<String,V>... trying again
2024-07-11 21:38:35 INFO translate_type - main: ****************************************************************************************************
2024-07-11 21:38:35 INFO translate_type - main: Java type:
String

Python type:
str

### Instruction:
Translate the following Java type to Python 3.10 type and write your response like the example above. Your previous translation attempt was incorrect. Here is the feedback:

The translated type from typing import Callable

Supplier: Callable[[], str] is syntactically incorrect in Python 3.10.



A description of Java type is give as well:

Type Description:


Java type:
DefaultExecutor.Builder<Builder>

### Response:
Python type:


2024-07-11 21:38:35 INFO translate_type - main: ****************************************************************************************************
2024-07-11 21:38:36 INFO _client - _send_single_request: HTTP Request: GET https://bam-api.res.ibm.com/v2/text/generation/limits?version=2023-11-22 "HTTP/1.1 200 OK"
2024-07-11 21:38:41 INFO _client - _send_single_request: HTTP Request: POST https://bam-api.res.ibm.com/v2/text/generation?version=2024-03-19 "HTTP/1.1 200 OK"
2024-07-11 21:38:41 INFO translate_type - main: Failed to translate DefaultExecutor.Builder<Builder>... trying again
2024-07-11 21:38:41 INFO translate_type - main: Failed to translate DefaultExecutor.Builder<Builder>... skipping
2024-07-11 21:38:41 INFO translate_type - main: StringUtils already translated to StringUtils
2024-07-11 21:38:41 INFO translate_type - main: LogOutputStreamTest already translated to LogOutputStreamTest
2024-07-11 21:38:41 INFO translate_type - main: OS2CommandLauncher already translated to OS2CommandLauncher
2024-07-11 21:38:41 INFO translate_type - main: ExecuteWatchdog already translated to ExecuteWatchdog
2024-07-11 21:38:41 INFO translate_type - main: java.util.HashMap<String,Object> already translated to typing.Dict[str, typing.Any]
2024-07-11 21:38:41 INFO translate_type - main: DaemonExecutor already translated to DaemonExecutor
2024-07-11 21:38:41 INFO translate_type - main: EnvironmentUtils already translated to EnvironmentUtils
2024-07-11 21:38:41 INFO translate_type - main: CommandLauncherProxy already translated to CommandLauncherProxy
2024-07-11 21:38:41 INFO translate_type - main: ****************************************************************************************************
2024-07-11 21:38:41 INFO translate_type - main: Java type:
String

Python type:
str

### Instruction:
Translate the following Java type to Python 3.10 type and write your response like the example above. A description of Java type is given as well:

Type Description:
Thrown to indicate that a thread is not in an appropriate state for the requested operation

Java type:
java.lang.IllegalThreadStateException

### Response:
Python type:


2024-07-11 21:38:41 INFO translate_type - main: ****************************************************************************************************
2024-07-11 21:38:42 INFO _client - _send_single_request: HTTP Request: GET https://bam-api.res.ibm.com/v2/text/generation/limits?version=2023-11-22 "HTTP/1.1 200 OK"
2024-07-11 21:38:44 INFO _client - _send_single_request: HTTP Request: POST https://bam-api.res.ibm.com/v2/text/generation?version=2024-03-19 "HTTP/1.1 200 OK"
2024-07-11 21:38:44 INFO translate_type - main: Failed to translate java.lang.IllegalThreadStateException... trying again
2024-07-11 21:38:44 INFO translate_type - main: PumpStreamHandler already translated to PumpStreamHandler
2024-07-11 21:38:44 INFO translate_type - main: PumpStreamHandlerTest already translated to PumpStreamHandlerTest
2024-07-11 21:38:44 INFO translate_type - main: java.lang.Throwable already translated to BaseException
2024-07-11 21:38:44 INFO translate_type - main: ****************************************************************************************************
2024-07-11 21:38:44 INFO translate_type - main: Java type:
String

Python type:
str

### Instruction:
Translate the following Java type to Python 3.10 type and write your response like the example above. A description of Java type is given as well:

Type Description:
Represents a function that accepts one argument and produces a result

Java type:
java.util.function.Function<Entry<String,String>,String>

### Response:
Python type:


2024-07-11 21:38:44 INFO translate_type - main: ****************************************************************************************************
2024-07-11 21:38:44 INFO _client - _send_single_request: HTTP Request: GET https://bam-api.res.ibm.com/v2/text/generation/limits?version=2023-11-22 "HTTP/1.1 200 OK"
2024-07-11 21:38:47 INFO _client - _send_single_request: HTTP Request: POST https://bam-api.res.ibm.com/v2/text/generation?version=2024-03-19 "HTTP/1.1 200 OK"
2024-07-11 21:38:47 INFO translate_type - main: compile error for translated type from typing import Callable

def function(entry: tuple) -> str:
    pass... trying again for java.util.function.Function<Entry<String,String>,String>
2024-07-11 21:38:47 INFO translate_type - main: ExecuteResultHandler already translated to ExecuteResultHandler
2024-07-11 21:38:47 INFO translate_type - main: java.util.Map<String,String> already translated to typing.Dict[str, str]
2024-07-11 21:38:47 INFO translate_type - main: java.lang.IllegalStateException already translated to RuntimeError
2024-07-11 21:38:47 INFO translate_type - main: java.lang.NullPointerException already translated to typing.Union[TypeError, AttributeError]
2024-07-11 21:38:47 INFO translate_type - main: Executor already translated to Executor
2024-07-11 21:38:47 INFO translate_type - main: java.util.StringTokenizer already translated to str
2024-07-11 21:38:47 INFO translate_type - main: InputStreamPumper already translated to InputStreamPumper
2024-07-11 21:38:47 INFO translate_type - main: ProcessDestroyer already translated to ProcessDestroyer
2024-07-11 21:38:47 INFO translate_type - main: char already translated to str
2024-07-11 21:38:47 INFO translate_type - main: ****************************************************************************************************
2024-07-11 21:38:47 INFO translate_type - main: Java type:
String

Python type:
str

### Instruction:
Translate the following Java type to Python 3.10 type and write your response like the example above. Your previous translation attempt was incorrect. Here is the feedback:

The translated type from typing import Callable

def function(entry: tuple) -> str:
    pass is syntactically incorrect in Python 3.10.



A description of Java type is give as well:

Type Description:
Hash table based implementation of the Map interface

Java type:
java.util.HashMap<String,?>

### Response:
Python type:


2024-07-11 21:38:47 INFO translate_type - main: ****************************************************************************************************
2024-07-11 21:38:47 INFO _client - _send_single_request: HTTP Request: GET https://bam-api.res.ibm.com/v2/text/generation/limits?version=2023-11-22 "HTTP/1.1 200 OK"
2024-07-11 21:38:48 INFO _client - _send_single_request: HTTP Request: POST https://bam-api.res.ibm.com/v2/text/generation?version=2024-03-19 "HTTP/1.1 200 OK"
2024-07-11 21:38:48 INFO translate_type - main: Failed to translate java.util.HashMap<String,?>... trying again
2024-07-11 21:38:48 INFO translate_type - main: ****************************************************************************************************
2024-07-11 21:38:48 INFO translate_type - main: Java type:
String

Python type:
str

### Instruction:
Translate the following Java type to Python 3.10 type and write your response like the example above. Your previous translation attempt was incorrect. Here is the feedback:

The translated type from typing import Callable

def function(entry: tuple) -> str:
    pass is syntactically incorrect in Python 3.10.



A description of Java type is give as well:

Type Description:
A piped input stream should be connected to a piped output stream; the piped  input stream then provides whatever data bytes are written to the piped output  stream

Java type:
java.io.PipedInputStream

### Response:
Python type:


2024-07-11 21:38:48 INFO translate_type - main: ****************************************************************************************************
2024-07-11 21:38:49 INFO _client - _send_single_request: HTTP Request: GET https://bam-api.res.ibm.com/v2/text/generation/limits?version=2023-11-22 "HTTP/1.1 200 OK"
2024-07-11 21:38:52 INFO _client - _send_single_request: HTTP Request: POST https://bam-api.res.ibm.com/v2/text/generation?version=2024-03-19 "HTTP/1.1 200 OK"
2024-07-11 21:38:52 INFO translate_type - main: compile error for translated type import io

def function(entry: io.BufferedReader) -> str:
    pass... trying again for java.io.PipedInputStream
2024-07-11 21:38:52 INFO translate_type - main: java.lang.Character already translated to str
2024-07-11 21:38:52 INFO translate_type - main: OpenVmsProcessingEnvironment already translated to OpenVmsProcessingEnvironment
2024-07-11 21:38:52 INFO translate_type - main: java.util.Objects already translated to typing.Any
2024-07-11 21:38:52 INFO translate_type - main: ****************************************************************************************************
2024-07-11 21:38:52 INFO translate_type - main: Java type:
String

Python type:
str

### Instruction:
Translate the following Java type to Python 3.10 type and write your response like the example above. Your previous translation attempt was incorrect. Here is the feedback:

The translated type import io

def function(entry: io.BufferedReader) -> str:
    pass is syntactically incorrect in Python 3.10.



A description of Java type is give as well:

Type Description:
A comparison function, which imposes a total ordering on some collection of objects

Java type:
java.util.Comparator<String>

### Response:
Python type:


2024-07-11 21:38:52 INFO translate_type - main: ****************************************************************************************************
2024-07-11 21:38:52 INFO _client - _send_single_request: HTTP Request: GET https://bam-api.res.ibm.com/v2/text/generation/limits?version=2023-11-22 "HTTP/1.1 200 OK"
2024-07-11 21:38:55 INFO _client - _send_single_request: HTTP Request: POST https://bam-api.res.ibm.com/v2/text/generation?version=2024-03-19 "HTTP/1.1 200 OK"
2024-07-11 21:38:56 INFO translate_type - main: compile error for translated type from typing import Callable

def function(entry: Callable[[str, str], int]) -> str:
    pass... trying again for java.util.Comparator<String>
2024-07-11 21:38:56 INFO translate_type - main: Failed to translate java.util.Comparator<String>... skipping
2024-07-11 21:38:56 INFO translate_type - main: ****************************************************************************************************
2024-07-11 21:38:56 INFO translate_type - main: Java type:
String

Python type:
str

### Instruction:
Translate the following Java type to Python 3.10 type and write your response like the example above. A description of Java type is given as well:

Type Description:
Exception thrown when a blocking operation times out

Java type:
java.util.concurrent.TimeoutException

### Response:
Python type:


2024-07-11 21:38:56 INFO translate_type - main: ****************************************************************************************************
2024-07-11 21:38:56 INFO _client - _send_single_request: HTTP Request: GET https://bam-api.res.ibm.com/v2/text/generation/limits?version=2023-11-22 "HTTP/1.1 200 OK"
2024-07-11 21:38:57 INFO _client - _send_single_request: HTTP Request: POST https://bam-api.res.ibm.com/v2/text/generation?version=2024-03-19 "HTTP/1.1 200 OK"
2024-07-11 21:38:57 INFO translate_type - main: execution error for translated type TimeoutError... trying again for java.util.concurrent.TimeoutException
2024-07-11 21:38:57 INFO translate_type - main: ****************************************************************************************************
2024-07-11 21:38:57 INFO translate_type - main: Java type:
String

Python type:
str

### Instruction:
Translate the following Java type to Python 3.10 type and write your response like the example above. Your previous translation attempt was incorrect. Here is the feedback:

    import sqlalchemy
ModuleNotFoundError: No module named 'sqlalchemy'

A description of Java type is give as well:

Type Description:
An object that maps keys to values

Java type:
java.util.Map<K,V>

### Response:
Python type:


2024-07-11 21:38:57 INFO translate_type - main: ****************************************************************************************************
2024-07-11 21:38:57 INFO _client - _send_single_request: HTTP Request: GET https://bam-api.res.ibm.com/v2/text/generation/limits?version=2023-11-22 "HTTP/1.1 200 OK"
2024-07-11 21:38:58 INFO _client - _send_single_request: HTTP Request: POST https://bam-api.res.ibm.com/v2/text/generation?version=2024-03-19 "HTTP/1.1 200 OK"
2024-07-11 21:38:58 INFO translate_type - main: Failed to translate java.util.Map<K,V>... trying again
2024-07-11 21:38:58 INFO translate_type - main: java.time.Duration already translated to datetime.timedelta
2024-07-11 21:38:58 INFO translate_type - main: T already translated to typing.Any
2024-07-11 21:38:58 INFO translate_type - main: ****************************************************************************************************
2024-07-11 21:38:58 INFO translate_type - main: Java type:
String

Python type:
str

### Instruction:
Translate the following Java type to Python 3.10 type and write your response like the example above. Your previous translation attempt was incorrect. Here is the feedback:

    import sqlalchemy
ModuleNotFoundError: No module named 'sqlalchemy'

A description of Java type is give as well:

Type Description:
Hash table based implementation of the Map interface

Java type:
java.util.HashMap<String,File>

### Response:
Python type:


2024-07-11 21:38:58 INFO translate_type - main: ****************************************************************************************************
2024-07-11 21:38:58 INFO _client - _send_single_request: HTTP Request: GET https://bam-api.res.ibm.com/v2/text/generation/limits?version=2023-11-22 "HTTP/1.1 200 OK"
2024-07-11 21:39:06 INFO _client - _send_single_request: HTTP Request: POST https://bam-api.res.ibm.com/v2/text/generation?version=2024-03-19 "HTTP/1.1 200 OK"
2024-07-11 21:39:06 INFO translate_type - main: execution error for translated type Dict... trying again for java.util.HashMap<String,File>
2024-07-11 21:39:06 INFO translate_type - main: ExecuteStreamHandler already translated to ExecuteStreamHandler
2024-07-11 21:39:06 INFO translate_type - main: V already translated to typing.Any
2024-07-11 21:39:06 INFO translate_type - main: ThreadUtil already translated to ThreadUtil
2024-07-11 21:39:06 INFO translate_type - main: byte already translated to int
2024-07-11 21:39:06 INFO translate_type - main: java.io.File already translated to pathlib.Path
2024-07-11 21:39:06 INFO translate_type - main: DefaultExecutorTest already translated to DefaultExecutorTest
2024-07-11 21:39:06 INFO translate_type - main: ****************************************************************************************************
2024-07-11 21:39:06 INFO translate_type - main: Java type:
String

Python type:
str

### Instruction:
Translate the following Java type to Python 3.10 type and write your response like the example above. Your previous translation attempt was incorrect. Here is the feedback:

    import sqlalchemy
ModuleNotFoundError: No module named 'sqlalchemy'

A description of Java type is give as well:

Type Description:
An object that maps keys to values

Java type:
java.util.Map<>.Entry<K,V>

### Response:
Python type:


2024-07-11 21:39:06 INFO translate_type - main: ****************************************************************************************************
2024-07-11 21:39:06 INFO _client - _send_single_request: HTTP Request: GET https://bam-api.res.ibm.com/v2/text/generation/limits?version=2023-11-22 "HTTP/1.1 200 OK"
2024-07-11 21:39:07 INFO _client - _send_single_request: HTTP Request: POST https://bam-api.res.ibm.com/v2/text/generation?version=2024-03-19 "HTTP/1.1 200 OK"
2024-07-11 21:39:07 INFO translate_type - main: execution error for translated type Dict... trying again for java.util.Map<>.Entry<K,V>
2024-07-11 21:39:07 INFO translate_type - main: ****************************************************************************************************
2024-07-11 21:39:07 INFO translate_type - main: Java type:
String

Python type:
str

### Instruction:
Translate the following Java type to Python 3.10 type and write your response like the example above. Your previous translation attempt was incorrect. Here is the feedback:

    import sqlalchemy
ModuleNotFoundError: No module named 'sqlalchemy'

A description of Java type is give as well:

Type Description:
A collection that contains no duplicate elements

Java type:
java.util.Set<Entry<String,String>>

### Response:
Python type:


2024-07-11 21:39:07 INFO translate_type - main: ****************************************************************************************************
2024-07-11 21:39:08 INFO _client - _send_single_request: HTTP Request: GET https://bam-api.res.ibm.com/v2/text/generation/limits?version=2023-11-22 "HTTP/1.1 200 OK"
2024-07-11 21:39:19 INFO _client - _send_single_request: HTTP Request: POST https://bam-api.res.ibm.com/v2/text/generation?version=2024-03-19 "HTTP/1.1 200 OK"
2024-07-11 21:39:19 INFO translate_type - main: execution error for translated type Set... trying again for java.util.Set<Entry<String,String>>
2024-07-11 21:39:19 INFO translate_type - main: Failed to translate java.util.Set<Entry<String,String>>... skipping
2024-07-11 21:39:19 INFO translate_type - main: java.lang.RuntimeException already translated to RuntimeError
2024-07-11 21:39:19 INFO translate_type - main: java.lang.Integer already translated to int
2024-07-11 21:39:19 INFO translate_type - main: java.io.BufferedReader already translated to io.BufferedReader
2024-07-11 21:39:19 INFO translate_type - main: Exec36Test already translated to Exec36Test
2024-07-11 21:39:19 INFO translate_type - main: ****************************************************************************************************
2024-07-11 21:39:19 INFO translate_type - main: Java type:
String

Python type:
str

### Instruction:
Translate the following Java type to Python 3.10 type and write your response like the example above. A description of Java type is given as well:

Type Description:
Represents a supplier of results

Java type:
java.util.function.Supplier<DefaultExecutor>

### Response:
Python type:


2024-07-11 21:39:19 INFO translate_type - main: ****************************************************************************************************
2024-07-11 21:39:19 INFO _client - _send_single_request: HTTP Request: GET https://bam-api.res.ibm.com/v2/text/generation/limits?version=2023-11-22 "HTTP/1.1 200 OK"
2024-07-11 21:39:21 INFO _client - _send_single_request: HTTP Request: POST https://bam-api.res.ibm.com/v2/text/generation?version=2024-03-19 "HTTP/1.1 200 OK"
2024-07-11 21:39:21 INFO translate_type - main: compile error for translated type from typing import Callable

# Assuming DefaultExecutor is a class
DefaultExecutor = TypeVar('DefaultExecutor')
Supplier = Callable[[], DefaultExecutor]... trying again for java.util.function.Supplier<DefaultExecutor>
2024-07-11 21:39:21 INFO translate_type - main: CommandLine already translated to CommandLine
2024-07-11 21:39:21 INFO translate_type - main: java.io.PrintWriter already translated to typing.Union[io.TextIOWrapper, io.StringIO]
2024-07-11 21:39:21 INFO translate_type - main: Exec41Test already translated to Exec41Test
2024-07-11 21:39:21 INFO translate_type - main: Exec33Test already translated to Exec33Test
2024-07-11 21:39:21 INFO translate_type - main: java.util.HashMap<K,V> already translated to typing.Dict[typing.Any, typing.Any]
2024-07-11 21:39:21 INFO translate_type - main: Total success: 112
2024-07-11 21:39:21 INFO translate_type - main: Total failed: 6
