2024-07-11 22:18:35 INFO translate_type - main: new run started...
2024-07-11 22:18:35 INFO translate_type - main: Translating types from Java to Python in project jansi using dummy
2024-07-11 22:18:35 INFO translate_type - main: Target language version: 3.10. Translation type: simple
2024-07-11 22:18:35 INFO translate_type - main: java.lang.RuntimeException already translated to RuntimeError
2024-07-11 22:18:35 INFO translate_type - main: ****************************************************************************************************
2024-07-11 22:18:35 INFO translate_type - main: Java type:
String

Python type:
str

### Instruction:
Translate the following Java type to Python 3.10 type and write your response like the example above:

Java type:
Kernel32.CONSOLE_SCREEN_BUFFER_INFO

### Response:
Python type:


2024-07-11 22:18:35 INFO translate_type - main: ****************************************************************************************************
2024-07-11 22:18:36 INFO _client - _send_single_request: HTTP Request: GET https://bam-api.res.ibm.com/v2/text/generation/limits?version=2023-11-22 "HTTP/1.1 200 OK"
2024-07-11 22:18:45 INFO _client - _send_single_request: HTTP Request: POST https://bam-api.res.ibm.com/v2/text/generation?version=2024-03-19 "HTTP/1.1 200 OK"
2024-07-11 22:18:45 INFO translate_type - main: compile error for translated type import cTypes

class CONSOLE_SCREEN_BUFFER_INFO(cTypes.Structure):
    _fields_ = [
        ("dwSize", cTypes.c_ulong),
        ("dwCursorPosition", cTypes.c_ulong),
        ("wAttributes", cTypes.c_ushort),
        ("srWindow", cTypes.c_ushort),
        ("dwMaximumWindowSize", cTypes.c_ulong),
    ]... trying again for Kernel32.CONSOLE_SCREEN_BUFFER_INFO
2024-07-11 22:18:45 INFO translate_type - main: java.io.OutputStream already translated to typing.Union[io.BytesIO, io.StringIO, io.BufferedWriter]
2024-07-11 22:18:45 INFO translate_type - main: ****************************************************************************************************
2024-07-11 22:18:45 INFO translate_type - main: Java type:
String

Python type:
str

Your previous translation attempt was incorrect. Here is the feedback:

The translated type import cTypes

class CONSOLE_SCREEN_BUFFER_INFO(cTypes.Structure):
    _fields_ = [
        ("dwSize", cTypes.c_ulong),
        ("dwCursorPosition", cTypes.c_ulong),
        ("wAttributes", cTypes.c_ushort),
        ("srWindow", cTypes.c_ushort),
        ("dwMaximumWindowSize", cTypes.c_ulong),
    ] is syntactically incorrect in Python 3.10.



### Instruction:
Translate the following Java type to Python 3.10 type and write your response like the example above:

Java type:
java.lang.ProcessBuilder

### Response:
Python type:


2024-07-11 22:18:45 INFO translate_type - main: ****************************************************************************************************
2024-07-11 22:18:45 INFO _client - _send_single_request: HTTP Request: GET https://bam-api.res.ibm.com/v2/text/generation/limits?version=2023-11-22 "HTTP/1.1 200 OK"
2024-07-11 22:18:51 INFO _client - _send_single_request: HTTP Request: POST https://bam-api.res.ibm.com/v2/text/generation?version=2024-03-19 "HTTP/1.1 200 OK"
2024-07-11 22:18:51 INFO translate_type - main: Failed to translate java.lang.ProcessBuilder... trying again
2024-07-11 22:18:51 INFO translate_type - main: short[] already translated to typing.List[int]
2024-07-11 22:18:51 INFO translate_type - main: java.io.IOException already translated to typing.Union[IOError, OSError]
2024-07-11 22:18:51 INFO translate_type - main: ****************************************************************************************************
2024-07-11 22:18:51 INFO translate_type - main: Java type:
String

Python type:
str

Your previous translation attempt was incorrect. Here is the feedback:

The translated type import cTypes

class CONSOLE_SCREEN_BUFFER_INFO(cTypes.Structure):
    _fields_ = [
        ("dwSize", cTypes.c_ulong),
        ("dwCursorPosition", cTypes.c_ulong),
        ("wAttributes", cTypes.c_ushort),
        ("srWindow", cTypes.c_ushort),
        ("dwMaximumWindowSize", cTypes.c_ulong),
    ] is syntactically incorrect in Python 3.10.



### Instruction:
Translate the following Java type to Python 3.10 type and write your response like the example above:

Java type:
java.io.FileDescriptor

### Response:
Python type:


2024-07-11 22:18:51 INFO translate_type - main: ****************************************************************************************************
2024-07-11 22:18:51 INFO _client - _send_single_request: HTTP Request: GET https://bam-api.res.ibm.com/v2/text/generation/limits?version=2023-11-22 "HTTP/1.1 200 OK"
2024-07-11 22:18:59 INFO _client - _send_single_request: HTTP Request: POST https://bam-api.res.ibm.com/v2/text/generation?version=2024-03-19 "HTTP/1.1 200 OK"
2024-07-11 22:18:59 INFO translate_type - main: compile error for translated type import os

# Open a file
fd = os.open("test.txt", os.O_RDONLY)

# Use the file descriptor
os.read(fd, 100)

# Close the file
os.close(fd)... trying again for java.io.FileDescriptor
2024-07-11 22:18:59 INFO translate_type - main: ****************************************************************************************************
2024-07-11 22:18:59 INFO translate_type - main: Java type:
String

Python type:
str

Your previous translation attempt was incorrect. Here is the feedback:

The translated type import os

# Open a file
fd = os.open("test.txt", os.O_RDONLY)

# Use the file descriptor
os.read(fd, 100)

# Close the file
os.close(fd) is syntactically incorrect in Python 3.10.



### Instruction:
Translate the following Java type to Python 3.10 type and write your response like the example above:

Java type:
AnsiOutputStream.IoRunnable

### Response:
Python type:


2024-07-11 22:18:59 INFO translate_type - main: ****************************************************************************************************
2024-07-11 22:18:59 INFO _client - _send_single_request: HTTP Request: GET https://bam-api.res.ibm.com/v2/text/generation/limits?version=2023-11-22 "HTTP/1.1 200 OK"
2024-07-11 22:19:06 INFO _client - _send_single_request: HTTP Request: POST https://bam-api.res.ibm.com/v2/text/generation?version=2024-03-19 "HTTP/1.1 200 OK"
2024-07-11 22:19:06 INFO translate_type - main: Failed to translate AnsiOutputStream.IoRunnable... trying again
2024-07-11 22:19:06 INFO translate_type - main: java.io.ByteArrayOutputStream already translated to typing.Union[io.BytesIO, bytearray]
2024-07-11 22:19:06 INFO translate_type - main: java.lang.Long already translated to int
2024-07-11 22:19:06 INFO translate_type - main: java.lang.Throwable already translated to BaseException
2024-07-11 22:19:06 INFO translate_type - main: ****************************************************************************************************
2024-07-11 22:19:06 INFO translate_type - main: Java type:
String

Python type:
str

Your previous translation attempt was incorrect. Here is the feedback:

The translated type import os

# Open a file
fd = os.open("test.txt", os.O_RDONLY)

# Use the file descriptor
os.read(fd, 100)

# Close the file
os.close(fd) is syntactically incorrect in Python 3.10.



### Instruction:
Translate the following Java type to Python 3.10 type and write your response like the example above:

Java type:
java.lang.Redirect

### Response:
Python type:


2024-07-11 22:19:06 INFO translate_type - main: ****************************************************************************************************
2024-07-11 22:19:06 INFO _client - _send_single_request: HTTP Request: GET https://bam-api.res.ibm.com/v2/text/generation/limits?version=2023-11-22 "HTTP/1.1 200 OK"
2024-07-11 22:19:14 INFO _client - _send_single_request: HTTP Request: POST https://bam-api.res.ibm.com/v2/text/generation?version=2024-03-19 "HTTP/1.1 200 OK"
2024-07-11 22:19:14 INFO translate_type - main: compile error for translated type import subprocess

# Run a command and capture its output
output = subprocess.check_output(['ls', '-l'])

# Print the output
print(output.decode())... trying again for java.lang.Redirect
2024-07-11 22:19:14 INFO translate_type - main: Failed to translate java.lang.Redirect... skipping
2024-07-11 22:19:14 INFO translate_type - main: java.lang.IllegalArgumentException already translated to ValueError
2024-07-11 22:19:14 INFO translate_type - main: java.io.InputStream already translated to typing.Union[io.BytesIO, io.StringIO, io.BufferedReader]
2024-07-11 22:19:14 INFO translate_type - main: byte[] already translated to typing.List[int]
2024-07-11 22:19:14 INFO translate_type - main: java.lang.Math already translated to typing.Any
2024-07-11 22:19:14 INFO translate_type - main: java.lang.Enum<?> already translated to enum.Enum
2024-07-11 22:19:14 INFO translate_type - main: ****************************************************************************************************
2024-07-11 22:19:14 INFO translate_type - main: Java type:
String

Python type:
str

### Instruction:
Translate the following Java type to Python 3.10 type and write your response like the example above:

Java type:
java.lang.reflect.Constructor<?>

### Response:
Python type:


2024-07-11 22:19:14 INFO translate_type - main: ****************************************************************************************************
2024-07-11 22:19:14 INFO _client - _send_single_request: HTTP Request: GET https://bam-api.res.ibm.com/v2/text/generation/limits?version=2023-11-22 "HTTP/1.1 200 OK"
2024-07-11 22:19:20 INFO _client - _send_single_request: HTTP Request: POST https://bam-api.res.ibm.com/v2/text/generation?version=2024-03-19 "HTTP/1.1 200 OK"
2024-07-11 22:19:20 INFO translate_type - main: compile error for translated type import inspect

# The Type of java.lang.reflect.Constructor<?> in Python is not directly available. 
# However, you can use the inspect module in Python to get information about constructors.
# Here is an example of how you can use it:

class MyClass:
    def __init__(self):
        pass

# Get the constructor of MyClass
constructor = inspect.signature(MyClass.__init__)

# Print the constructor
print(constructor)... trying again for java.lang.reflect.Constructor<?>
2024-07-11 22:19:20 INFO translate_type - main: ****************************************************************************************************
2024-07-11 22:19:20 INFO translate_type - main: Java type:
String

Python type:
str

Your previous translation attempt was incorrect. Here is the feedback:

The translated type import inspect

# The Type of java.lang.reflect.Constructor<?> in Python is not directly available. 
# However, you can use the inspect module in Python to get information about constructors.
# Here is an example of how you can use it:

class MyClass:
    def __init__(self):
        pass

# Get the constructor of MyClass
constructor = inspect.signature(MyClass.__init__)

# Print the constructor
print(constructor) is syntactically incorrect in Python 3.10.



### Instruction:
Translate the following Java type to Python 3.10 type and write your response like the example above:

Java type:
java.nio.file.StandardCopyOption

### Response:
Python type:


2024-07-11 22:19:20 INFO translate_type - main: ****************************************************************************************************
2024-07-11 22:19:20 INFO _client - _send_single_request: HTTP Request: GET https://bam-api.res.ibm.com/v2/text/generation/limits?version=2023-11-22 "HTTP/1.1 200 OK"
2024-07-11 22:19:27 INFO _client - _send_single_request: HTTP Request: POST https://bam-api.res.ibm.com/v2/text/generation?version=2024-03-19 "HTTP/1.1 200 OK"
2024-07-11 22:19:27 INFO translate_type - main: compile error for translated type import shutil

# Copy a file
shutil.copyfile('source.txt', 'destination.txt')... trying again for java.nio.file.StandardCopyOption
2024-07-11 22:19:27 INFO translate_type - main: java.lang.Appendable already translated to typing.Union[typing.List, io.TextIOBase]
2024-07-11 22:19:27 INFO translate_type - main: java.lang.Class<?> already translated to typing.Type[typing.Any]
2024-07-11 22:19:27 INFO translate_type - main: java.lang.Thread already translated to threading.Thread
2024-07-11 22:19:27 INFO translate_type - main: java.lang.Runtime already translated to subprocess.Popen
2024-07-11 22:19:27 INFO translate_type - main: java.io.File already translated to pathlib.Path
2024-07-11 22:19:27 INFO translate_type - main: java.io.FileOutputStream already translated to typing.Union[io.FileIO, io.BufferedWriter]
2024-07-11 22:19:27 INFO translate_type - main: ****************************************************************************************************
2024-07-11 22:19:27 INFO translate_type - main: Java type:
String

Python type:
str

Your previous translation attempt was incorrect. Here is the feedback:

The translated type import shutil

# Copy a file
shutil.copyfile('source.txt', 'destination.txt') is syntactically incorrect in Python 3.10.



### Instruction:
Translate the following Java type to Python 3.10 type and write your response like the example above:

Java type:
java.lang.Process

### Response:
Python type:


2024-07-11 22:19:27 INFO translate_type - main: ****************************************************************************************************
2024-07-11 22:19:28 INFO _client - _send_single_request: HTTP Request: GET https://bam-api.res.ibm.com/v2/text/generation/limits?version=2023-11-22 "HTTP/1.1 200 OK"
2024-07-11 22:20:02 INFO _client - _send_single_request: HTTP Request: POST https://bam-api.res.ibm.com/v2/text/generation?version=2024-03-19 "HTTP/1.1 200 OK"
2024-07-11 22:20:02 INFO translate_type - main: Failed to translate java.lang.Process... trying again
2024-07-11 22:20:02 INFO translate_type - main: ****************************************************************************************************
2024-07-11 22:20:02 INFO translate_type - main: Java type:
String

Python type:
str

Your previous translation attempt was incorrect. Here is the feedback:

The translated type import shutil

# Copy a file
shutil.copyfile('source.txt', 'destination.txt') is syntactically incorrect in Python 3.10.



### Instruction:
Translate the following Java type to Python 3.10 type and write your response like the example above:

Java type:
java.lang.InheritableThreadLocal<Boolean>

### Response:
Python type:


2024-07-11 22:20:02 INFO translate_type - main: ****************************************************************************************************
2024-07-11 22:20:02 INFO _client - _send_single_request: HTTP Request: GET https://bam-api.res.ibm.com/v2/text/generation/limits?version=2023-11-22 "HTTP/1.1 200 OK"
2024-07-11 22:20:35 INFO _client - _send_single_request: HTTP Request: POST https://bam-api.res.ibm.com/v2/text/generation?version=2024-03-19 "HTTP/1.1 200 OK"
2024-07-11 22:20:35 INFO translate_type - main: Failed to translate java.lang.InheritableThreadLocal<Boolean>... trying again
2024-07-11 22:20:35 INFO translate_type - main: java.lang.Boolean already translated to bool
2024-07-11 22:20:35 INFO translate_type - main: int[] already translated to typing.List[int]
2024-07-11 22:20:35 INFO translate_type - main: java.util.LinkedList<String> already translated to typing.List[str]
2024-07-11 22:20:35 INFO translate_type - main: java.nio.file.Files already translated to typing.Union[os.PathLike, os.DirEntry]
2024-07-11 22:20:35 INFO translate_type - main: java.lang.StringBuilder already translated to str
2024-07-11 22:20:35 INFO translate_type - main: ****************************************************************************************************
2024-07-11 22:20:35 INFO translate_type - main: Java type:
String

Python type:
str

Your previous translation attempt was incorrect. Here is the feedback:

The translated type import shutil

# Copy a file
shutil.copyfile('source.txt', 'destination.txt') is syntactically incorrect in Python 3.10.



### Instruction:
Translate the following Java type to Python 3.10 type and write your response like the example above:

Java type:
java.util.concurrent.Callable<Boolean>

### Response:
Python type:


2024-07-11 22:20:35 INFO translate_type - main: ****************************************************************************************************
2024-07-11 22:20:35 INFO _client - _send_single_request: HTTP Request: GET https://bam-api.res.ibm.com/v2/text/generation/limits?version=2023-11-22 "HTTP/1.1 200 OK"
2024-07-11 22:21:06 INFO _client - _send_single_request: HTTP Request: POST https://bam-api.res.ibm.com/v2/text/generation?version=2024-03-19 "HTTP/1.1 200 OK"
2024-07-11 22:21:06 INFO translate_type - main: Failed to translate java.util.concurrent.Callable<Boolean>... trying again
2024-07-11 22:21:06 INFO translate_type - main: Failed to translate java.util.concurrent.Callable<Boolean>... skipping
2024-07-11 22:21:06 INFO translate_type - main: java.util.HashMap<String,String> already translated to typing.Dict[str, str]
2024-07-11 22:21:06 INFO translate_type - main: double[] already translated to typing.List[float]
2024-07-11 22:21:06 INFO translate_type - main: java.io.FilenameFilter already translated to os.DirEntry
2024-07-11 22:21:06 INFO translate_type - main: java.lang.IllegalStateException already translated to RuntimeError
2024-07-11 22:21:06 INFO translate_type - main: java.nio.charset.UnsupportedCharsetException already translated to typing.Union[LookupError, UnicodeError]
2024-07-11 22:21:06 INFO translate_type - main: java.lang.Object already translated to typing.Any
2024-07-11 22:21:06 INFO translate_type - main: long already translated to int
2024-07-11 22:21:06 INFO translate_type - main: java.lang.Runnable already translated to typing.Callable
2024-07-11 22:21:06 INFO translate_type - main: java.io.Closeable already translated to io.IOBase
2024-07-11 22:21:06 INFO translate_type - main: OS already translated to OS
2024-07-11 22:21:06 INFO translate_type - main: ****************************************************************************************************
2024-07-11 22:21:06 INFO translate_type - main: Java type:
String

Python type:
str

### Instruction:
Translate the following Java type to Python 3.10 type and write your response like the example above:

Java type:
java.util.concurrent.atomic.AtomicReference<String>

### Response:
Python type:


2024-07-11 22:21:06 INFO translate_type - main: ****************************************************************************************************
2024-07-11 22:21:06 INFO _client - _send_single_request: HTTP Request: GET https://bam-api.res.ibm.com/v2/text/generation/limits?version=2023-11-22 "HTTP/1.1 200 OK"
2024-07-11 22:21:10 INFO _client - _send_single_request: HTTP Request: POST https://bam-api.res.ibm.com/v2/text/generation?version=2024-03-19 "HTTP/1.1 200 OK"
2024-07-11 22:21:10 INFO translate_type - main: compile error for translated type from typing import TypeVar, Generic

T = TypeVar('T')

class AtomicReference(Generic[T]):
    def __init__(self, value: T):
        self.value = value... trying again for java.util.concurrent.atomic.AtomicReference<String>
2024-07-11 22:21:10 INFO translate_type - main: java.lang.CharSequence already translated to str
2024-07-11 22:21:10 INFO translate_type - main: java.io.InputStreamReader already translated to io.TextIOWrapper
2024-07-11 22:21:10 INFO translate_type - main: java.lang.String already translated to str
2024-07-11 22:21:10 INFO translate_type - main: ****************************************************************************************************
2024-07-11 22:21:10 INFO translate_type - main: Java type:
String

Python type:
str

Your previous translation attempt was incorrect. Here is the feedback:

The translated type from typing import TypeVar, Generic

T = TypeVar('T')

class AtomicReference(Generic[T]):
    def __init__(self, value: T):
        self.value = value is syntactically incorrect in Python 3.10.



### Instruction:
Translate the following Java type to Python 3.10 type and write your response like the example above:

Java type:
java.io.IOError

### Response:
Python type:


2024-07-11 22:21:10 INFO translate_type - main: ****************************************************************************************************
2024-07-11 22:21:10 INFO _client - _send_single_request: HTTP Request: GET https://bam-api.res.ibm.com/v2/text/generation/limits?version=2023-11-22 "HTTP/1.1 200 OK"
2024-07-11 22:21:17 INFO _client - _send_single_request: HTTP Request: POST https://bam-api.res.ibm.com/v2/text/generation?version=2024-03-19 "HTTP/1.1 200 OK"
2024-07-11 22:21:17 INFO translate_type - main: compile error for translated type class MyIOError(OSError):
    pass

try:
    # IO operation here
    pass
except OSError as e:
    raise MyIOError("An IO operation failed") from e... trying again for java.io.IOError
2024-07-11 22:21:17 INFO translate_type - main: ****************************************************************************************************
2024-07-11 22:21:17 INFO translate_type - main: Java type:
String

Python type:
str

Your previous translation attempt was incorrect. Here is the feedback:

The translated type class MyIOError(OSError):
    pass

try:
    # IO operation here
    pass
except OSError as e:
    raise MyIOError("An IO operation failed") from e is syntactically incorrect in Python 3.10.



### Instruction:
Translate the following Java type to Python 3.10 type and write your response like the example above:

Java type:
java.lang.ProcessBuilder.Redirect

### Response:
Python type:


2024-07-11 22:21:17 INFO translate_type - main: ****************************************************************************************************
2024-07-11 22:21:17 INFO _client - _send_single_request: HTTP Request: GET https://bam-api.res.ibm.com/v2/text/generation/limits?version=2023-11-22 "HTTP/1.1 200 OK"
2024-07-11 22:21:26 INFO _client - _send_single_request: HTTP Request: POST https://bam-api.res.ibm.com/v2/text/generation?version=2024-03-19 "HTTP/1.1 200 OK"
2024-07-11 22:21:26 INFO translate_type - main: compile error for translated type import subprocess

# Create a subprocess and redirect its standard output to a pipe
process = subprocess.Popen(['ls', '-l'], stdout=subprocess.PIPE)

# Read the output of the subprocess
output = process.communicate()[0]

# Print the output
print(output.decode())... trying again for java.lang.ProcessBuilder.Redirect
2024-07-11 22:21:26 INFO translate_type - main: Executable already translated to typing.Callable
2024-07-11 22:21:26 INFO translate_type - main: java.nio.file.Paths already translated to pathlib.Path
2024-07-11 22:21:26 INFO translate_type - main: java.io.BufferedReader already translated to io.BufferedReader
2024-07-11 22:21:26 INFO translate_type - main: java.util.Locale already translated to typing.Any
2024-07-11 22:21:26 INFO translate_type - main: java.io.UnsupportedEncodingException already translated to typing.Union[UnicodeEncodeError, UnicodeDecodeError]
2024-07-11 22:21:26 INFO translate_type - main: ****************************************************************************************************
2024-07-11 22:21:26 INFO translate_type - main: Java type:
String

Python type:
str

Your previous translation attempt was incorrect. Here is the feedback:

The translated type import subprocess

# Create a subprocess and redirect its standard output to a pipe
process = subprocess.Popen(['ls', '-l'], stdout=subprocess.PIPE)

# Read the output of the subprocess
output = process.communicate()[0]

# Print the output
print(output.decode()) is syntactically incorrect in Python 3.10.



### Instruction:
Translate the following Java type to Python 3.10 type and write your response like the example above:

Java type:
Ansi.Color

### Response:
Python type:


2024-07-11 22:21:26 INFO translate_type - main: ****************************************************************************************************
2024-07-11 22:21:26 INFO _client - _send_single_request: HTTP Request: GET https://bam-api.res.ibm.com/v2/text/generation/limits?version=2023-11-22 "HTTP/1.1 200 OK"
2024-07-11 22:21:30 INFO _client - _send_single_request: HTTP Request: POST https://bam-api.res.ibm.com/v2/text/generation?version=2024-03-19 "HTTP/1.1 200 OK"
2024-07-11 22:21:30 INFO translate_type - main: Failed to translate Ansi.Color... trying again
2024-07-11 22:21:30 INFO translate_type - main: byte already translated to int
2024-07-11 22:21:30 INFO translate_type - main: java.util.ArrayList<Object> already translated to typing.List[typing.Any]
2024-07-11 22:21:30 INFO translate_type - main: java.lang.System already translated to typing.ModuleType
2024-07-11 22:21:30 INFO translate_type - main: java.util.Properties already translated to typing.Union[configparser.ConfigParser, typing.Dict]
2024-07-11 22:21:30 INFO translate_type - main: ****************************************************************************************************
2024-07-11 22:21:30 INFO translate_type - main: Java type:
String

Python type:
str

Your previous translation attempt was incorrect. Here is the feedback:

The translated type import subprocess

# Create a subprocess and redirect its standard output to a pipe
process = subprocess.Popen(['ls', '-l'], stdout=subprocess.PIPE)

# Read the output of the subprocess
output = process.communicate()[0]

# Print the output
print(output.decode()) is syntactically incorrect in Python 3.10.



### Instruction:
Translate the following Java type to Python 3.10 type and write your response like the example above:

Java type:
INPUT_RECORD[]

### Response:
Python type:


2024-07-11 22:21:30 INFO translate_type - main: ****************************************************************************************************
2024-07-11 22:21:30 INFO _client - _send_single_request: HTTP Request: GET https://bam-api.res.ibm.com/v2/text/generation/limits?version=2023-11-22 "HTTP/1.1 200 OK"
2024-07-11 22:21:58 INFO _client - _send_single_request: HTTP Request: POST https://bam-api.res.ibm.com/v2/text/generation?version=2024-03-19 "HTTP/1.1 200 OK"
2024-07-11 22:21:58 INFO translate_type - main: Failed to translate INPUT_RECORD[]... trying again
2024-07-11 22:21:58 INFO translate_type - main: Failed to translate INPUT_RECORD[]... skipping
2024-07-11 22:21:58 INFO translate_type - main: char already translated to str
2024-07-11 22:21:58 INFO translate_type - main: java.lang.Character already translated to str
2024-07-11 22:21:58 INFO translate_type - main: float already translated to float
2024-07-11 22:21:58 INFO translate_type - main: java.util.regex.Pattern already translated to re.Pattern
2024-07-11 22:21:58 INFO translate_type - main: java.io.FileInputStream already translated to typing.Union[io.FileIO, io.BufferedReader]
2024-07-11 22:21:58 INFO translate_type - main: void already translated to None
2024-07-11 22:21:58 INFO translate_type - main: java.lang.StringBuffer already translated to str
2024-07-11 22:21:58 INFO translate_type - main: java.io.FilterOutputStream already translated to typing.Union[io.BufferedWriter, io.RawIOBase]
2024-07-11 22:21:58 INFO translate_type - main: java.lang.reflect.Field already translated to typing.Any
2024-07-11 22:21:58 INFO translate_type - main: java.lang.Exception already translated to Exception
2024-07-11 22:21:58 INFO translate_type - main: java.lang.NullPointerException already translated to typing.Union[TypeError, AttributeError]
2024-07-11 22:21:58 INFO translate_type - main: java.lang.Integer already translated to int
2024-07-11 22:21:58 INFO translate_type - main: java.net.URL already translated to typing.Union[urllib.parse.ParseResult, urllib.parse.SplitResult, urllib.parse.DefragResult, str]
2024-07-11 22:21:58 INFO translate_type - main: java.nio.charset.Charset already translated to str
2024-07-11 22:21:58 INFO translate_type - main: java.util.List<String> already translated to typing.List[str]
2024-07-11 22:21:58 INFO translate_type - main: int already translated to int
2024-07-11 22:21:58 INFO translate_type - main: java.nio.file.Path already translated to pathlib.Path
2024-07-11 22:21:58 INFO translate_type - main: short already translated to int
2024-07-11 22:21:58 INFO translate_type - main: ****************************************************************************************************
2024-07-11 22:21:58 INFO translate_type - main: Java type:
String

Python type:
str

### Instruction:
Translate the following Java type to Python 3.10 type and write your response like the example above:

Java type:
AnsiOutputStream.ZeroWidthSupplier

### Response:
Python type:


2024-07-11 22:21:58 INFO translate_type - main: ****************************************************************************************************
2024-07-11 22:21:59 INFO _client - _send_single_request: HTTP Request: GET https://bam-api.res.ibm.com/v2/text/generation/limits?version=2023-11-22 "HTTP/1.1 200 OK"
2024-07-11 22:22:00 INFO _client - _send_single_request: HTTP Request: POST https://bam-api.res.ibm.com/v2/text/generation?version=2024-03-19 "HTTP/1.1 200 OK"
2024-07-11 22:22:01 INFO translate_type - main: compile error for translated type # No direct equivalent in Python for Java's AnsiOutputStream.ZeroWidthSupplier.
# This is a functional interface in Java that represents a supplier of a zero-width character.
# In Python, you can use a lambda function or a function to achieve similar functionality.... trying again for AnsiOutputStream.ZeroWidthSupplier
2024-07-11 22:22:01 INFO translate_type - main: java.lang.Package already translated to typing.Any
2024-07-11 22:22:01 INFO translate_type - main: ****************************************************************************************************
2024-07-11 22:22:01 INFO translate_type - main: Java type:
String

Python type:
str

Your previous translation attempt was incorrect. Here is the feedback:

The translated type # No direct equivalent in Python for Java's AnsiOutputStream.ZeroWidthSupplier.
# This is a functional interface in Java that represents a supplier of a zero-width character.
# In Python, you can use a lambda function or a function to achieve similar functionality. is syntactically incorrect in Python 3.10.



### Instruction:
Translate the following Java type to Python 3.10 type and write your response like the example above:

Java type:
CLibrary.WinSize

### Response:
Python type:


2024-07-11 22:22:01 INFO translate_type - main: ****************************************************************************************************
2024-07-11 22:22:01 INFO _client - _send_single_request: HTTP Request: GET https://bam-api.res.ibm.com/v2/text/generation/limits?version=2023-11-22 "HTTP/1.1 200 OK"
2024-07-11 22:22:10 INFO _client - _send_single_request: HTTP Request: POST https://bam-api.res.ibm.com/v2/text/generation?version=2024-03-19 "HTTP/1.1 200 OK"
2024-07-11 22:22:10 INFO translate_type - main: compile error for translated type import os
import fcntl
import termios

def get_terminal_size():
    env = os.environ

    def ioctl_GWINSZ(fd):
        try:
            cr = struct.unpack('hh', fcntl.ioctl(fd, termios.TIOCGWINSZ, '1234'))
        except:
            return None
        return cr
    cr = ioctl_GWINSZ(0) or ioctl_GWINSZ(1) or ioctl_GWINSZ(2)
    if not cr:
        try:
            fd = os.open(os.ctermid(), os.O_RDONLY)
            cr = ioctl_GWINSZ(fd)
            os.close(fd)
        except:
            pass
    if not cr:
        try:
            cr = (env['LINES'], env['COLUMNS'])
        except:
            return None
    return int(cr[1]), int(cr[0])

print(get_terminal_size())... trying again for CLibrary.WinSize
2024-07-11 22:22:10 INFO translate_type - main: ****************************************************************************************************
2024-07-11 22:22:10 INFO translate_type - main: Java type:
String

Python type:
str

Your previous translation attempt was incorrect. Here is the feedback:

The translated type import os
import fcntl
import termios

def get_terminal_size():
    env = os.environ

    def ioctl_GWINSZ(fd):
        try:
            cr = struct.unpack('hh', fcntl.ioctl(fd, termios.TIOCGWINSZ, '1234'))
        except:
            return None
        return cr
    cr = ioctl_GWINSZ(0) or ioctl_GWINSZ(1) or ioctl_GWINSZ(2)
    if not cr:
        try:
            fd = os.open(os.ctermid(), os.O_RDONLY)
            cr = ioctl_GWINSZ(fd)
            os.close(fd)
        except:
            pass
    if not cr:
        try:
            cr = (env['LINES'], env['COLUMNS'])
        except:
            return None
    return int(cr[1]), int(cr[0])

print(get_terminal_size()) is syntactically incorrect in Python 3.10.



### Instruction:
Translate the following Java type to Python 3.10 type and write your response like the example above:

Java type:
java.util.Iterator<Object>

### Response:
Python type:


2024-07-11 22:22:10 INFO translate_type - main: ****************************************************************************************************
2024-07-11 22:22:11 INFO _client - _send_single_request: HTTP Request: GET https://bam-api.res.ibm.com/v2/text/generation/limits?version=2023-11-22 "HTTP/1.1 200 OK"
2024-07-11 22:22:14 INFO _client - _send_single_request: HTTP Request: POST https://bam-api.res.ibm.com/v2/text/generation?version=2024-03-19 "HTTP/1.1 200 OK"
2024-07-11 22:22:14 INFO translate_type - main: compile error for translated type from typing import Iterator, Any

iterator: Iterator[Any]... trying again for java.util.Iterator<Object>
2024-07-11 22:22:14 INFO translate_type - main: ****************************************************************************************************
2024-07-11 22:22:14 INFO translate_type - main: Java type:
String

Python type:
str

Your previous translation attempt was incorrect. Here is the feedback:

The translated type from typing import Iterator, Any

iterator: Iterator[Any] is syntactically incorrect in Python 3.10.



### Instruction:
Translate the following Java type to Python 3.10 type and write your response like the example above:

Java type:
AnsiOutputStream.WidthSupplier

### Response:
Python type:


2024-07-11 22:22:14 INFO translate_type - main: ****************************************************************************************************
2024-07-11 22:22:14 INFO _client - _send_single_request: HTTP Request: GET https://bam-api.res.ibm.com/v2/text/generation/limits?version=2023-11-22 "HTTP/1.1 200 OK"
2024-07-11 22:22:17 INFO _client - _send_single_request: HTTP Request: POST https://bam-api.res.ibm.com/v2/text/generation?version=2024-03-19 "HTTP/1.1 200 OK"
2024-07-11 22:22:17 INFO translate_type - main: compile error for translated type def get_width() -> int:
    pass... trying again for AnsiOutputStream.WidthSupplier
2024-07-11 22:22:17 INFO translate_type - main: java.lang.SecurityException already translated to typing.Union[PermissionError, AccessDeniedError]
2024-07-11 22:22:17 INFO translate_type - main: java.util.Random already translated to random.Random
2024-07-11 22:22:17 INFO translate_type - main: java.util.Arrays already translated to typing.List
2024-07-11 22:22:17 INFO translate_type - main: double already translated to float
2024-07-11 22:22:17 INFO translate_type - main: java.util.regex.Matcher already translated to re.Match
2024-07-11 22:22:17 INFO translate_type - main: java.util.ArrayList<Integer> already translated to typing.List[int]
2024-07-11 22:22:17 INFO translate_type - main: java.nio.charset.StandardCharsets already translated to codecs.Codec
2024-07-11 22:22:17 INFO translate_type - main: java.lang.Class<> already translated to typing.Type[typing.Any]
2024-07-11 22:22:17 INFO translate_type - main: ****************************************************************************************************
2024-07-11 22:22:17 INFO translate_type - main: Java type:
String

Python type:
str

Your previous translation attempt was incorrect. Here is the feedback:

The translated type def get_width() -> int:
    pass is syntactically incorrect in Python 3.10.



### Instruction:
Translate the following Java type to Python 3.10 type and write your response like the example above:

Java type:
java.lang.UnsatisfiedLinkError

### Response:
Python type:


2024-07-11 22:22:17 INFO translate_type - main: ****************************************************************************************************
2024-07-11 22:22:17 INFO _client - _send_single_request: HTTP Request: GET https://bam-api.res.ibm.com/v2/text/generation/limits?version=2023-11-22 "HTTP/1.1 200 OK"
2024-07-11 22:22:22 INFO _client - _send_single_request: HTTP Request: POST https://bam-api.res.ibm.com/v2/text/generation?version=2024-03-19 "HTTP/1.1 200 OK"
2024-07-11 22:22:22 INFO translate_type - main: compile error for translated type try:
    import some_native_library
except ImportError:
    raise Exception("UnsatisfiedLinkError: Could not find native library")... trying again for java.lang.UnsatisfiedLinkError
2024-07-11 22:22:22 INFO translate_type - main: Failed to translate java.lang.UnsatisfiedLinkError... skipping
2024-07-11 22:22:22 INFO translate_type - main: Total success: 72
2024-07-11 22:22:22 INFO translate_type - main: Total failed: 4
