2024-07-11 22:18:04 INFO translate_type - main: new run started...
2024-07-11 22:18:04 INFO translate_type - main: Translating types from Java to Python in project jansi using dummy
2024-07-11 22:18:04 INFO translate_type - main: Target language version: 3.10. Translation type: source_description
2024-07-11 22:22:30 INFO translate_type - main: new run started...
2024-07-11 22:22:30 INFO translate_type - main: Translating types from Java to Python in project jansi using dummy
2024-07-11 22:22:30 INFO translate_type - main: Target language version: 3.10. Translation type: source_description
2024-07-11 22:22:30 INFO translate_type - main: java.lang.RuntimeException already translated to RuntimeError
2024-07-11 22:22:30 INFO translate_type - main: WinSize already translated to WinSize
2024-07-11 22:22:30 INFO translate_type - main: Color already translated to Color
2024-07-11 22:22:30 INFO translate_type - main: ****************************************************************************************************
2024-07-11 22:22:30 INFO translate_type - main: Java type:
String

Python type:
str

### Instruction:
Translate the following Java type to Python 3.10 type and write your response like the example above. A description of Java type is given as well:

Type Description:


Java type:
Kernel32.CONSOLE_SCREEN_BUFFER_INFO

### Response:
Python type:


2024-07-11 22:22:30 INFO translate_type - main: ****************************************************************************************************
2024-07-11 22:22:31 INFO _client - _send_single_request: HTTP Request: GET https://bam-api.res.ibm.com/v2/text/generation/limits?version=2023-11-22 "HTTP/1.1 200 OK"
2024-07-11 22:22:35 INFO _client - _send_single_request: HTTP Request: POST https://bam-api.res.ibm.com/v2/text/generation?version=2024-03-19 "HTTP/1.1 200 OK"
2024-07-11 22:22:35 INFO translate_type - main: compile error for translated type # No direct equivalent in Python for this Java Type.
# However, you can create a similar structure in Python using a class.

class CONSOLE_SCREEN_BUFFER_INFO:
    def __init__(self, dwSize, dwCursorPosition, wAttributes, srWindow, dwMaximumWindowSize):
        self.dwSize = dwSize
        self.dwCursorPosition = dwCursorPosition
        self.wAttributes = wAttributes
        self.srWindow = srWindow
        self.dwMaximumWindowSize = dwMaximumWindowSize... trying again for Kernel32.CONSOLE_SCREEN_BUFFER_INFO
2024-07-11 22:22:35 INFO translate_type - main: AnsiType already translated to AnsiType
2024-07-11 22:22:35 INFO translate_type - main: java.io.OutputStream already translated to typing.Union[io.BytesIO, io.StringIO, io.BufferedWriter]
2024-07-11 22:22:35 INFO translate_type - main: ****************************************************************************************************
2024-07-11 22:22:35 INFO translate_type - main: Java type:
String

Python type:
str

### Instruction:
Translate the following Java type to Python 3.10 type and write your response like the example above. Your previous translation attempt was incorrect. Here is the feedback:

The translated type # No direct equivalent in Python for this Java Type.
# However, you can create a similar structure in Python using a class.

class CONSOLE_SCREEN_BUFFER_INFO:
    def __init__(self, dwSize, dwCursorPosition, wAttributes, srWindow, dwMaximumWindowSize):
        self.dwSize = dwSize
        self.dwCursorPosition = dwCursorPosition
        self.wAttributes = wAttributes
        self.srWindow = srWindow
        self.dwMaximumWindowSize = dwMaximumWindowSize is syntactically incorrect in Python 3.10.



A description of Java type is give as well:

Type Description:
This class is used to create operating system processes

Java type:
java.lang.ProcessBuilder

### Response:
Python type:


2024-07-11 22:22:35 INFO translate_type - main: ****************************************************************************************************
2024-07-11 22:22:35 INFO _client - _send_single_request: HTTP Request: GET https://bam-api.res.ibm.com/v2/text/generation/limits?version=2023-11-22 "HTTP/1.1 200 OK"
2024-07-11 22:22:37 INFO _client - _send_single_request: HTTP Request: POST https://bam-api.res.ibm.com/v2/text/generation?version=2024-03-19 "HTTP/1.1 200 OK"
2024-07-11 22:22:37 INFO translate_type - main: Failed to translate java.lang.ProcessBuilder... trying again
2024-07-11 22:22:37 INFO translate_type - main: short[] already translated to typing.List[int]
2024-07-11 22:22:37 INFO translate_type - main: WindowsSupport already translated to WindowsSupport
2024-07-11 22:22:37 INFO translate_type - main: java.io.IOException already translated to typing.Union[IOError, OSError]
2024-07-11 22:22:37 INFO translate_type - main: ****************************************************************************************************
2024-07-11 22:22:37 INFO translate_type - main: Java type:
String

Python type:
str

### Instruction:
Translate the following Java type to Python 3.10 type and write your response like the example above. Your previous translation attempt was incorrect. Here is the feedback:

The translated type # No direct equivalent in Python for this Java Type.
# However, you can create a similar structure in Python using a class.

class CONSOLE_SCREEN_BUFFER_INFO:
    def __init__(self, dwSize, dwCursorPosition, wAttributes, srWindow, dwMaximumWindowSize):
        self.dwSize = dwSize
        self.dwCursorPosition = dwCursorPosition
        self.wAttributes = wAttributes
        self.srWindow = srWindow
        self.dwMaximumWindowSize = dwMaximumWindowSize is syntactically incorrect in Python 3.10.



A description of Java type is give as well:

Type Description:
Instances of the file descriptor class serve as an opaque handle to the underlying machine-specific structure representing an open file, an open socket, or another source or sink of bytes

Java type:
java.io.FileDescriptor

### Response:
Python type:


2024-07-11 22:22:37 INFO translate_type - main: ****************************************************************************************************
2024-07-11 22:22:37 INFO _client - _send_single_request: HTTP Request: GET https://bam-api.res.ibm.com/v2/text/generation/limits?version=2023-11-22 "HTTP/1.1 200 OK"
2024-07-11 22:22:42 INFO _client - _send_single_request: HTTP Request: POST https://bam-api.res.ibm.com/v2/text/generation?version=2024-03-19 "HTTP/1.1 200 OK"
2024-07-11 22:22:42 INFO translate_type - main: compile error for translated type import os

# Open a file
file = open('example.txt', 'r')

# Get the file descriptor
fd = file.fileno()

# Use the file descriptor
os.read(fd, 100)

# Close the file
file.close()... trying again for java.io.FileDescriptor
2024-07-11 22:22:42 INFO translate_type - main: ****************************************************************************************************
2024-07-11 22:22:42 INFO translate_type - main: Java type:
String

Python type:
str

### Instruction:
Translate the following Java type to Python 3.10 type and write your response like the example above. Your previous translation attempt was incorrect. Here is the feedback:

The translated type import os

# Open a file
file = open('example.txt', 'r')

# Get the file descriptor
fd = file.fileno()

# Use the file descriptor
os.read(fd, 100)

# Close the file
file.close() is syntactically incorrect in Python 3.10.



A description of Java type is give as well:

Type Description:


Java type:
AnsiOutputStream.IoRunnable

### Response:
Python type:


2024-07-11 22:22:42 INFO translate_type - main: ****************************************************************************************************
2024-07-11 22:22:42 INFO _client - _send_single_request: HTTP Request: GET https://bam-api.res.ibm.com/v2/text/generation/limits?version=2023-11-22 "HTTP/1.1 200 OK"
2024-07-11 22:22:45 INFO _client - _send_single_request: HTTP Request: POST https://bam-api.res.ibm.com/v2/text/generation?version=2024-03-19 "HTTP/1.1 200 OK"
2024-07-11 22:22:45 INFO translate_type - main: Failed to translate AnsiOutputStream.IoRunnable... trying again
2024-07-11 22:22:45 INFO translate_type - main: MingwSupport already translated to MingwSupport
2024-07-11 22:22:45 INFO translate_type - main: java.io.ByteArrayOutputStream already translated to typing.Union[io.BytesIO, bytearray]
2024-07-11 22:22:45 INFO translate_type - main: OSInfo already translated to OSInfo
2024-07-11 22:22:45 INFO translate_type - main: java.lang.Long already translated to int
2024-07-11 22:22:45 INFO translate_type - main: java.lang.Throwable already translated to BaseException
2024-07-11 22:22:45 INFO translate_type - main: ****************************************************************************************************
2024-07-11 22:22:45 INFO translate_type - main: Java type:
String

Python type:
str

### Instruction:
Translate the following Java type to Python 3.10 type and write your response like the example above. Your previous translation attempt was incorrect. Here is the feedback:

The translated type import os

# Open a file
file = open('example.txt', 'r')

# Get the file descriptor
fd = file.fileno()

# Use the file descriptor
os.read(fd, 100)

# Close the file
file.close() is syntactically incorrect in Python 3.10.



A description of Java type is give as well:

Type Description:


Java type:
java.lang.Redirect

### Response:
Python type:


2024-07-11 22:22:45 INFO translate_type - main: ****************************************************************************************************
2024-07-11 22:22:45 INFO _client - _send_single_request: HTTP Request: GET https://bam-api.res.ibm.com/v2/text/generation/limits?version=2023-11-22 "HTTP/1.1 200 OK"
2024-07-11 22:22:49 INFO _client - _send_single_request: HTTP Request: POST https://bam-api.res.ibm.com/v2/text/generation?version=2024-03-19 "HTTP/1.1 200 OK"
2024-07-11 22:22:50 INFO translate_type - main: compile error for translated type import subprocess

with open('example.txt', 'w') as file:
    subprocess.run(['command', 'to', 'run'], stdout=file)... trying again for java.lang.Redirect
2024-07-11 22:22:50 INFO translate_type - main: Failed to translate java.lang.Redirect... skipping
2024-07-11 22:22:50 INFO translate_type - main: java.lang.IllegalArgumentException already translated to ValueError
2024-07-11 22:22:50 INFO translate_type - main: java.io.InputStream already translated to typing.Union[io.BytesIO, io.StringIO, io.BufferedReader]
2024-07-11 22:22:50 INFO translate_type - main: WindowsAnsiProcessor already translated to WindowsAnsiProcessor
2024-07-11 22:22:50 INFO translate_type - main: byte[] already translated to typing.List[int]
2024-07-11 22:22:50 INFO translate_type - main: AnsiOutputStreamTest already translated to AnsiOutputStreamTest
2024-07-11 22:22:50 INFO translate_type - main: java.lang.Math already translated to typing.Any
2024-07-11 22:22:50 INFO translate_type - main: java.lang.Enum<?> already translated to enum.Enum
2024-07-11 22:22:50 INFO translate_type - main: ****************************************************************************************************
2024-07-11 22:22:50 INFO translate_type - main: Java type:
String

Python type:
str

### Instruction:
Translate the following Java type to Python 3.10 type and write your response like the example above. A description of Java type is given as well:

Type Description:
Constructor provides information about, and access to, a single constructor for a class

Java type:
java.lang.reflect.Constructor<?>

### Response:
Python type:


2024-07-11 22:22:50 INFO translate_type - main: ****************************************************************************************************
2024-07-11 22:22:50 INFO _client - _send_single_request: HTTP Request: GET https://bam-api.res.ibm.com/v2/text/generation/limits?version=2023-11-22 "HTTP/1.1 200 OK"
2024-07-11 22:23:05 INFO _client - _send_single_request: HTTP Request: POST https://bam-api.res.ibm.com/v2/text/generation?version=2024-03-19 "HTTP/1.1 200 OK"
2024-07-11 22:23:05 INFO translate_type - main: compile error for translated type import inspect... trying again for java.lang.reflect.Constructor<?>
2024-07-11 22:23:05 INFO translate_type - main: AnsiConsole already translated to AnsiConsole
2024-07-11 22:23:05 INFO translate_type - main: ****************************************************************************************************
2024-07-11 22:23:05 INFO translate_type - main: Java type:
String

Python type:
str

### Instruction:
Translate the following Java type to Python 3.10 type and write your response like the example above. Your previous translation attempt was incorrect. Here is the feedback:

The translated type import inspect is syntactically incorrect in Python 3.10.



A description of Java type is give as well:

Type Description:
Defines the standard copy options

Java type:
java.nio.file.StandardCopyOption

### Response:
Python type:


2024-07-11 22:23:05 INFO translate_type - main: ****************************************************************************************************
2024-07-11 22:23:05 INFO _client - _send_single_request: HTTP Request: GET https://bam-api.res.ibm.com/v2/text/generation/limits?version=2023-11-22 "HTTP/1.1 200 OK"
2024-07-11 22:23:07 INFO _client - _send_single_request: HTTP Request: POST https://bam-api.res.ibm.com/v2/text/generation?version=2024-03-19 "HTTP/1.1 200 OK"
2024-07-11 22:23:07 INFO translate_type - main: compile error for translated type import shutil... trying again for java.nio.file.StandardCopyOption
2024-07-11 22:23:07 INFO translate_type - main: java.lang.Appendable already translated to typing.Union[typing.List, io.TextIOBase]
2024-07-11 22:23:07 INFO translate_type - main: java.lang.Class<?> already translated to typing.Type[typing.Any]
2024-07-11 22:23:07 INFO translate_type - main: WINDOW_BUFFER_SIZE_RECORD already translated to WINDOW_BUFFER_SIZE_RECORD
2024-07-11 22:23:07 INFO translate_type - main: java.lang.Thread already translated to threading.Thread
2024-07-11 22:23:07 INFO translate_type - main: java.lang.Runtime already translated to subprocess.Popen
2024-07-11 22:23:07 INFO translate_type - main: java.io.File already translated to pathlib.Path
2024-07-11 22:23:07 INFO translate_type - main: java.io.FileOutputStream already translated to typing.Union[io.FileIO, io.BufferedWriter]
2024-07-11 22:23:07 INFO translate_type - main: ****************************************************************************************************
2024-07-11 22:23:07 INFO translate_type - main: Java type:
String

Python type:
str

### Instruction:
Translate the following Java type to Python 3.10 type and write your response like the example above. Your previous translation attempt was incorrect. Here is the feedback:

The translated type import shutil is syntactically incorrect in Python 3.10.



A description of Java type is give as well:

Type Description:
The ProcessBuilder

Java type:
java.lang.Process

### Response:
Python type:


2024-07-11 22:23:07 INFO translate_type - main: ****************************************************************************************************
2024-07-11 22:23:07 INFO _client - _send_single_request: HTTP Request: GET https://bam-api.res.ibm.com/v2/text/generation/limits?version=2023-11-22 "HTTP/1.1 200 OK"
2024-07-11 22:23:09 INFO _client - _send_single_request: HTTP Request: POST https://bam-api.res.ibm.com/v2/text/generation?version=2024-03-19 "HTTP/1.1 200 OK"
2024-07-11 22:23:09 INFO translate_type - main: compile error for translated type import subprocess... trying again for java.lang.Process
2024-07-11 22:23:09 INFO translate_type - main: ****************************************************************************************************
2024-07-11 22:23:09 INFO translate_type - main: Java type:
String

Python type:
str

### Instruction:
Translate the following Java type to Python 3.10 type and write your response like the example above. Your previous translation attempt was incorrect. Here is the feedback:

The translated type import subprocess is syntactically incorrect in Python 3.10.



A description of Java type is give as well:

Type Description:
This class extends ThreadLocal to provide inheritance of values from parent thread to child thread: when a child thread is created, the child receives initial values for all inheritable thread-local variables for which the parent has values

Java type:
java.lang.InheritableThreadLocal<Boolean>

### Response:
Python type:


2024-07-11 22:23:09 INFO translate_type - main: ****************************************************************************************************
2024-07-11 22:23:09 INFO _client - _send_single_request: HTTP Request: GET https://bam-api.res.ibm.com/v2/text/generation/limits?version=2023-11-22 "HTTP/1.1 200 OK"
2024-07-11 22:23:12 INFO _client - _send_single_request: HTTP Request: POST https://bam-api.res.ibm.com/v2/text/generation?version=2024-03-19 "HTTP/1.1 200 OK"
2024-07-11 22:23:12 INFO translate_type - main: compile error for translated type from threading import InheritableThreadLocal... trying again for java.lang.InheritableThreadLocal<Boolean>
2024-07-11 22:23:12 INFO translate_type - main: java.lang.Boolean already translated to bool
2024-07-11 22:23:12 INFO translate_type - main: WidthSupplier already translated to WidthSupplier
2024-07-11 22:23:12 INFO translate_type - main: int[] already translated to typing.List[int]
2024-07-11 22:23:12 INFO translate_type - main: java.util.LinkedList<String> already translated to typing.List[str]
2024-07-11 22:23:12 INFO translate_type - main: AnsiMain already translated to AnsiMain
2024-07-11 22:23:12 INFO translate_type - main: java.nio.file.Files already translated to typing.Union[os.PathLike, os.DirEntry]
2024-07-11 22:23:12 INFO translate_type - main: java.lang.StringBuilder already translated to str
2024-07-11 22:23:12 INFO translate_type - main: ****************************************************************************************************
2024-07-11 22:23:12 INFO translate_type - main: Java type:
String

Python type:
str

### Instruction:
Translate the following Java type to Python 3.10 type and write your response like the example above. Your previous translation attempt was incorrect. Here is the feedback:

The translated type from threading import InheritableThreadLocal is syntactically incorrect in Python 3.10.



A description of Java type is give as well:

Type Description:
A task that returns a result and may throw an exception

Java type:
java.util.concurrent.Callable<Boolean>

### Response:
Python type:


2024-07-11 22:23:12 INFO translate_type - main: ****************************************************************************************************
2024-07-11 22:23:13 INFO _client - _send_single_request: HTTP Request: GET https://bam-api.res.ibm.com/v2/text/generation/limits?version=2023-11-22 "HTTP/1.1 200 OK"
2024-07-11 22:23:14 INFO _client - _send_single_request: HTTP Request: POST https://bam-api.res.ibm.com/v2/text/generation?version=2024-03-19 "HTTP/1.1 200 OK"
2024-07-11 22:23:14 INFO translate_type - main: compile error for translated type from typing import Callable... trying again for java.util.concurrent.Callable<Boolean>
2024-07-11 22:23:14 INFO translate_type - main: Failed to translate java.util.concurrent.Callable<Boolean>... skipping
2024-07-11 22:23:14 INFO translate_type - main: AnsiStringTest already translated to AnsiStringTest
2024-07-11 22:23:14 INFO translate_type - main: java.util.HashMap<String,String> already translated to typing.Dict[str, str]
2024-07-11 22:23:14 INFO translate_type - main: double[] already translated to typing.List[float]
2024-07-11 22:23:14 INFO translate_type - main: java.io.FilenameFilter already translated to os.DirEntry
2024-07-11 22:23:14 INFO translate_type - main: java.lang.IllegalStateException already translated to RuntimeError
2024-07-11 22:23:14 INFO translate_type - main: java.nio.charset.UnsupportedCharsetException already translated to typing.Union[LookupError, UnicodeError]
2024-07-11 22:23:14 INFO translate_type - main: Attribute already translated to Attribute
2024-07-11 22:23:14 INFO translate_type - main: java.lang.Object already translated to typing.Any
2024-07-11 22:23:14 INFO translate_type - main: long already translated to int
2024-07-11 22:23:14 INFO translate_type - main: java.lang.Runnable already translated to typing.Callable
2024-07-11 22:23:14 INFO translate_type - main: Colors already translated to Colors
2024-07-11 22:23:14 INFO translate_type - main: AnsiMode already translated to AnsiMode
2024-07-11 22:23:14 INFO translate_type - main: java.io.Closeable already translated to io.IOBase
2024-07-11 22:23:14 INFO translate_type - main: AnsiRendererTest already translated to AnsiRendererTest
2024-07-11 22:23:14 INFO translate_type - main: OS already translated to OS
2024-07-11 22:23:14 INFO translate_type - main: ****************************************************************************************************
2024-07-11 22:23:14 INFO translate_type - main: Java type:
String

Python type:
str

### Instruction:
Translate the following Java type to Python 3.10 type and write your response like the example above. A description of Java type is given as well:

Type Description:
An object reference that may be updated atomically

Java type:
java.util.concurrent.atomic.AtomicReference<String>

### Response:
Python type:


2024-07-11 22:23:14 INFO translate_type - main: ****************************************************************************************************
2024-07-11 22:23:15 INFO _client - _send_single_request: HTTP Request: GET https://bam-api.res.ibm.com/v2/text/generation/limits?version=2023-11-22 "HTTP/1.1 200 OK"
2024-07-11 22:23:21 INFO _client - _send_single_request: HTTP Request: POST https://bam-api.res.ibm.com/v2/text/generation?version=2024-03-19 "HTTP/1.1 200 OK"
2024-07-11 22:23:21 INFO translate_type - main: compile error for translated type from typing import TypeVar, Generic

T = TypeVar('T')

class AtomicReference(Generic[T]):
    def __init__(self, value: T):
        self.value = value

    def get(self) -> T:
        return self.value

    def Set(self, new_value: T) -> None:
        self.value = new_value

    def compare_and_Set(self, expected_value: T, new_value: T) -> bool:
        if self.value == expected_value:
            self.value = new_value
            return True
        else:
            return False... trying again for java.util.concurrent.atomic.AtomicReference<String>
2024-07-11 22:23:21 INFO translate_type - main: java.lang.CharSequence already translated to str
2024-07-11 22:23:21 INFO translate_type - main: java.io.InputStreamReader already translated to io.TextIOWrapper
2024-07-11 22:23:21 INFO translate_type - main: COORD already translated to COORD
2024-07-11 22:23:21 INFO translate_type - main: AnsiRenderer already translated to AnsiRenderer
2024-07-11 22:23:21 INFO translate_type - main: InstallUninstallTest already translated to InstallUninstallTest
2024-07-11 22:23:21 INFO translate_type - main: java.lang.String already translated to str
2024-07-11 22:23:21 INFO translate_type - main: ZeroWidthSupplier already translated to ZeroWidthSupplier
2024-07-11 22:23:21 INFO translate_type - main: AnsiOutputStream already translated to AnsiOutputStream
2024-07-11 22:23:21 INFO translate_type - main: FOCUS_EVENT_RECORD already translated to FOCUS_EVENT_RECORD
2024-07-11 22:23:21 INFO translate_type - main: CHAR_INFO already translated to CHAR_INFO
2024-07-11 22:23:21 INFO translate_type - main: ****************************************************************************************************
2024-07-11 22:23:21 INFO translate_type - main: Java type:
String

Python type:
str

### Instruction:
Translate the following Java type to Python 3.10 type and write your response like the example above. Your previous translation attempt was incorrect. Here is the feedback:

The translated type from typing import TypeVar, Generic

T = TypeVar('T')

class AtomicReference(Generic[T]):
    def __init__(self, value: T):
        self.value = value

    def get(self) -> T:
        return self.value

    def Set(self, new_value: T) -> None:
        self.value = new_value

    def compare_and_Set(self, expected_value: T, new_value: T) -> bool:
        if self.value == expected_value:
            self.value = new_value
            return True
        else:
            return False is syntactically incorrect in Python 3.10.



A description of Java type is give as well:

Type Description:
Thrown when a serious I/O error has occurred

Java type:
java.io.IOError

### Response:
Python type:


2024-07-11 22:23:21 INFO translate_type - main: ****************************************************************************************************
2024-07-11 22:23:21 INFO _client - _send_single_request: HTTP Request: GET https://bam-api.res.ibm.com/v2/text/generation/limits?version=2023-11-22 "HTTP/1.1 200 OK"
2024-07-11 22:23:22 INFO _client - _send_single_request: HTTP Request: POST https://bam-api.res.ibm.com/v2/text/generation?version=2024-03-19 "HTTP/1.1 200 OK"
2024-07-11 22:23:22 INFO translate_type - main: Failed to translate java.io.IOError... trying again
2024-07-11 22:23:22 INFO translate_type - main: ****************************************************************************************************
2024-07-11 22:23:22 INFO translate_type - main: Java type:
String

Python type:
str

### Instruction:
Translate the following Java type to Python 3.10 type and write your response like the example above. Your previous translation attempt was incorrect. Here is the feedback:

The translated type from typing import TypeVar, Generic

T = TypeVar('T')

class AtomicReference(Generic[T]):
    def __init__(self, value: T):
        self.value = value

    def get(self) -> T:
        return self.value

    def Set(self, new_value: T) -> None:
        self.value = new_value

    def compare_and_Set(self, expected_value: T, new_value: T) -> bool:
        if self.value == expected_value:
            self.value = new_value
            return True
        else:
            return False is syntactically incorrect in Python 3.10.



A description of Java type is give as well:

Type Description:


Java type:
java.lang.ProcessBuilder.Redirect

### Response:
Python type:


2024-07-11 22:23:22 INFO translate_type - main: ****************************************************************************************************
2024-07-11 22:23:23 INFO _client - _send_single_request: HTTP Request: GET https://bam-api.res.ibm.com/v2/text/generation/limits?version=2023-11-22 "HTTP/1.1 200 OK"
2024-07-11 22:23:29 INFO _client - _send_single_request: HTTP Request: POST https://bam-api.res.ibm.com/v2/text/generation?version=2024-03-19 "HTTP/1.1 200 OK"
2024-07-11 22:23:29 INFO translate_type - main: Failed to translate java.lang.ProcessBuilder.Redirect... trying again
2024-07-11 22:23:29 INFO translate_type - main: Executable already translated to typing.Callable
2024-07-11 22:23:29 INFO translate_type - main: java.nio.file.Paths already translated to pathlib.Path
2024-07-11 22:23:29 INFO translate_type - main: EncodingTest already translated to EncodingTest
2024-07-11 22:23:29 INFO translate_type - main: java.io.BufferedReader already translated to io.BufferedReader
2024-07-11 22:23:29 INFO translate_type - main: Termios already translated to Termios
2024-07-11 22:23:29 INFO translate_type - main: java.util.Locale already translated to typing.Any
2024-07-11 22:23:29 INFO translate_type - main: java.io.UnsupportedEncodingException already translated to typing.Union[UnicodeEncodeError, UnicodeDecodeError]
2024-07-11 22:23:29 INFO translate_type - main: ****************************************************************************************************
2024-07-11 22:23:29 INFO translate_type - main: Java type:
String

Python type:
str

### Instruction:
Translate the following Java type to Python 3.10 type and write your response like the example above. Your previous translation attempt was incorrect. Here is the feedback:

The translated type from typing import TypeVar, Generic

T = TypeVar('T')

class AtomicReference(Generic[T]):
    def __init__(self, value: T):
        self.value = value

    def get(self) -> T:
        return self.value

    def Set(self, new_value: T) -> None:
        self.value = new_value

    def compare_and_Set(self, expected_value: T, new_value: T) -> bool:
        if self.value == expected_value:
            self.value = new_value
            return True
        else:
            return False is syntactically incorrect in Python 3.10.



A description of Java type is give as well:

Type Description:


Java type:
Ansi.Color

### Response:
Python type:


2024-07-11 22:23:29 INFO translate_type - main: ****************************************************************************************************
2024-07-11 22:23:29 INFO _client - _send_single_request: HTTP Request: GET https://bam-api.res.ibm.com/v2/text/generation/limits?version=2023-11-22 "HTTP/1.1 200 OK"
2024-07-11 22:23:32 INFO _client - _send_single_request: HTTP Request: POST https://bam-api.res.ibm.com/v2/text/generation?version=2024-03-19 "HTTP/1.1 200 OK"
2024-07-11 22:23:33 INFO translate_type - main: compile error for translated type from enum import Enum

class AnsiColor(Enum):
    BLACK = 30
    RED = 31
    GREEN = 32
    YELLOW = 33
    BLUE = 34
    MAGENTA = 35
    CYAN = 36
    WHITE = 37... trying again for Ansi.Color
2024-07-11 22:23:33 INFO translate_type - main: byte already translated to int
2024-07-11 22:23:33 INFO translate_type - main: java.util.ArrayList<Object> already translated to typing.List[typing.Any]
2024-07-11 22:23:33 INFO translate_type - main: java.lang.System already translated to typing.ModuleType
2024-07-11 22:23:33 INFO translate_type - main: INPUT_RECORD already translated to INPUT_RECORD
2024-07-11 22:23:33 INFO translate_type - main: java.util.Properties already translated to typing.Union[configparser.ConfigParser, typing.Dict]
2024-07-11 22:23:33 INFO translate_type - main: ****************************************************************************************************
2024-07-11 22:23:33 INFO translate_type - main: Java type:
String

Python type:
str

### Instruction:
Translate the following Java type to Python 3.10 type and write your response like the example above. Your previous translation attempt was incorrect. Here is the feedback:

The translated type from enum import Enum

class AnsiColor(Enum):
    BLACK = 30
    RED = 31
    GREEN = 32
    YELLOW = 33
    BLUE = 34
    MAGENTA = 35
    CYAN = 36
    WHITE = 37 is syntactically incorrect in Python 3.10.



A description of Java type is give as well:

Type Description:


Java type:
INPUT_RECORD[]

### Response:
Python type:


2024-07-11 22:23:33 INFO translate_type - main: ****************************************************************************************************
2024-07-11 22:23:33 INFO _client - _send_single_request: HTTP Request: GET https://bam-api.res.ibm.com/v2/text/generation/limits?version=2023-11-22 "HTTP/1.1 200 OK"
2024-07-11 22:23:34 INFO _client - _send_single_request: HTTP Request: POST https://bam-api.res.ibm.com/v2/text/generation?version=2024-03-19 "HTTP/1.1 200 OK"
2024-07-11 22:23:34 INFO translate_type - main: Failed to translate INPUT_RECORD[]... trying again
2024-07-11 22:23:34 INFO translate_type - main: Failed to translate INPUT_RECORD[]... skipping
2024-07-11 22:23:34 INFO translate_type - main: AnsiColors already translated to AnsiColors
2024-07-11 22:23:34 INFO translate_type - main: char already translated to str
2024-07-11 22:23:34 INFO translate_type - main: java.lang.Character already translated to str
2024-07-11 22:23:34 INFO translate_type - main: float already translated to float
2024-07-11 22:23:34 INFO translate_type - main: java.util.regex.Pattern already translated to re.Pattern
2024-07-11 22:23:34 INFO translate_type - main: java.io.FileInputStream already translated to typing.Union[io.FileIO, io.BufferedReader]
2024-07-11 22:23:34 INFO translate_type - main: CLibrary already translated to CLibrary
2024-07-11 22:23:34 INFO translate_type - main: JansiLoaderTest already translated to JansiLoaderTest
2024-07-11 22:23:34 INFO translate_type - main: void already translated to None
2024-07-11 22:23:34 INFO translate_type - main: java.lang.StringBuffer already translated to str
2024-07-11 22:23:34 INFO translate_type - main: java.io.FilterOutputStream already translated to typing.Union[io.BufferedWriter, io.RawIOBase]
2024-07-11 22:23:34 INFO translate_type - main: java.lang.reflect.Field already translated to typing.Any
2024-07-11 22:23:34 INFO translate_type - main: java.lang.Exception already translated to Exception
2024-07-11 22:23:34 INFO translate_type - main: Consumer already translated to Consumer
2024-07-11 22:23:34 INFO translate_type - main: java.lang.NullPointerException already translated to typing.Union[TypeError, AttributeError]
2024-07-11 22:23:34 INFO translate_type - main: Ansi already translated to Ansi
2024-07-11 22:23:34 INFO translate_type - main: AnsiConsoleExample already translated to AnsiConsoleExample
2024-07-11 22:23:34 INFO translate_type - main: KEY_EVENT_RECORD already translated to KEY_EVENT_RECORD
2024-07-11 22:23:34 INFO translate_type - main: Erase already translated to Erase
2024-07-11 22:23:34 INFO translate_type - main: java.lang.Integer already translated to int
2024-07-11 22:23:34 INFO translate_type - main: SMALL_RECT already translated to SMALL_RECT
2024-07-11 22:23:34 INFO translate_type - main: java.net.URL already translated to typing.Union[urllib.parse.ParseResult, urllib.parse.SplitResult, urllib.parse.DefragResult, str]
2024-07-11 22:23:34 INFO translate_type - main: java.nio.charset.Charset already translated to str
2024-07-11 22:23:34 INFO translate_type - main: java.util.List<String> already translated to typing.List[str]
2024-07-11 22:23:34 INFO translate_type - main: int already translated to int
2024-07-11 22:23:34 INFO translate_type - main: ColorsAnsiProcessor already translated to ColorsAnsiProcessor
2024-07-11 22:23:34 INFO translate_type - main: Code already translated to Code
2024-07-11 22:23:34 INFO translate_type - main: java.nio.file.Path already translated to pathlib.Path
2024-07-11 22:23:34 INFO translate_type - main: FastBufferedOutputStream already translated to FastBufferedOutputStream
2024-07-11 22:23:34 INFO translate_type - main: JansiLoader already translated to JansiLoader
2024-07-11 22:23:34 INFO translate_type - main: MENU_EVENT_RECORD already translated to MENU_EVENT_RECORD
2024-07-11 22:23:34 INFO translate_type - main: short already translated to int
2024-07-11 22:23:34 INFO translate_type - main: ****************************************************************************************************
2024-07-11 22:23:34 INFO translate_type - main: Java type:
String

Python type:
str

### Instruction:
Translate the following Java type to Python 3.10 type and write your response like the example above. A description of Java type is given as well:

Type Description:


Java type:
AnsiOutputStream.ZeroWidthSupplier

### Response:
Python type:


2024-07-11 22:23:34 INFO translate_type - main: ****************************************************************************************************
2024-07-11 22:23:35 INFO _client - _send_single_request: HTTP Request: GET https://bam-api.res.ibm.com/v2/text/generation/limits?version=2023-11-22 "HTTP/1.1 200 OK"
2024-07-11 22:23:37 INFO _client - _send_single_request: HTTP Request: POST https://bam-api.res.ibm.com/v2/text/generation?version=2024-03-19 "HTTP/1.1 200 OK"
2024-07-11 22:23:37 INFO translate_type - main: execution error for translated type Type(None)... trying again for AnsiOutputStream.ZeroWidthSupplier
2024-07-11 22:23:37 INFO translate_type - main: java.lang.Package already translated to typing.Any
2024-07-11 22:23:37 INFO translate_type - main: ****************************************************************************************************
2024-07-11 22:23:37 INFO translate_type - main: Java type:
String

Python type:
str

### Instruction:
Translate the following Java type to Python 3.10 type and write your response like the example above. Your previous translation attempt was incorrect. Here is the feedback:

    import sqlalchemy
ModuleNotFoundError: No module named 'sqlalchemy'

A description of Java type is give as well:

Type Description:


Java type:
CLibrary.WinSize

### Response:
Python type:


2024-07-11 22:23:37 INFO translate_type - main: ****************************************************************************************************
2024-07-11 22:23:37 INFO _client - _send_single_request: HTTP Request: GET https://bam-api.res.ibm.com/v2/text/generation/limits?version=2023-11-22 "HTTP/1.1 200 OK"
2024-07-11 22:23:40 INFO _client - _send_single_request: HTTP Request: POST https://bam-api.res.ibm.com/v2/text/generation?version=2024-03-19 "HTTP/1.1 200 OK"
2024-07-11 22:23:40 INFO translate_type - main: execution error for translated type cTypes.winTypes.tagWINDOWPLACEMENT... trying again for CLibrary.WinSize
2024-07-11 22:23:40 INFO translate_type - main: AnsiTest already translated to AnsiTest
2024-07-11 22:23:40 INFO translate_type - main: AnsiPrintStream already translated to AnsiPrintStream
2024-07-11 22:23:40 INFO translate_type - main: CONSOLE_SCREEN_BUFFER_INFO already translated to CONSOLE_SCREEN_BUFFER_INFO
2024-07-11 22:23:40 INFO translate_type - main: IoRunnable already translated to IoRunnable
2024-07-11 22:23:40 INFO translate_type - main: ****************************************************************************************************
2024-07-11 22:23:40 INFO translate_type - main: Java type:
String

Python type:
str

### Instruction:
Translate the following Java type to Python 3.10 type and write your response like the example above. Your previous translation attempt was incorrect. Here is the feedback:

    import sqlalchemy
ModuleNotFoundError: No module named 'sqlalchemy'

A description of Java type is give as well:

Type Description:
An iterator over a collection

Java type:
java.util.Iterator<Object>

### Response:
Python type:


2024-07-11 22:23:40 INFO translate_type - main: ****************************************************************************************************
2024-07-11 22:23:40 INFO _client - _send_single_request: HTTP Request: GET https://bam-api.res.ibm.com/v2/text/generation/limits?version=2023-11-22 "HTTP/1.1 200 OK"
2024-07-11 22:23:42 INFO _client - _send_single_request: HTTP Request: POST https://bam-api.res.ibm.com/v2/text/generation?version=2024-03-19 "HTTP/1.1 200 OK"
2024-07-11 22:23:42 INFO translate_type - main: compile error for translated type import collections.abc

collections.abc.Iterator... trying again for java.util.Iterator<Object>
2024-07-11 22:23:42 INFO translate_type - main: NoAnsi already translated to NoAnsi
2024-07-11 22:23:42 INFO translate_type - main: ****************************************************************************************************
2024-07-11 22:23:42 INFO translate_type - main: Java type:
String

Python type:
str

### Instruction:
Translate the following Java type to Python 3.10 type and write your response like the example above. Your previous translation attempt was incorrect. Here is the feedback:

The translated type import collections.abc

collections.abc.Iterator is syntactically incorrect in Python 3.10.



A description of Java type is give as well:

Type Description:


Java type:
AnsiOutputStream.WidthSupplier

### Response:
Python type:


2024-07-11 22:23:42 INFO translate_type - main: ****************************************************************************************************
2024-07-11 22:23:42 INFO _client - _send_single_request: HTTP Request: GET https://bam-api.res.ibm.com/v2/text/generation/limits?version=2023-11-22 "HTTP/1.1 200 OK"
2024-07-11 22:23:46 INFO _client - _send_single_request: HTTP Request: POST https://bam-api.res.ibm.com/v2/text/generation?version=2024-03-19 "HTTP/1.1 200 OK"
2024-07-11 22:23:47 INFO translate_type - main: compile error for translated type from typing import Callable

AnsiOutputStream_WidthSupplier = Callable[[], int]... trying again for AnsiOutputStream.WidthSupplier
2024-07-11 22:23:47 INFO translate_type - main: MOUSE_EVENT_RECORD already translated to MOUSE_EVENT_RECORD
2024-07-11 22:23:47 INFO translate_type - main: java.lang.SecurityException already translated to typing.Union[PermissionError, AccessDeniedError]
2024-07-11 22:23:47 INFO translate_type - main: java.util.Random already translated to random.Random
2024-07-11 22:23:47 INFO translate_type - main: java.util.Arrays already translated to typing.List
2024-07-11 22:23:47 INFO translate_type - main: double already translated to float
2024-07-11 22:23:47 INFO translate_type - main: java.util.regex.Matcher already translated to re.Match
2024-07-11 22:23:47 INFO translate_type - main: AnsiConsoleExample2 already translated to AnsiConsoleExample2
2024-07-11 22:23:47 INFO translate_type - main: Kernel32Test already translated to Kernel32Test
2024-07-11 22:23:47 INFO translate_type - main: java.util.ArrayList<Integer> already translated to typing.List[int]
2024-07-11 22:23:47 INFO translate_type - main: java.nio.charset.StandardCharsets already translated to codecs.Codec
2024-07-11 22:23:47 INFO translate_type - main: java.lang.Class<> already translated to typing.Type[typing.Any]
2024-07-11 22:23:47 INFO translate_type - main: ****************************************************************************************************
2024-07-11 22:23:47 INFO translate_type - main: Java type:
String

Python type:
str

### Instruction:
Translate the following Java type to Python 3.10 type and write your response like the example above. Your previous translation attempt was incorrect. Here is the feedback:

The translated type from typing import Callable

AnsiOutputStream_WidthSupplier = Callable[[], int] is syntactically incorrect in Python 3.10.



A description of Java type is give as well:

Type Description:
Thrown if the Java Virtual Machine cannot find an appropriate native-language definition of a method declared native

Java type:
java.lang.UnsatisfiedLinkError

### Response:
Python type:


2024-07-11 22:23:47 INFO translate_type - main: ****************************************************************************************************
2024-07-11 22:23:47 INFO _client - _send_single_request: HTTP Request: GET https://bam-api.res.ibm.com/v2/text/generation/limits?version=2023-11-22 "HTTP/1.1 200 OK"
2024-07-11 22:23:53 INFO _client - _send_single_request: HTTP Request: POST https://bam-api.res.ibm.com/v2/text/generation?version=2024-03-19 "HTTP/1.1 200 OK"
2024-07-11 22:23:53 INFO translate_type - main: compile error for translated type try:
    # code that might raise an error
except FileNotFoundError:
    # handle the error... trying again for java.lang.UnsatisfiedLinkError
2024-07-11 22:23:53 INFO translate_type - main: Failed to translate java.lang.UnsatisfiedLinkError... skipping
2024-07-11 22:23:53 INFO translate_type - main: Total success: 121
2024-07-11 22:23:53 INFO translate_type - main: Total failed: 4
